<?xml version="1.0" encoding="UTF-8"?>
<!-- Generated by org.testng.reporters.JUnitXMLReporter -->
<testsuite ignored="0" hostname="IN-PF42S2SA" failures="0" tests="4" name="Default test" time="16.662" errors="0" timestamp="2024-08-12T15:56:32 IST">
  <testcase classname="appium.com.testcases.FormPageTest" name="selectCountry" time="12.793"/>
  <testcase classname="appium.com.testcases.FormPageTest" name="setName" time="1.052"/>
  <testcase classname="appium.com.testcases.FormPageTest" name="selectGender" time="0.292"/>
  <testcase classname="appium.com.testcases.FormPageTest" name="submitForm" time="0.954"/>
</testsuite> <!-- Default test -->
