<?xml version="1.0" encoding="UTF-8"?>
<!-- Generated by org.testng.reporters.JUnitXMLReporter -->
<testsuite ignored="10" hostname="IN-PF42S2SA" failures="0" tests="12" name="Mobile Test" time="0.228" errors="0" timestamp="2024-08-12T16:13:32 IST">
  <testcase classname="appium.com.testcases.mobileBrowser.LoginPageTest" name="login" time="0.0">
    <skipped/>
  </testcase> <!-- login -->
  <testcase classname="appium.com.testcases.mobileBrowser.ProductCatalogPageTest" name="searchForProduct" time="0.0">
    <skipped/>
  </testcase> <!-- searchForProduct -->
  <testcase classname="appium.com.testcases.mobileBrowser.PDPPageTest" name="verifyTheProductNameInPDP" time="0.0">
    <skipped/>
  </testcase> <!-- verifyTheProductNameInPDP -->
  <testcase classname="appium.com.testcases.mobileBrowser.PDPPageTest" name="addProductToCart" time="0.0">
    <skipped/>
  </testcase> <!-- addProductToCart -->
  <testcase classname="appium.com.testcases.mobileBrowser.PDPPageTest" name="navigateToCartPage" time="0.0">
    <skipped/>
  </testcase> <!-- navigateToCartPage -->
  <testcase classname="appium.com.testcases.mobileBrowser.CartPageTest" name="verifyForProductInCart" time="0.0">
    <skipped/>
  </testcase> <!-- verifyForProductInCart -->
  <testcase classname="appium.com.testcases.mobileBrowser.CartPageTest" name="navigateToCheckoutPage" time="0.0">
    <skipped/>
  </testcase> <!-- navigateToCheckoutPage -->
  <testcase classname="appium.com.testcases.mobileBrowser.CheckoutPageTest" name="fillCheckoutDetails" time="0.0">
    <skipped/>
  </testcase> <!-- fillCheckoutDetails -->
  <testcase classname="appium.com.testcases.mobileBrowser.CheckoutPageTest" name="contineToOrder" time="0.0">
    <skipped/>
  </testcase> <!-- contineToOrder -->
  <testcase classname="appium.com.testcases.mobileBrowser.CheckoutPageTest" name="verifyTheProductInCheckout" time="0.0">
    <skipped/>
  </testcase> <!-- verifyTheProductInCheckout -->
  <testcase classname="appium.com.testcases.mobileBrowser.CheckoutPageTest" name="placeOder" time="0.0">
    <skipped/>
  </testcase> <!-- placeOder -->
  <testcase classname="appium.com.testcases.mobileBrowser.OrderConfirmationPageTest" name="verifyConfirmationMessage" time="0.0">
    <skipped/>
  </testcase> <!-- verifyConfirmationMessage -->
  <testcase classname="appium.com.common.CommonBaseTest" name="@AfterSuite tearDown" time="0.0">
    <ignored/>
  </testcase> <!-- @AfterSuite tearDown -->
  <testcase classname="appium.com.baseTest.MobileBrowserBaseTest" name="@BeforeSuite launchApplication" time="0.0">
    <ignored/>
  </testcase> <!-- @BeforeSuite launchApplication -->
  <testcase classname="appium.com.common.CommonBaseTest" name="@AfterSuite tearDown" time="0.0">
    <ignored/>
  </testcase> <!-- @AfterSuite tearDown -->
  <testcase classname="appium.com.baseTest.MobileBrowserBaseTest" name="@BeforeSuite launchApplication" time="0.0">
    <ignored/>
  </testcase> <!-- @BeforeSuite launchApplication -->
  <testcase classname="appium.com.baseTest.MobileBrowserBaseTest" name="@BeforeSuite launchApplication" time="0.0">
    <ignored/>
  </testcase> <!-- @BeforeSuite launchApplication -->
  <testcase classname="appium.com.common.CommonBaseTest" name="@AfterSuite tearDown" time="0.0">
    <ignored/>
  </testcase> <!-- @AfterSuite tearDown -->
  <testcase classname="appium.com.baseTest.MobileBrowserBaseTest" name="@BeforeSuite launchApplication" time="0.0">
    <ignored/>
  </testcase> <!-- @BeforeSuite launchApplication -->
  <testcase classname="appium.com.baseTest.MobileBrowserBaseTest" name="@BeforeSuite launchApplication" time="0.0">
    <ignored/>
  </testcase> <!-- @BeforeSuite launchApplication -->
  <testcase classname="appium.com.common.CommonBaseTest" name="@AfterSuite tearDown" time="0.0">
    <ignored/>
  </testcase> <!-- @AfterSuite tearDown -->
  <testcase classname="appium.com.common.CommonBaseTest" name="@AfterSuite tearDown" time="0.0">
    <ignored/>
  </testcase> <!-- @AfterSuite tearDown -->
</testsuite> <!-- Mobile Test -->
