<?xml version="1.0" encoding="UTF-8"?>
<!-- Generated by org.testng.reporters.JUnitXMLReporter -->
<testsuite ignored="10" hostname="IN-PF42S2SA" failures="0" tests="0" name="NativeApps-HybridApps" time="1.543" errors="0" timestamp="2024-08-09T10:37:13 IST">
  <testcase classname="appium.com.baseTest.MobileBrowserBaseTest" name="@BeforeSuite launchApplication" time="0.0">
    <ignored/>
  </testcase> <!-- @BeforeSuite launchApplication -->
  <testcase classname="appium.com.baseTest.MobileBrowserBaseTest" name="@BeforeSuite launchApplication" time="0.0">
    <ignored/>
  </testcase> <!-- @BeforeSuite launchApplication -->
  <testcase classname="appium.com.common.CommonBaseTest" name="@AfterSuite tearDown" time="0.0">
    <ignored/>
  </testcase> <!-- @AfterSuite tearDown -->
  <testcase classname="appium.com.baseTest.MobileBrowserBaseTest" name="@BeforeSuite launchApplication" time="0.0">
    <ignored/>
  </testcase> <!-- @BeforeSuite launchApplication -->
  <testcase classname="appium.com.baseTest.MobileBrowserBaseTest" name="@BeforeSuite launchApplication" time="0.0">
    <ignored/>
  </testcase> <!-- @BeforeSuite launchApplication -->
  <testcase classname="appium.com.common.CommonBaseTest" name="@AfterSuite tearDown" time="0.0">
    <ignored/>
  </testcase> <!-- @AfterSuite tearDown -->
  <testcase classname="appium.com.common.CommonBaseTest" name="@AfterSuite tearDown" time="0.0">
    <ignored/>
  </testcase> <!-- @AfterSuite tearDown -->
  <testcase classname="appium.com.baseTest.MobileBrowserBaseTest" name="@BeforeSuite launchApplication" time="0.0">
    <ignored/>
  </testcase> <!-- @BeforeSuite launchApplication -->
  <testcase classname="appium.com.common.CommonBaseTest" name="@AfterSuite tearDown" time="0.0">
    <ignored/>
  </testcase> <!-- @AfterSuite tearDown -->
  <testcase classname="appium.com.common.CommonBaseTest" name="@AfterSuite tearDown" time="0.0">
    <ignored/>
  </testcase> <!-- @AfterSuite tearDown -->
</testsuite> <!-- NativeApps-HybridApps -->
