<?xml version="1.0" encoding="UTF-8"?>
<!-- Generated by org.testng.reporters.JUnitXMLReporter -->
<testsuite ignored="0" hostname="IN-PF42S2SA" failures="2" tests="2" name="Test" time="196.758" errors="0" timestamp="2024-09-30T16:04:42 IST">
  <testcase classname="appium.com.standAloneTest.EcommerceTest" name="placeOrder" time="125.847">
    <failure type="org.openqa.selenium.NoSuchElementException" message="An element could not be located on the page using the given search parameters.
For documentation on this error, please visit: https://www.selenium.dev/documentation/webdriver/troubleshooting/errors#no-such-element-exception
Build info: version: &amp;apos;4.25.0&amp;apos;, revision: &amp;apos;8a8aea2337&amp;apos;
System info: os.name: &amp;apos;Windows 11&amp;apos;, os.arch: &amp;apos;amd64&amp;apos;, os.version: &amp;apos;10.0&amp;apos;, java.version: &amp;apos;17.0.10&amp;apos;
Driver info: io.appium.java_client.android.AndroidDriver
Command: [5c08ddb7-a884-428a-8ef8-45a549365fd7, findElement {using=-android uiautomator, value=new UiScrollable(new UiSelector()).scrollIntoView(text(&amp;quot;Argentina&amp;quot;))}]
Capabilities {appium:app: D:\APPIUM-AUTOMATION\Appium..., appium:appPackage: com.androidsample.generalstore, appium:automationName: UIAutomator2, appium:chromedriverExecutable: D:\APPIUM-AUTOMATION\Appium..., appium:databaseEnabled: false, appium:desired: {app: D:\APPIUM-AUTOMATION\Appium..., automationName: UIAutomator2, chromedriverExecutable: D:\APPIUM-AUTOMATION\Appium..., deviceName: DeviceEmulator, platformName: ANDROID}, appium:deviceApiLevel: 29, appium:deviceManufacturer: Xiaomi, appium:deviceModel: Redmi Note 9 Pro, appium:deviceName: f6480ff2, appium:deviceScreenDensity: 440, appium:deviceScreenSize: 1080x2400, appium:deviceUDID: f6480ff2, appium:javascriptEnabled: true, appium:locationContextEnabled: false, appium:networkConnectionEnabled: true, appium:pixelRatio: 2.75, appium:platformVersion: 10, appium:statBarHeight: 102, appium:takesScreenshot: true, appium:viewportRect: {height: 2298, left: 0, top: 102, width: 1080}, appium:warnings: {}, appium:webStorageEnabled: false, platformName: ANDROID}
Session ID: 5c08ddb7-a884-428a-8ef8-45a549365fd7">
      <![CDATA[org.openqa.selenium.NoSuchElementException: An element could not be located on the page using the given search parameters.
For documentation on this error, please visit: https://www.selenium.dev/documentation/webdriver/troubleshooting/errors#no-such-element-exception
Build info: version: '4.25.0', revision: '8a8aea2337'
System info: os.name: 'Windows 11', os.arch: 'amd64', os.version: '10.0', java.version: '17.0.10'
Driver info: io.appium.java_client.android.AndroidDriver
Command: [5c08ddb7-a884-428a-8ef8-45a549365fd7, findElement {using=-android uiautomator, value=new UiScrollable(new UiSelector()).scrollIntoView(text("Argentina"))}]
Capabilities {appium:app: D:\APPIUM-AUTOMATION\Appium..., appium:appPackage: com.androidsample.generalstore, appium:automationName: UIAutomator2, appium:chromedriverExecutable: D:\APPIUM-AUTOMATION\Appium..., appium:databaseEnabled: false, appium:desired: {app: D:\APPIUM-AUTOMATION\Appium..., automationName: UIAutomator2, chromedriverExecutable: D:\APPIUM-AUTOMATION\Appium..., deviceName: DeviceEmulator, platformName: ANDROID}, appium:deviceApiLevel: 29, appium:deviceManufacturer: Xiaomi, appium:deviceModel: Redmi Note 9 Pro, appium:deviceName: f6480ff2, appium:deviceScreenDensity: 440, appium:deviceScreenSize: 1080x2400, appium:deviceUDID: f6480ff2, appium:javascriptEnabled: true, appium:locationContextEnabled: false, appium:networkConnectionEnabled: true, appium:pixelRatio: 2.75, appium:platformVersion: 10, appium:statBarHeight: 102, appium:takesScreenshot: true, appium:viewportRect: {height: 2298, left: 0, top: 102, width: 1080}, appium:warnings: {}, appium:webStorageEnabled: false, platformName: ANDROID}
Session ID: 5c08ddb7-a884-428a-8ef8-45a549365fd7
at org.openqa.selenium.remote.ErrorCodec.decode(ErrorCodec.java:167)
at org.openqa.selenium.remote.codec.w3c.W3CHttpResponseCodec.decode(W3CHttpResponseCodec.java:138)
at org.openqa.selenium.remote.codec.w3c.W3CHttpResponseCodec.decode(W3CHttpResponseCodec.java:50)
at org.openqa.selenium.remote.HttpCommandExecutor.execute(HttpCommandExecutor.java:190)
at io.appium.java_client.remote.AppiumCommandExecutor.execute(AppiumCommandExecutor.java:237)
at org.openqa.selenium.remote.RemoteWebDriver.execute(RemoteWebDriver.java:545)
at org.openqa.selenium.remote.ElementLocation$ElementFinder$2.findElement(ElementLocation.java:165)
at org.openqa.selenium.remote.ElementLocation.findElement(ElementLocation.java:66)
at org.openqa.selenium.remote.RemoteWebDriver.findElement(RemoteWebDriver.java:368)
at org.openqa.selenium.remote.RemoteWebDriver.findElement(RemoteWebDriver.java:362)
at appium.com.utils.AndroidActions.scrollToText(AndroidActions.java:36)
at appium.com.pageObjectModels.FormPage.selectCountry(FormPage.java:40)
at appium.com.standAloneTest.EcommerceTest.placeOrder(EcommerceTest.java:39)
at java.base/java.util.ArrayList.forEach(ArrayList.java:1511)
... Removed 32 stack frames]]>
    </failure>
  </testcase> <!-- placeOrder -->
  <testcase classname="appium.com.standAloneTest.EcommerceTest" name="placeOrder" time="42.551">
    <failure type="org.openqa.selenium.StaleElementReferenceException" message="androidx.test.uiautomator.StaleObjectException
For documentation on this error, please visit: https://www.selenium.dev/documentation/webdriver/troubleshooting/errors#stale-element-reference-exception
Build info: version: &amp;apos;4.25.0&amp;apos;, revision: &amp;apos;8a8aea2337&amp;apos;
System info: os.name: &amp;apos;Windows 11&amp;apos;, os.arch: &amp;apos;amd64&amp;apos;, os.version: &amp;apos;10.0&amp;apos;, java.version: &amp;apos;17.0.10&amp;apos;
Driver info: io.appium.java_client.android.AndroidDriver
Command: [8869fdb5-a2a5-4a80-a0c7-b64edf64a008, clickElement {id=00000000-0000-0110-ffff-ffff0000001a}]
Capabilities {appium:app: D:\APPIUM-AUTOMATION\Appium..., appium:appPackage: com.androidsample.generalstore, appium:automationName: UIAutomator2, appium:chromedriverExecutable: D:\APPIUM-AUTOMATION\Appium..., appium:databaseEnabled: false, appium:desired: {app: D:\APPIUM-AUTOMATION\Appium..., automationName: UIAutomator2, chromedriverExecutable: D:\APPIUM-AUTOMATION\Appium..., deviceName: DeviceEmulator, platformName: ANDROID}, appium:deviceApiLevel: 29, appium:deviceManufacturer: Xiaomi, appium:deviceModel: Redmi Note 9 Pro, appium:deviceName: f6480ff2, appium:deviceScreenDensity: 440, appium:deviceScreenSize: 1080x2400, appium:deviceUDID: f6480ff2, appium:javascriptEnabled: true, appium:locationContextEnabled: false, appium:networkConnectionEnabled: true, appium:pixelRatio: 2.75, appium:platformVersion: 10, appium:statBarHeight: 102, appium:takesScreenshot: true, appium:viewportRect: {height: 2298, left: 0, top: 102, width: 1080}, appium:warnings: {}, appium:webStorageEnabled: false, platformName: ANDROID}
Element: [[AndroidDriver:  on ANDROID (8869fdb5-a2a5-4a80-a0c7-b64edf64a008)] -&amp;gt; id: com.androidsample.generalstore:id/spinnerCountry]
Session ID: 8869fdb5-a2a5-4a80-a0c7-b64edf64a008">
      <![CDATA[org.openqa.selenium.StaleElementReferenceException: androidx.test.uiautomator.StaleObjectException
For documentation on this error, please visit: https://www.selenium.dev/documentation/webdriver/troubleshooting/errors#stale-element-reference-exception
Build info: version: '4.25.0', revision: '8a8aea2337'
System info: os.name: 'Windows 11', os.arch: 'amd64', os.version: '10.0', java.version: '17.0.10'
Driver info: io.appium.java_client.android.AndroidDriver
Command: [8869fdb5-a2a5-4a80-a0c7-b64edf64a008, clickElement {id=00000000-0000-0110-ffff-ffff0000001a}]
Capabilities {appium:app: D:\APPIUM-AUTOMATION\Appium..., appium:appPackage: com.androidsample.generalstore, appium:automationName: UIAutomator2, appium:chromedriverExecutable: D:\APPIUM-AUTOMATION\Appium..., appium:databaseEnabled: false, appium:desired: {app: D:\APPIUM-AUTOMATION\Appium..., automationName: UIAutomator2, chromedriverExecutable: D:\APPIUM-AUTOMATION\Appium..., deviceName: DeviceEmulator, platformName: ANDROID}, appium:deviceApiLevel: 29, appium:deviceManufacturer: Xiaomi, appium:deviceModel: Redmi Note 9 Pro, appium:deviceName: f6480ff2, appium:deviceScreenDensity: 440, appium:deviceScreenSize: 1080x2400, appium:deviceUDID: f6480ff2, appium:javascriptEnabled: true, appium:locationContextEnabled: false, appium:networkConnectionEnabled: true, appium:pixelRatio: 2.75, appium:platformVersion: 10, appium:statBarHeight: 102, appium:takesScreenshot: true, appium:viewportRect: {height: 2298, left: 0, top: 102, width: 1080}, appium:warnings: {}, appium:webStorageEnabled: false, platformName: ANDROID}
Element: [[AndroidDriver:  on ANDROID (8869fdb5-a2a5-4a80-a0c7-b64edf64a008)] -> id: com.androidsample.generalstore:id/spinnerCountry]
Session ID: 8869fdb5-a2a5-4a80-a0c7-b64edf64a008
at org.openqa.selenium.remote.ErrorCodec.decode(ErrorCodec.java:167)
at org.openqa.selenium.remote.codec.w3c.W3CHttpResponseCodec.decode(W3CHttpResponseCodec.java:138)
at org.openqa.selenium.remote.codec.w3c.W3CHttpResponseCodec.decode(W3CHttpResponseCodec.java:50)
at org.openqa.selenium.remote.HttpCommandExecutor.execute(HttpCommandExecutor.java:190)
at io.appium.java_client.remote.AppiumCommandExecutor.execute(AppiumCommandExecutor.java:237)
at org.openqa.selenium.remote.RemoteWebDriver.execute(RemoteWebDriver.java:545)
at org.openqa.selenium.remote.RemoteWebElement.execute(RemoteWebElement.java:223)
at org.openqa.selenium.remote.RemoteWebElement.click(RemoteWebElement.java:76)
at io.appium.java_client.pagefactory.ElementInterceptor.getObject(ElementInterceptor.java:42)
at io.appium.java_client.pagefactory.interceptors.InterceptorOfASingleElement.call(InterceptorOfASingleElement.java:79)
at io.appium.java_client.proxy.Interceptor.intercept(Interceptor.java:78)
at org.openqa.selenium.remote.RemoteWebElement$ByteBuddy$3W1CAYpN.click(Unknown Source)
at appium.com.pageObjectModels.FormPage.selectCountry(FormPage.java:39)
at appium.com.standAloneTest.EcommerceTest.placeOrder(EcommerceTest.java:39)
at java.base/java.util.ArrayList.forEach(ArrayList.java:1511)
... Removed 36 stack frames]]>
    </failure>
  </testcase> <!-- placeOrder -->
</testsuite> <!-- Test -->
