<?xml version="1.0" encoding="UTF-8"?>
<!-- Generated by org.testng.reporters.JUnitXMLReporter -->
<testsuite ignored="6" hostname="IN-PF42S2SA" failures="0" tests="15" name="Test" time="44.333" errors="0" timestamp="2024-08-12T17:15:31 IST">
  <testcase classname="appium.com.testcases.FormPageTest" name="selectCountry" time="11.718"/>
  <testcase classname="appium.com.testcases.FormPageTest" name="setName" time="0.983"/>
  <testcase classname="appium.com.testcases.FormPageTest" name="selectGender" time="0.272"/>
  <testcase classname="appium.com.testcases.FormPageTest" name="submitForm" time="1.836"/>
  <testcase classname="appium.com.testcases.CatalogPageTest" name="addItemToCart" time="2.362"/>
  <testcase classname="appium.com.testcases.CatalogPageTest" name="goToCartPage" time="3.164"/>
  <testcase classname="appium.com.testcases.CartPageTest" name="verifyTheCartForProduct" time="0.218"/>
  <testcase classname="appium.com.testcases.CartPageTest" name="verifySumOfProductPrice" time="0.157"/>
  <testcase classname="appium.com.testcases.CartPageTest" name="verifyTheTotalAmountDisplayed" time="0.053"/>
  <testcase classname="appium.com.testcases.CartPageTest" name="verifyTermsAndConditions" time="3.721"/>
  <testcase classname="appium.com.testcases.CartPageTest" name="applyDiscount" time="0.698"/>
  <testcase classname="appium.com.testcases.CartPageTest" name="placeOrder" time="10.879"/>
  <testcase classname="appium.com.testcases.HybridAppTest" name="switchContext" time="2.304"/>
  <testcase classname="appium.com.testcases.HybridAppTest" name="performActionOnWeb" time="1.571"/>
  <testcase classname="appium.com.testcases.HybridAppTest" name="switchBackToNative" time="2.604"/>
  <testcase classname="appium.com.common.CommonBaseTest" name="@AfterSuite tearDown" time="0.0">
    <ignored/>
  </testcase> <!-- @AfterSuite tearDown -->
  <testcase classname="appium.com.baseTest.BaseTest" name="@BeforeSuite launchApplication" time="0.0">
    <ignored/>
  </testcase> <!-- @BeforeSuite launchApplication -->
  <testcase classname="appium.com.common.CommonBaseTest" name="@AfterSuite tearDown" time="0.0">
    <ignored/>
  </testcase> <!-- @AfterSuite tearDown -->
  <testcase classname="appium.com.baseTest.BaseTest" name="@BeforeSuite launchApplication" time="0.0">
    <ignored/>
  </testcase> <!-- @BeforeSuite launchApplication -->
  <testcase classname="appium.com.baseTest.BaseTest" name="@BeforeSuite launchApplication" time="0.0">
    <ignored/>
  </testcase> <!-- @BeforeSuite launchApplication -->
  <testcase classname="appium.com.common.CommonBaseTest" name="@AfterSuite tearDown" time="0.0">
    <ignored/>
  </testcase> <!-- @AfterSuite tearDown -->
</testsuite> <!-- Test -->
