<?xml version="1.0" encoding="UTF-8"?>
<testsuite xmlns:xsi="http://www.w3.org/2001/XMLSchema-instance" xsi:noNamespaceSchemaLocation="https://maven.apache.org/surefire/maven-surefire-plugin/xsd/surefire-test-report.xsd" version="3.0.1" name="TestSuite" time="46.121" tests="26" errors="0" skipped="25" failures="1">
  <properties>
[...]
</properties>
  <testcase name="launchApplication" classname="appium.com.testcases.FormPageTest" time="42.63">
    <failure message="Could not start a new session. Response code 500. Message: An unknown server-side error occurred while processing the command. Original error: Could not find a connected Android device in 20000ms &#10;Host info: host: &apos;IN-PF42S2SA&apos;, ip: &apos;192.168.31.114&apos;&#10;Build info: version: &apos;4.23.1&apos;, revision: &apos;656257d8e9&apos;&#10;System info: os.name: &apos;Windows 11&apos;, os.arch: &apos;amd64&apos;, os.version: &apos;10.0&apos;, java.version: &apos;21.0.3&apos;&#10;Driver info: io.appium.java_client.android.AndroidDriver&#10;Command: [null, newSession {capabilities=[Capabilities {appium:app: D:\APPIUM-AUTOMATION\Appium..., appium:automationName: UIAutomator2, appium:chromedriverExecutable: D:\APPIUM-AUTOMATION\Appium..., appium:deviceName: DeviceEmulator, platformName: ANDROID}]}]&#10;Capabilities {appium:app: D:\APPIUM-AUTOMATION\Appium..., appium:automationName: UIAutomator2, appium:chromedriverExecutable: D:\APPIUM-AUTOMATION\Appium..., appium:deviceName: DeviceEmulator, platformName: ANDROID}" type="org.openqa.selenium.SessionNotCreatedException"><![CDATA[org.openqa.selenium.SessionNotCreatedException: 
Could not start a new session. Response code 500. Message: An unknown server-side error occurred while processing the command. Original error: Could not find a connected Android device in 20000ms 
Host info: host: 'IN-PF42S2SA', ip: '192.168.31.114'
Build info: version: '4.23.1', revision: '656257d8e9'
System info: os.name: 'Windows 11', os.arch: 'amd64', os.version: '10.0', java.version: '21.0.3'
Driver info: io.appium.java_client.android.AndroidDriver
Command: [null, newSession {capabilities=[Capabilities {appium:app: D:\APPIUM-AUTOMATION\Appium..., appium:automationName: UIAutomator2, appium:chromedriverExecutable: D:\APPIUM-AUTOMATION\Appium..., appium:deviceName: DeviceEmulator, platformName: ANDROID}]}]
Capabilities {appium:app: D:\APPIUM-AUTOMATION\Appium..., appium:automationName: UIAutomator2, appium:chromedriverExecutable: D:\APPIUM-AUTOMATION\Appium..., appium:deviceName: DeviceEmulator, platformName: ANDROID}
	at org.openqa.selenium.remote.ProtocolHandshake.createSession(ProtocolHandshake.java:114)
	at org.openqa.selenium.remote.ProtocolHandshake.createSession(ProtocolHandshake.java:75)
	at org.openqa.selenium.remote.ProtocolHandshake.createSession(ProtocolHandshake.java:61)
	at io.appium.java_client.remote.AppiumCommandExecutor.createSession(AppiumCommandExecutor.java:176)
	at io.appium.java_client.remote.AppiumCommandExecutor.execute(AppiumCommandExecutor.java:237)
	at org.openqa.selenium.remote.RemoteWebDriver.execute(RemoteWebDriver.java:545)
	at io.appium.java_client.AppiumDriver.startSession(AppiumDriver.java:270)
	at org.openqa.selenium.remote.RemoteWebDriver.<init>(RemoteWebDriver.java:174)
	at io.appium.java_client.AppiumDriver.<init>(AppiumDriver.java:91)
	at io.appium.java_client.AppiumDriver.<init>(AppiumDriver.java:103)
	at io.appium.java_client.android.AndroidDriver.<init>(AndroidDriver.java:109)
	at appium.com.common.CommonBaseTest.configureDriverForApp(CommonBaseTest.java:68)
	at appium.com.baseTest.BaseTest.launchApplication(BaseTest.java:24)
	at java.base/jdk.internal.reflect.DirectMethodHandleAccessor.invoke(DirectMethodHandleAccessor.java:103)
	at java.base/java.lang.reflect.Method.invoke(Method.java:580)
	at org.testng.internal.invokers.MethodInvocationHelper.invokeMethod(MethodInvocationHelper.java:141)
	at org.testng.internal.invokers.MethodInvocationHelper.invokeMethodConsideringTimeout(MethodInvocationHelper.java:71)
	at org.testng.internal.invokers.ConfigInvoker.invokeConfigurationMethod(ConfigInvoker.java:400)
	at org.testng.internal.invokers.ConfigInvoker.invokeConfigurations(ConfigInvoker.java:333)
	at org.testng.SuiteRunner.privateRun(SuiteRunner.java:358)
	at org.testng.SuiteRunner.run(SuiteRunner.java:312)
	at org.testng.SuiteRunnerWorker.runSuite(SuiteRunnerWorker.java:52)
	at org.testng.SuiteRunnerWorker.run(SuiteRunnerWorker.java:95)
	at org.testng.TestNG.runSuitesSequentially(TestNG.java:1274)
	at org.testng.TestNG.runSuitesLocally(TestNG.java:1208)
	at org.testng.TestNG.runSuites(TestNG.java:1112)
	at org.testng.TestNG.run(TestNG.java:1079)
	at org.apache.maven.surefire.testng.TestNGExecutor.run(TestNGExecutor.java:308)
	at org.apache.maven.surefire.testng.TestNGXmlTestSuite.execute(TestNGXmlTestSuite.java:71)
	at org.apache.maven.surefire.testng.TestNGProvider.invoke(TestNGProvider.java:113)
	at org.apache.maven.surefire.booter.ForkedBooter.runSuitesInProcess(ForkedBooter.java:385)
	at org.apache.maven.surefire.booter.ForkedBooter.execute(ForkedBooter.java:162)
	at org.apache.maven.surefire.booter.ForkedBooter.run(ForkedBooter.java:507)
	at org.apache.maven.surefire.booter.ForkedBooter.main(ForkedBooter.java:495)
]]></failure>
    <system-out><![CDATA[[INFO ] 2024-08-13 14:05:52.365 [main] CommonBaseTest - Starting Appium Server
&amp#27;[38;5;112m[Appium]&amp#27;[0m Welcome to Appium v2.11.2
&amp#27;[38;5;112m[Appium]&amp#27;[0m Non-default server args:
&amp#27;[38;5;112m[Appium]&amp#27;[0m { address: &amp#27;[32m'127.0.0.1'&amp#27;[39m }
&amp#27;[38;5;112m[Appium]&amp#27;[0m The autodetected Appium home path: C:\Users\Gagana.CM\.appium
&amp#27;[38;5;112m[Appium]&amp#27;[0m Attempting to load driver uiautomator2...
&amp#27;[38;5;112m[Appium]&amp#27;[0m Requiring driver at C:\Users\Gagana.CM\.appium\node_modules\appium-uiautomator2-driver\build\index.js
&amp#27;[38;5;112m[Appium]&amp#27;[0m AndroidUiautomator2Driver has been successfully loaded in 8.150s
&amp#27;[38;5;112m[Appium]&amp#27;[0m Appium REST http interface listener started on http://127.0.0.1:4723
&amp#27;[38;5;112m[Appium]&amp#27;[0m Available drivers:
&amp#27;[38;5;112m[Appium]&amp#27;[0m   - uiautomator2@3.7.4 (automationName 'UiAutomator2')
&amp#27;[38;5;112m[Appium]&amp#27;[0m No plugins have been installed. Use the "appium plugin" command to install the one(s) you want to use.
&amp#27;[38;5;86m[HTTP]&amp#27;[0m &amp#27;[37m-->&amp#27;[39m &amp#27;[37mGET&amp#27;[39m &amp#27;[37m/status&amp#27;[39m &amp#27;[90m{}&amp#27;[39m
&amp#27;[38;5;210m[AppiumDriver@ea1e]&amp#27;[0m Calling AppiumDriver.getStatus() with args: []
&amp#27;[38;5;210m[AppiumDriver@ea1e]&amp#27;[0m Responding to client with driver.getStatus() result: {"ready":true,"message":"The server is ready to accept new connections","build":{"version":"2.11.2"}}
&amp#27;[38;5;86m[HTTP]&amp#27;[0m &amp#27;[37m<-- GET /status &amp#27;[39m&amp#27;[32m200&amp#27;[39m &amp#27;[90m7 ms - 111&amp#27;[39m &amp#27;[90m&amp#27;[39m
[INFO ] 2024-08-13 14:06:10.079 [main] CommonBaseTest - Staring UiAutomator2Options
[INFO ] 2024-08-13 14:06:10.095 [main] CommonBaseTest - Android driver Creation for Native Apps-Hybrid Apps
&amp#27;[38;5;86m[HTTP]&amp#27;[0m Request idempotency key: 16bed189-07a2-44b5-8ed2-b0e2e2bbad7f
&amp#27;[38;5;86m[HTTP]&amp#27;[0m &amp#27;[37m-->&amp#27;[39m &amp#27;[37mPOST&amp#27;[39m &amp#27;[37m/session&amp#27;[39m &amp#27;[90m{"capabilities":{"firstMatch":[{"appium:chromedriverExecutable":"D:\\APPIUM-AUTOMATION\\Appium Workspace\\AppiumFramework-Android\\driver\\chromedriver.exe","appium:deviceName":"DeviceEmulator","platformName":"ANDROID","appium:automationName":"UIAutomator2","appium:app":"D:\\APPIUM-AUTOMATION\\Appium Workspace\\AppiumFramework-Android\\src\\test\\java\\appium\\com\\data\\General-Store.apk"}]}}&amp#27;[39m
&amp#27;[38;5;210m[AppiumDriver@ea1e]&amp#27;[0m Calling AppiumDriver.createSession() with args: [null,null,{"firstMatch":[{"appium:chromedriverExecutable":"D:\\APPIUM-AUTOMATION\\Appium Workspace\\AppiumFramework-Android\\driver\\chromedriver.exe","appium:deviceName":"DeviceEmulator","platformName":"ANDROID","appium:automationName":"UIAutomator2","appium:app":"D:\\APPIUM-AUTOMATION\\Appium Workspace\\AppiumFramework-Android\\src\\test\\java\\appium\\com\\data\\General-Store.apk"}]}]
&amp#27;[38;5;210m[AppiumDriver@ea1e]&amp#27;[0m Event 'newSessionRequested' logged at 1723538170432 (14:06:10 GMT+0530 (India Standard Time))
&amp#27;[38;5;112m[Appium]&amp#27;[0m Attempting to find matching driver for automationName 'UIAutomator2' and platformName 'ANDROID'
&amp#27;[38;5;112m[Appium]&amp#27;[0m The 'uiautomator2' driver was installed and matched caps.
&amp#27;[38;5;112m[Appium]&amp#27;[0m Will require it at C:\Users\Gagana.CM\.appium\node_modules\appium-uiautomator2-driver
&amp#27;[38;5;112m[Appium]&amp#27;[0m Requiring driver at C:\Users\Gagana.CM\.appium\node_modules\appium-uiautomator2-driver\build\index.js
&amp#27;[38;5;210m[AppiumDriver@ea1e]&amp#27;[0m Appium v2.11.2 creating new AndroidUiautomator2Driver (v3.7.4) session
&amp#27;[38;5;210m[AppiumDriver@ea1e]&amp#27;[0m Checking BaseDriver versions for Appium and AndroidUiautomator2Driver
&amp#27;[38;5;210m[AppiumDriver@ea1e]&amp#27;[0m Appium's BaseDriver version is 9.11.2
&amp#27;[38;5;210m[AppiumDriver@ea1e]&amp#27;[0m AndroidUiautomator2Driver's BaseDriver version is 9.11.2
&amp#27;[38;5;-94m[AndroidUiautomator2Driver@c95b]&amp#27;[0m undefined
&amp#27;[38;5;-94m[AndroidUiautomator2Driver@c95b]&amp#27;[0m Creating session with W3C capabilities: {
  "alwaysMatch": {
    "platformName": "ANDROID",
    "appium:chromedriverExecutable": "D:\\APPIUM-AUTOMATION\\Appium Workspace\\AppiumFramework-Android\\driver\\chromedriver.exe",
    "appium:deviceName": "DeviceEmulator",
    "appium:automationName": "UIAutomator2",
    "appium:app": "D:\\APPIUM-AUTOMATION\\Appium Workspace\\AppiumFramework-Android\\src\\test\\java\\appium\\com\\data\\General-Store.apk"
  },
  "firstMatch": [
    {}
  ]
}
&amp#27;[38;5;202m[d5f09b3a]&amp#27;[0m&amp#27;[38;5;-94m[AndroidUiautomator2Driver@c95b]&amp#27;[0m Session created with session id: d5f09b3a-99cd-4791-a2ac-255008474892
&amp#27;[38;5;202m[d5f09b3a]&amp#27;[0m&amp#27;[38;5;229m[ADB]&amp#27;[0m Found 2 'build-tools' folders under 'C:\Users\Gagana.CM\AppData\Local\Android\Sdk' (newest first):
&amp#27;[38;5;202m[d5f09b3a]&amp#27;[0m&amp#27;[38;5;229m[ADB]&amp#27;[0m     C:\Users\Gagana.CM\AppData\Local\Android\Sdk\build-tools\35.0.0
&amp#27;[38;5;202m[d5f09b3a]&amp#27;[0m&amp#27;[38;5;229m[ADB]&amp#27;[0m     C:\Users\Gagana.CM\AppData\Local\Android\Sdk\build-tools\34.0.0
&amp#27;[38;5;202m[d5f09b3a]&amp#27;[0m&amp#27;[38;5;229m[ADB]&amp#27;[0m Using 'adb.exe' from 'C:\Users\Gagana.CM\AppData\Local\Android\Sdk\platform-tools\adb.exe'
&amp#27;[38;5;202m[d5f09b3a]&amp#27;[0m&amp#27;[38;5;229m[ADB]&amp#27;[0m Running 'C:\Users\Gagana.CM\AppData\Local\Android\Sdk\platform-tools\adb.exe -P 5037 start-server'
&amp#27;[38;5;202m[d5f09b3a]&amp#27;[0m&amp#27;[38;5;-94m[AndroidUiautomator2Driver@c95b]&amp#27;[0m Retrieving device list
&amp#27;[38;5;202m[d5f09b3a]&amp#27;[0m&amp#27;[38;5;229m[ADB]&amp#27;[0m Trying to find connected Android devices
&amp#27;[38;5;202m[d5f09b3a]&amp#27;[0m&amp#27;[38;5;229m[ADB]&amp#27;[0m Getting connected devices
&amp#27;[38;5;202m[d5f09b3a]&amp#27;[0m&amp#27;[38;5;229m[ADB]&amp#27;[0m No connected devices have been detected
&amp#27;[38;5;202m[d5f09b3a]&amp#27;[0m&amp#27;[38;5;229m[ADB]&amp#27;[0m Could not find online devices
&amp#27;[38;5;202m[d5f09b3a]&amp#27;[0m&amp#27;[38;5;229m[ADB]&amp#27;[0m Reconnecting adb (target offline)
&amp#27;[38;5;202m[d5f09b3a]&amp#27;[0m&amp#27;[38;5;229m[ADB]&amp#27;[0m Running 'C:\Users\Gagana.CM\AppData\Local\Android\Sdk\platform-tools\adb.exe -P 5037 reconnect offline'
&amp#27;[38;5;202m[d5f09b3a]&amp#27;[0m&amp#27;[38;5;229m[ADB]&amp#27;[0m Getting connected devices
&amp#27;[38;5;202m[d5f09b3a]&amp#27;[0m&amp#27;[38;5;229m[ADB]&amp#27;[0m No connected devices have been detected
&amp#27;[38;5;202m[d5f09b3a]&amp#27;[0m&amp#27;[38;5;229m[ADB]&amp#27;[0m Could not find online devices
&amp#27;[38;5;202m[d5f09b3a]&amp#27;[0m&amp#27;[38;5;229m[ADB]&amp#27;[0m Reconnecting adb (target offline)
&amp#27;[38;5;202m[d5f09b3a]&amp#27;[0m&amp#27;[38;5;229m[ADB]&amp#27;[0m Running 'C:\Users\Gagana.CM\AppData\Local\Android\Sdk\platform-tools\adb.exe -P 5037 reconnect offline'
&amp#27;[38;5;202m[d5f09b3a]&amp#27;[0m&amp#27;[38;5;229m[ADB]&amp#27;[0m Getting connected devices
&amp#27;[38;5;202m[d5f09b3a]&amp#27;[0m&amp#27;[38;5;229m[ADB]&amp#27;[0m No connected devices have been detected
&amp#27;[38;5;202m[d5f09b3a]&amp#27;[0m&amp#27;[38;5;229m[ADB]&amp#27;[0m Could not find online devices
&amp#27;[38;5;202m[d5f09b3a]&amp#27;[0m&amp#27;[38;5;229m[ADB]&amp#27;[0m Reconnecting adb (target offline)
&amp#27;[38;5;202m[d5f09b3a]&amp#27;[0m&amp#27;[38;5;229m[ADB]&amp#27;[0m Running 'C:\Users\Gagana.CM\AppData\Local\Android\Sdk\platform-tools\adb.exe -P 5037 reconnect offline'
&amp#27;[38;5;202m[d5f09b3a]&amp#27;[0m&amp#27;[38;5;229m[ADB]&amp#27;[0m Getting connected devices
&amp#27;[38;5;202m[d5f09b3a]&amp#27;[0m&amp#27;[38;5;229m[ADB]&amp#27;[0m No connected devices have been detected
&amp#27;[38;5;202m[d5f09b3a]&amp#27;[0m&amp#27;[38;5;229m[ADB]&amp#27;[0m Could not find online devices
&amp#27;[38;5;202m[d5f09b3a]&amp#27;[0m&amp#27;[38;5;229m[ADB]&amp#27;[0m Reconnecting adb (target offline)
&amp#27;[38;5;202m[d5f09b3a]&amp#27;[0m&amp#27;[38;5;229m[ADB]&amp#27;[0m Running 'C:\Users\Gagana.CM\AppData\Local\Android\Sdk\platform-tools\adb.exe -P 5037 reconnect offline'
&amp#27;[38;5;202m[d5f09b3a]&amp#27;[0m&amp#27;[38;5;229m[ADB]&amp#27;[0m Getting connected devices
&amp#27;[38;5;202m[d5f09b3a]&amp#27;[0m&amp#27;[38;5;229m[ADB]&amp#27;[0m No connected devices have been detected
&amp#27;[38;5;202m[d5f09b3a]&amp#27;[0m&amp#27;[38;5;229m[ADB]&amp#27;[0m Could not find online devices
&amp#27;[38;5;202m[d5f09b3a]&amp#27;[0m&amp#27;[38;5;229m[ADB]&amp#27;[0m Reconnecting adb (target offline)
&amp#27;[38;5;202m[d5f09b3a]&amp#27;[0m&amp#27;[38;5;229m[ADB]&amp#27;[0m Running 'C:\Users\Gagana.CM\AppData\Local\Android\Sdk\platform-tools\adb.exe -P 5037 reconnect offline'
&amp#27;[38;5;202m[d5f09b3a]&amp#27;[0m&amp#27;[38;5;229m[ADB]&amp#27;[0m Getting connected devices
&amp#27;[38;5;202m[d5f09b3a]&amp#27;[0m&amp#27;[38;5;229m[ADB]&amp#27;[0m No connected devices have been detected
&amp#27;[38;5;202m[d5f09b3a]&amp#27;[0m&amp#27;[38;5;229m[ADB]&amp#27;[0m Could not find online devices
&amp#27;[38;5;202m[d5f09b3a]&amp#27;[0m&amp#27;[38;5;229m[ADB]&amp#27;[0m Reconnecting adb (target offline)
&amp#27;[38;5;202m[d5f09b3a]&amp#27;[0m&amp#27;[38;5;229m[ADB]&amp#27;[0m Running 'C:\Users\Gagana.CM\AppData\Local\Android\Sdk\platform-tools\adb.exe -P 5037 reconnect offline'
&amp#27;[38;5;202m[d5f09b3a]&amp#27;[0m&amp#27;[38;5;229m[ADB]&amp#27;[0m Getting connected devices
&amp#27;[38;5;202m[d5f09b3a]&amp#27;[0m&amp#27;[38;5;229m[ADB]&amp#27;[0m No connected devices have been detected
&amp#27;[38;5;202m[d5f09b3a]&amp#27;[0m&amp#27;[38;5;229m[ADB]&amp#27;[0m Could not find online devices
&amp#27;[38;5;202m[d5f09b3a]&amp#27;[0m&amp#27;[38;5;229m[ADB]&amp#27;[0m Reconnecting adb (target offline)
&amp#27;[38;5;202m[d5f09b3a]&amp#27;[0m&amp#27;[38;5;229m[ADB]&amp#27;[0m Running 'C:\Users\Gagana.CM\AppData\Local\Android\Sdk\platform-tools\adb.exe -P 5037 reconnect offline'
&amp#27;[38;5;202m[d5f09b3a]&amp#27;[0m&amp#27;[38;5;229m[ADB]&amp#27;[0m Getting connected devices
&amp#27;[38;5;202m[d5f09b3a]&amp#27;[0m&amp#27;[38;5;229m[ADB]&amp#27;[0m No connected devices have been detected
&amp#27;[38;5;202m[d5f09b3a]&amp#27;[0m&amp#27;[38;5;229m[ADB]&amp#27;[0m Could not find online devices
&amp#27;[38;5;202m[d5f09b3a]&amp#27;[0m&amp#27;[38;5;229m[ADB]&amp#27;[0m Reconnecting adb (target offline)
&amp#27;[38;5;202m[d5f09b3a]&amp#27;[0m&amp#27;[38;5;229m[ADB]&amp#27;[0m Running 'C:\Users\Gagana.CM\AppData\Local\Android\Sdk\platform-tools\adb.exe -P 5037 reconnect offline'
&amp#27;[38;5;202m[d5f09b3a]&amp#27;[0m&amp#27;[38;5;229m[ADB]&amp#27;[0m Getting connected devices
&amp#27;[38;5;202m[d5f09b3a]&amp#27;[0m&amp#27;[38;5;229m[ADB]&amp#27;[0m No connected devices have been detected
&amp#27;[38;5;202m[d5f09b3a]&amp#27;[0m&amp#27;[38;5;229m[ADB]&amp#27;[0m Could not find online devices
&amp#27;[38;5;202m[d5f09b3a]&amp#27;[0m&amp#27;[38;5;229m[ADB]&amp#27;[0m Reconnecting adb (target offline)
&amp#27;[38;5;202m[d5f09b3a]&amp#27;[0m&amp#27;[38;5;229m[ADB]&amp#27;[0m Running 'C:\Users\Gagana.CM\AppData\Local\Android\Sdk\platform-tools\adb.exe -P 5037 reconnect offline'
&amp#27;[38;5;202m[d5f09b3a]&amp#27;[0m&amp#27;[38;5;229m[ADB]&amp#27;[0m Getting connected devices
&amp#27;[38;5;202m[d5f09b3a]&amp#27;[0m&amp#27;[38;5;229m[ADB]&amp#27;[0m No connected devices have been detected
&amp#27;[38;5;202m[d5f09b3a]&amp#27;[0m&amp#27;[38;5;229m[ADB]&amp#27;[0m Could not find online devices
&amp#27;[38;5;202m[d5f09b3a]&amp#27;[0m&amp#27;[38;5;229m[ADB]&amp#27;[0m Reconnecting adb (target offline)
&amp#27;[38;5;202m[d5f09b3a]&amp#27;[0m&amp#27;[38;5;229m[ADB]&amp#27;[0m Running 'C:\Users\Gagana.CM\AppData\Local\Android\Sdk\platform-tools\adb.exe -P 5037 reconnect offline'
&amp#27;[38;5;202m[d5f09b3a]&amp#27;[0m&amp#27;[38;5;229m[ADB]&amp#27;[0m Getting connected devices
&amp#27;[38;5;202m[d5f09b3a]&amp#27;[0m&amp#27;[38;5;229m[ADB]&amp#27;[0m No connected devices have been detected
&amp#27;[38;5;202m[d5f09b3a]&amp#27;[0m&amp#27;[38;5;229m[ADB]&amp#27;[0m Could not find online devices
&amp#27;[38;5;202m[d5f09b3a]&amp#27;[0m&amp#27;[38;5;229m[ADB]&amp#27;[0m Reconnecting adb (target offline)
&amp#27;[38;5;202m[d5f09b3a]&amp#27;[0m&amp#27;[38;5;229m[ADB]&amp#27;[0m Running 'C:\Users\Gagana.CM\AppData\Local\Android\Sdk\platform-tools\adb.exe -P 5037 reconnect offline'
&amp#27;[38;5;202m[d5f09b3a]&amp#27;[0m&amp#27;[38;5;229m[ADB]&amp#27;[0m Getting connected devices
&amp#27;[38;5;202m[d5f09b3a]&amp#27;[0m&amp#27;[38;5;229m[ADB]&amp#27;[0m No connected devices have been detected
&amp#27;[38;5;202m[d5f09b3a]&amp#27;[0m&amp#27;[38;5;229m[ADB]&amp#27;[0m Could not find online devices
&amp#27;[38;5;202m[d5f09b3a]&amp#27;[0m&amp#27;[38;5;229m[ADB]&amp#27;[0m Reconnecting adb (target offline)
&amp#27;[38;5;202m[d5f09b3a]&amp#27;[0m&amp#27;[38;5;229m[ADB]&amp#27;[0m Running 'C:\Users\Gagana.CM\AppData\Local\Android\Sdk\platform-tools\adb.exe -P 5037 reconnect offline'
&amp#27;[38;5;202m[d5f09b3a]&amp#27;[0m&amp#27;[38;5;229m[ADB]&amp#27;[0m Getting connected devices
&amp#27;[38;5;202m[d5f09b3a]&amp#27;[0m&amp#27;[38;5;229m[ADB]&amp#27;[0m No connected devices have been detected
&amp#27;[38;5;202m[d5f09b3a]&amp#27;[0m&amp#27;[38;5;229m[ADB]&amp#27;[0m Could not find online devices
&amp#27;[38;5;202m[d5f09b3a]&amp#27;[0m&amp#27;[38;5;229m[ADB]&amp#27;[0m Reconnecting adb (target offline)
&amp#27;[38;5;202m[d5f09b3a]&amp#27;[0m&amp#27;[38;5;229m[ADB]&amp#27;[0m Running 'C:\Users\Gagana.CM\AppData\Local\Android\Sdk\platform-tools\adb.exe -P 5037 reconnect offline'
&amp#27;[38;5;202m[d5f09b3a]&amp#27;[0m&amp#27;[38;5;229m[ADB]&amp#27;[0m Getting connected devices
&amp#27;[38;5;202m[d5f09b3a]&amp#27;[0m&amp#27;[38;5;229m[ADB]&amp#27;[0m No connected devices have been detected
&amp#27;[38;5;202m[d5f09b3a]&amp#27;[0m&amp#27;[38;5;229m[ADB]&amp#27;[0m Could not find online devices
&amp#27;[38;5;202m[d5f09b3a]&amp#27;[0m&amp#27;[38;5;229m[ADB]&amp#27;[0m Reconnecting adb (target offline)
&amp#27;[38;5;202m[d5f09b3a]&amp#27;[0m&amp#27;[38;5;229m[ADB]&amp#27;[0m Running 'C:\Users\Gagana.CM\AppData\Local\Android\Sdk\platform-tools\adb.exe -P 5037 reconnect offline'
&amp#27;[38;5;202m[d5f09b3a]&amp#27;[0m&amp#27;[38;5;229m[ADB]&amp#27;[0m Getting connected devices
&amp#27;[38;5;202m[d5f09b3a]&amp#27;[0m&amp#27;[38;5;229m[ADB]&amp#27;[0m No connected devices have been detected
&amp#27;[38;5;202m[d5f09b3a]&amp#27;[0m&amp#27;[38;5;229m[ADB]&amp#27;[0m Could not find online devices
&amp#27;[38;5;202m[d5f09b3a]&amp#27;[0m&amp#27;[38;5;229m[ADB]&amp#27;[0m Reconnecting adb (target offline)
&amp#27;[38;5;202m[d5f09b3a]&amp#27;[0m&amp#27;[38;5;229m[ADB]&amp#27;[0m Running 'C:\Users\Gagana.CM\AppData\Local\Android\Sdk\platform-tools\adb.exe -P 5037 reconnect offline'
&amp#27;[38;5;202m[d5f09b3a]&amp#27;[0m&amp#27;[38;5;229m[ADB]&amp#27;[0m Getting connected devices
&amp#27;[38;5;202m[d5f09b3a]&amp#27;[0m&amp#27;[38;5;229m[ADB]&amp#27;[0m No connected devices have been detected
&amp#27;[38;5;202m[d5f09b3a]&amp#27;[0m&amp#27;[38;5;229m[ADB]&amp#27;[0m Could not find online devices
&amp#27;[38;5;202m[d5f09b3a]&amp#27;[0m&amp#27;[38;5;229m[ADB]&amp#27;[0m Reconnecting adb (target offline)
&amp#27;[38;5;202m[d5f09b3a]&amp#27;[0m&amp#27;[38;5;229m[ADB]&amp#27;[0m Running 'C:\Users\Gagana.CM\AppData\Local\Android\Sdk\platform-tools\adb.exe -P 5037 reconnect offline'
&amp#27;[38;5;202m[d5f09b3a]&amp#27;[0m&amp#27;[38;5;229m[ADB]&amp#27;[0m Getting connected devices
&amp#27;[38;5;202m[d5f09b3a]&amp#27;[0m&amp#27;[38;5;229m[ADB]&amp#27;[0m No connected devices have been detected
&amp#27;[38;5;202m[d5f09b3a]&amp#27;[0m&amp#27;[38;5;229m[ADB]&amp#27;[0m Could not find online devices
&amp#27;[38;5;202m[d5f09b3a]&amp#27;[0m&amp#27;[38;5;229m[ADB]&amp#27;[0m Reconnecting adb (target offline)
&amp#27;[38;5;202m[d5f09b3a]&amp#27;[0m&amp#27;[38;5;229m[ADB]&amp#27;[0m Running 'C:\Users\Gagana.CM\AppData\Local\Android\Sdk\platform-tools\adb.exe -P 5037 reconnect offline'
&amp#27;[38;5;202m[d5f09b3a]&amp#27;[0m&amp#27;[38;5;229m[ADB]&amp#27;[0m Getting connected devices
&amp#27;[38;5;202m[d5f09b3a]&amp#27;[0m&amp#27;[38;5;229m[ADB]&amp#27;[0m No connected devices have been detected
&amp#27;[38;5;202m[d5f09b3a]&amp#27;[0m&amp#27;[38;5;229m[ADB]&amp#27;[0m Could not find online devices
&amp#27;[38;5;202m[d5f09b3a]&amp#27;[0m&amp#27;[38;5;229m[ADB]&amp#27;[0m Reconnecting adb (target offline)
&amp#27;[38;5;202m[d5f09b3a]&amp#27;[0m&amp#27;[38;5;229m[ADB]&amp#27;[0m Running 'C:\Users\Gagana.CM\AppData\Local\Android\Sdk\platform-tools\adb.exe -P 5037 reconnect offline'
&amp#27;[38;5;202m[d5f09b3a]&amp#27;[0m&amp#27;[38;5;229m[ADB]&amp#27;[0m Getting connected devices
&amp#27;[38;5;202m[d5f09b3a]&amp#27;[0m&amp#27;[38;5;229m[ADB]&amp#27;[0m No connected devices have been detected
&amp#27;[38;5;202m[d5f09b3a]&amp#27;[0m&amp#27;[38;5;229m[ADB]&amp#27;[0m Could not find online devices
&amp#27;[38;5;202m[d5f09b3a]&amp#27;[0m&amp#27;[38;5;229m[ADB]&amp#27;[0m Reconnecting adb (target offline)
&amp#27;[38;5;202m[d5f09b3a]&amp#27;[0m&amp#27;[38;5;229m[ADB]&amp#27;[0m Running 'C:\Users\Gagana.CM\AppData\Local\Android\Sdk\platform-tools\adb.exe -P 5037 reconnect offline'
&amp#27;[38;5;202m[d5f09b3a]&amp#27;[0m&amp#27;[38;5;229m[ADB]&amp#27;[0m Getting connected devices
&amp#27;[38;5;202m[d5f09b3a]&amp#27;[0m&amp#27;[38;5;229m[ADB]&amp#27;[0m No connected devices have been detected
&amp#27;[38;5;202m[d5f09b3a]&amp#27;[0m&amp#27;[38;5;229m[ADB]&amp#27;[0m Could not find online devices
&amp#27;[38;5;202m[d5f09b3a]&amp#27;[0m&amp#27;[38;5;229m[ADB]&amp#27;[0m Reconnecting adb (target offline)
&amp#27;[38;5;202m[d5f09b3a]&amp#27;[0m&amp#27;[38;5;229m[ADB]&amp#27;[0m Running 'C:\Users\Gagana.CM\AppData\Local\Android\Sdk\platform-tools\adb.exe -P 5037 reconnect offline'
&amp#27;[38;5;202m[d5f09b3a]&amp#27;[0m&amp#27;[38;5;229m[ADB]&amp#27;[0m Getting connected devices
&amp#27;[38;5;202m[d5f09b3a]&amp#27;[0m&amp#27;[38;5;229m[ADB]&amp#27;[0m No connected devices have been detected
&amp#27;[38;5;202m[d5f09b3a]&amp#27;[0m&amp#27;[38;5;229m[ADB]&amp#27;[0m Could not find online devices
&amp#27;[38;5;202m[d5f09b3a]&amp#27;[0m&amp#27;[38;5;229m[ADB]&amp#27;[0m Reconnecting adb (target offline)
&amp#27;[38;5;202m[d5f09b3a]&amp#27;[0m&amp#27;[38;5;229m[ADB]&amp#27;[0m Running 'C:\Users\Gagana.CM\AppData\Local\Android\Sdk\platform-tools\adb.exe -P 5037 reconnect offline'
&amp#27;[38;5;202m[d5f09b3a]&amp#27;[0m&amp#27;[38;5;229m[ADB]&amp#27;[0m Getting connected devices
&amp#27;[38;5;202m[d5f09b3a]&amp#27;[0m&amp#27;[38;5;229m[ADB]&amp#27;[0m No connected devices have been detected
&amp#27;[38;5;202m[d5f09b3a]&amp#27;[0m&amp#27;[38;5;229m[ADB]&amp#27;[0m Could not find online devices
&amp#27;[38;5;202m[d5f09b3a]&amp#27;[0m&amp#27;[38;5;229m[ADB]&amp#27;[0m Reconnecting adb (target offline)
&amp#27;[38;5;202m[d5f09b3a]&amp#27;[0m&amp#27;[38;5;229m[ADB]&amp#27;[0m Running 'C:\Users\Gagana.CM\AppData\Local\Android\Sdk\platform-tools\adb.exe -P 5037 reconnect offline'
&amp#27;[38;5;202m[d5f09b3a]&amp#27;[0m&amp#27;[38;5;229m[ADB]&amp#27;[0m Getting connected devices
&amp#27;[38;5;202m[d5f09b3a]&amp#27;[0m&amp#27;[38;5;229m[ADB]&amp#27;[0m No connected devices have been detected
&amp#27;[38;5;202m[d5f09b3a]&amp#27;[0m&amp#27;[38;5;229m[ADB]&amp#27;[0m Could not find online devices
&amp#27;[38;5;202m[d5f09b3a]&amp#27;[0m&amp#27;[38;5;229m[ADB]&amp#27;[0m Reconnecting adb (target offline)
&amp#27;[38;5;202m[d5f09b3a]&amp#27;[0m&amp#27;[38;5;229m[ADB]&amp#27;[0m Running 'C:\Users\Gagana.CM\AppData\Local\Android\Sdk\platform-tools\adb.exe -P 5037 reconnect offline'
&amp#27;[38;5;202m[d5f09b3a]&amp#27;[0m&amp#27;[38;5;229m[ADB]&amp#27;[0m Getting connected devices
&amp#27;[38;5;202m[d5f09b3a]&amp#27;[0m&amp#27;[38;5;229m[ADB]&amp#27;[0m No connected devices have been detected
&amp#27;[38;5;202m[d5f09b3a]&amp#27;[0m&amp#27;[38;5;229m[ADB]&amp#27;[0m Could not find online devices
&amp#27;[38;5;202m[d5f09b3a]&amp#27;[0m&amp#27;[38;5;229m[ADB]&amp#27;[0m Reconnecting adb (target offline)
&amp#27;[38;5;202m[d5f09b3a]&amp#27;[0m&amp#27;[38;5;229m[ADB]&amp#27;[0m Running 'C:\Users\Gagana.CM\AppData\Local\Android\Sdk\platform-tools\adb.exe -P 5037 reconnect offline'
&amp#27;[38;5;202m[d5f09b3a]&amp#27;[0m&amp#27;[38;5;229m[ADB]&amp#27;[0m Getting connected devices
&amp#27;[38;5;202m[d5f09b3a]&amp#27;[0m&amp#27;[38;5;229m[ADB]&amp#27;[0m No connected devices have been detected
&amp#27;[38;5;202m[d5f09b3a]&amp#27;[0m&amp#27;[38;5;229m[ADB]&amp#27;[0m Could not find online devices
&amp#27;[38;5;202m[d5f09b3a]&amp#27;[0m&amp#27;[38;5;229m[ADB]&amp#27;[0m Reconnecting adb (target offline)
&amp#27;[38;5;202m[d5f09b3a]&amp#27;[0m&amp#27;[38;5;229m[ADB]&amp#27;[0m Running 'C:\Users\Gagana.CM\AppData\Local\Android\Sdk\platform-tools\adb.exe -P 5037 reconnect offline'
&amp#27;[38;5;202m[d5f09b3a]&amp#27;[0m&amp#27;[38;5;229m[ADB]&amp#27;[0m Getting connected devices
&amp#27;[38;5;202m[d5f09b3a]&amp#27;[0m&amp#27;[38;5;229m[ADB]&amp#27;[0m No connected devices have been detected
&amp#27;[38;5;202m[d5f09b3a]&amp#27;[0m&amp#27;[38;5;229m[ADB]&amp#27;[0m Could not find online devices
&amp#27;[38;5;202m[d5f09b3a]&amp#27;[0m&amp#27;[38;5;229m[ADB]&amp#27;[0m Reconnecting adb (target offline)
&amp#27;[38;5;202m[d5f09b3a]&amp#27;[0m&amp#27;[38;5;229m[ADB]&amp#27;[0m Running 'C:\Users\Gagana.CM\AppData\Local\Android\Sdk\platform-tools\adb.exe -P 5037 reconnect offline'
&amp#27;[38;5;202m[d5f09b3a]&amp#27;[0m&amp#27;[38;5;229m[ADB]&amp#27;[0m Getting connected devices
&amp#27;[38;5;202m[d5f09b3a]&amp#27;[0m&amp#27;[38;5;229m[ADB]&amp#27;[0m No connected devices have been detected
&amp#27;[38;5;202m[d5f09b3a]&amp#27;[0m&amp#27;[38;5;229m[ADB]&amp#27;[0m Could not find online devices
&amp#27;[38;5;202m[d5f09b3a]&amp#27;[0m&amp#27;[38;5;229m[ADB]&amp#27;[0m Reconnecting adb (target offline)
&amp#27;[38;5;202m[d5f09b3a]&amp#27;[0m&amp#27;[38;5;229m[ADB]&amp#27;[0m Running 'C:\Users\Gagana.CM\AppData\Local\Android\Sdk\platform-tools\adb.exe -P 5037 reconnect offline'
&amp#27;[38;5;202m[d5f09b3a]&amp#27;[0m&amp#27;[38;5;229m[ADB]&amp#27;[0m Getting connected devices
&amp#27;[38;5;202m[d5f09b3a]&amp#27;[0m&amp#27;[38;5;229m[ADB]&amp#27;[0m No connected devices have been detected
&amp#27;[38;5;202m[d5f09b3a]&amp#27;[0m&amp#27;[38;5;229m[ADB]&amp#27;[0m Could not find online devices
&amp#27;[38;5;202m[d5f09b3a]&amp#27;[0m&amp#27;[38;5;229m[ADB]&amp#27;[0m Reconnecting adb (target offline)
&amp#27;[38;5;202m[d5f09b3a]&amp#27;[0m&amp#27;[38;5;229m[ADB]&amp#27;[0m Running 'C:\Users\Gagana.CM\AppData\Local\Android\Sdk\platform-tools\adb.exe -P 5037 reconnect offline'
&amp#27;[38;5;202m[d5f09b3a]&amp#27;[0m&amp#27;[38;5;229m[ADB]&amp#27;[0m Getting connected devices
&amp#27;[38;5;202m[d5f09b3a]&amp#27;[0m&amp#27;[38;5;229m[ADB]&amp#27;[0m No connected devices have been detected
&amp#27;[38;5;202m[d5f09b3a]&amp#27;[0m&amp#27;[38;5;229m[ADB]&amp#27;[0m Could not find online devices
&amp#27;[38;5;202m[d5f09b3a]&amp#27;[0m&amp#27;[38;5;229m[ADB]&amp#27;[0m Reconnecting adb (target offline)
&amp#27;[38;5;202m[d5f09b3a]&amp#27;[0m&amp#27;[38;5;229m[ADB]&amp#27;[0m Running 'C:\Users\Gagana.CM\AppData\Local\Android\Sdk\platform-tools\adb.exe -P 5037 reconnect offline'
&amp#27;[38;5;202m[d5f09b3a]&amp#27;[0m&amp#27;[38;5;229m[ADB]&amp#27;[0m Getting connected devices
&amp#27;[38;5;202m[d5f09b3a]&amp#27;[0m&amp#27;[38;5;229m[ADB]&amp#27;[0m No connected devices have been detected
&amp#27;[38;5;202m[d5f09b3a]&amp#27;[0m&amp#27;[38;5;229m[ADB]&amp#27;[0m Could not find online devices
&amp#27;[38;5;202m[d5f09b3a]&amp#27;[0m&amp#27;[38;5;229m[ADB]&amp#27;[0m Reconnecting adb (target offline)
&amp#27;[38;5;202m[d5f09b3a]&amp#27;[0m&amp#27;[38;5;229m[ADB]&amp#27;[0m Running 'C:\Users\Gagana.CM\AppData\Local\Android\Sdk\platform-tools\adb.exe -P 5037 reconnect offline'
&amp#27;[38;5;202m[d5f09b3a]&amp#27;[0m&amp#27;[38;5;229m[ADB]&amp#27;[0m Getting connected devices
&amp#27;[38;5;202m[d5f09b3a]&amp#27;[0m&amp#27;[38;5;229m[ADB]&amp#27;[0m No connected devices have been detected
&amp#27;[38;5;202m[d5f09b3a]&amp#27;[0m&amp#27;[38;5;229m[ADB]&amp#27;[0m Could not find online devices
&amp#27;[38;5;202m[d5f09b3a]&amp#27;[0m&amp#27;[38;5;229m[ADB]&amp#27;[0m Reconnecting adb (target offline)
&amp#27;[38;5;202m[d5f09b3a]&amp#27;[0m&amp#27;[38;5;229m[ADB]&amp#27;[0m Running 'C:\Users\Gagana.CM\AppData\Local\Android\Sdk\platform-tools\adb.exe -P 5037 reconnect offline'
&amp#27;[38;5;202m[d5f09b3a]&amp#27;[0m&amp#27;[38;5;229m[ADB]&amp#27;[0m Getting connected devices
&amp#27;[38;5;202m[d5f09b3a]&amp#27;[0m&amp#27;[38;5;229m[ADB]&amp#27;[0m No connected devices have been detected
&amp#27;[38;5;202m[d5f09b3a]&amp#27;[0m&amp#27;[38;5;229m[ADB]&amp#27;[0m Could not find online devices
&amp#27;[38;5;202m[d5f09b3a]&amp#27;[0m&amp#27;[38;5;229m[ADB]&amp#27;[0m Reconnecting adb (target offline)
&amp#27;[38;5;202m[d5f09b3a]&amp#27;[0m&amp#27;[38;5;229m[ADB]&amp#27;[0m Running 'C:\Users\Gagana.CM\AppData\Local\Android\Sdk\platform-tools\adb.exe -P 5037 reconnect offline'
&amp#27;[38;5;202m[d5f09b3a]&amp#27;[0m&amp#27;[38;5;229m[ADB]&amp#27;[0m Getting connected devices
&amp#27;[38;5;202m[d5f09b3a]&amp#27;[0m&amp#27;[38;5;229m[ADB]&amp#27;[0m No connected devices have been detected
&amp#27;[38;5;202m[d5f09b3a]&amp#27;[0m&amp#27;[38;5;229m[ADB]&amp#27;[0m Could not find online devices
&amp#27;[38;5;202m[d5f09b3a]&amp#27;[0m&amp#27;[38;5;229m[ADB]&amp#27;[0m Reconnecting adb (target offline)
&amp#27;[38;5;202m[d5f09b3a]&amp#27;[0m&amp#27;[38;5;229m[ADB]&amp#27;[0m Running 'C:\Users\Gagana.CM\AppData\Local\Android\Sdk\platform-tools\adb.exe -P 5037 reconnect offline'
&amp#27;[38;5;202m[d5f09b3a]&amp#27;[0m&amp#27;[38;5;229m[ADB]&amp#27;[0m Getting connected devices
&amp#27;[38;5;202m[d5f09b3a]&amp#27;[0m&amp#27;[38;5;229m[ADB]&amp#27;[0m No connected devices have been detected
&amp#27;[38;5;202m[d5f09b3a]&amp#27;[0m&amp#27;[38;5;229m[ADB]&amp#27;[0m Could not find online devices
&amp#27;[38;5;202m[d5f09b3a]&amp#27;[0m&amp#27;[38;5;229m[ADB]&amp#27;[0m Reconnecting adb (target offline)
&amp#27;[38;5;202m[d5f09b3a]&amp#27;[0m&amp#27;[38;5;229m[ADB]&amp#27;[0m Running 'C:\Users\Gagana.CM\AppData\Local\Android\Sdk\platform-tools\adb.exe -P 5037 reconnect offline'
&amp#27;[38;5;202m[d5f09b3a]&amp#27;[0m&amp#27;[38;5;229m[ADB]&amp#27;[0m Getting connected devices
&amp#27;[38;5;202m[d5f09b3a]&amp#27;[0m&amp#27;[38;5;229m[ADB]&amp#27;[0m No connected devices have been detected
&amp#27;[38;5;202m[d5f09b3a]&amp#27;[0m&amp#27;[38;5;229m[ADB]&amp#27;[0m Could not find online devices
&amp#27;[38;5;202m[d5f09b3a]&amp#27;[0m&amp#27;[38;5;229m[ADB]&amp#27;[0m Reconnecting adb (target offline)
&amp#27;[38;5;202m[d5f09b3a]&amp#27;[0m&amp#27;[38;5;229m[ADB]&amp#27;[0m Running 'C:\Users\Gagana.CM\AppData\Local\Android\Sdk\platform-tools\adb.exe -P 5037 reconnect offline'
&amp#27;[38;5;202m[d5f09b3a]&amp#27;[0m&amp#27;[38;5;229m[ADB]&amp#27;[0m Getting connected devices
&amp#27;[38;5;202m[d5f09b3a]&amp#27;[0m&amp#27;[38;5;229m[ADB]&amp#27;[0m No connected devices have been detected
&amp#27;[38;5;202m[d5f09b3a]&amp#27;[0m&amp#27;[38;5;229m[ADB]&amp#27;[0m Could not find online devices
&amp#27;[38;5;202m[d5f09b3a]&amp#27;[0m&amp#27;[38;5;229m[ADB]&amp#27;[0m Reconnecting adb (target offline)
&amp#27;[38;5;202m[d5f09b3a]&amp#27;[0m&amp#27;[38;5;229m[ADB]&amp#27;[0m Running 'C:\Users\Gagana.CM\AppData\Local\Android\Sdk\platform-tools\adb.exe -P 5037 reconnect offline'
&amp#27;[38;5;202m[d5f09b3a]&amp#27;[0m&amp#27;[38;5;229m[ADB]&amp#27;[0m Getting connected devices
&amp#27;[38;5;202m[d5f09b3a]&amp#27;[0m&amp#27;[38;5;229m[ADB]&amp#27;[0m No connected devices have been detected
&amp#27;[38;5;202m[d5f09b3a]&amp#27;[0m&amp#27;[38;5;229m[ADB]&amp#27;[0m Could not find online devices
&amp#27;[38;5;202m[d5f09b3a]&amp#27;[0m&amp#27;[38;5;229m[ADB]&amp#27;[0m Reconnecting adb (target offline)
&amp#27;[38;5;202m[d5f09b3a]&amp#27;[0m&amp#27;[38;5;229m[ADB]&amp#27;[0m Running 'C:\Users\Gagana.CM\AppData\Local\Android\Sdk\platform-tools\adb.exe -P 5037 reconnect offline'
&amp#27;[38;5;202m[d5f09b3a]&amp#27;[0m&amp#27;[38;5;229m[ADB]&amp#27;[0m Getting connected devices
&amp#27;[38;5;202m[d5f09b3a]&amp#27;[0m&amp#27;[38;5;229m[ADB]&amp#27;[0m No connected devices have been detected
&amp#27;[38;5;202m[d5f09b3a]&amp#27;[0m&amp#27;[38;5;229m[ADB]&amp#27;[0m Could not find online devices
&amp#27;[38;5;202m[d5f09b3a]&amp#27;[0m&amp#27;[38;5;229m[ADB]&amp#27;[0m Reconnecting adb (target offline)
&amp#27;[38;5;202m[d5f09b3a]&amp#27;[0m&amp#27;[38;5;229m[ADB]&amp#27;[0m Running 'C:\Users\Gagana.CM\AppData\Local\Android\Sdk\platform-tools\adb.exe -P 5037 reconnect offline'
&amp#27;[38;5;202m[d5f09b3a]&amp#27;[0m&amp#27;[38;5;229m[ADB]&amp#27;[0m Getting connected devices
&amp#27;[38;5;202m[d5f09b3a]&amp#27;[0m&amp#27;[38;5;229m[ADB]&amp#27;[0m No connected devices have been detected
&amp#27;[38;5;202m[d5f09b3a]&amp#27;[0m&amp#27;[38;5;229m[ADB]&amp#27;[0m Could not find online devices
&amp#27;[38;5;202m[d5f09b3a]&amp#27;[0m&amp#27;[38;5;229m[ADB]&amp#27;[0m Reconnecting adb (target offline)
&amp#27;[38;5;202m[d5f09b3a]&amp#27;[0m&amp#27;[38;5;229m[ADB]&amp#27;[0m Running 'C:\Users\Gagana.CM\AppData\Local\Android\Sdk\platform-tools\adb.exe -P 5037 reconnect offline'
&amp#27;[38;5;202m[d5f09b3a]&amp#27;[0m&amp#27;[38;5;229m[ADB]&amp#27;[0m Getting connected devices
&amp#27;[38;5;202m[d5f09b3a]&amp#27;[0m&amp#27;[38;5;229m[ADB]&amp#27;[0m No connected devices have been detected
&amp#27;[38;5;202m[d5f09b3a]&amp#27;[0m&amp#27;[38;5;229m[ADB]&amp#27;[0m Could not find online devices
&amp#27;[38;5;202m[d5f09b3a]&amp#27;[0m&amp#27;[38;5;229m[ADB]&amp#27;[0m Reconnecting adb (target offline)
&amp#27;[38;5;202m[d5f09b3a]&amp#27;[0m&amp#27;[38;5;229m[ADB]&amp#27;[0m Running 'C:\Users\Gagana.CM\AppData\Local\Android\Sdk\platform-tools\adb.exe -P 5037 reconnect offline'
&amp#27;[38;5;202m[d5f09b3a]&amp#27;[0m&amp#27;[38;5;229m[ADB]&amp#27;[0m Getting connected devices
&amp#27;[38;5;202m[d5f09b3a]&amp#27;[0m&amp#27;[38;5;229m[ADB]&amp#27;[0m No connected devices have been detected
&amp#27;[38;5;202m[d5f09b3a]&amp#27;[0m&amp#27;[38;5;229m[ADB]&amp#27;[0m Could not find online devices
&amp#27;[38;5;202m[d5f09b3a]&amp#27;[0m&amp#27;[38;5;229m[ADB]&amp#27;[0m Reconnecting adb (target offline)
&amp#27;[38;5;202m[d5f09b3a]&amp#27;[0m&amp#27;[38;5;229m[ADB]&amp#27;[0m Running 'C:\Users\Gagana.CM\AppData\Local\Android\Sdk\platform-tools\adb.exe -P 5037 reconnect offline'
&amp#27;[38;5;202m[d5f09b3a]&amp#27;[0m&amp#27;[38;5;229m[ADB]&amp#27;[0m Getting connected devices
&amp#27;[38;5;202m[d5f09b3a]&amp#27;[0m&amp#27;[38;5;229m[ADB]&amp#27;[0m No connected devices have been detected
&amp#27;[38;5;202m[d5f09b3a]&amp#27;[0m&amp#27;[38;5;229m[ADB]&amp#27;[0m Could not find online devices
&amp#27;[38;5;202m[d5f09b3a]&amp#27;[0m&amp#27;[38;5;229m[ADB]&amp#27;[0m Reconnecting adb (target offline)
&amp#27;[38;5;202m[d5f09b3a]&amp#27;[0m&amp#27;[38;5;229m[ADB]&amp#27;[0m Running 'C:\Users\Gagana.CM\AppData\Local\Android\Sdk\platform-tools\adb.exe -P 5037 reconnect offline'
&amp#27;[38;5;202m[d5f09b3a]&amp#27;[0m&amp#27;[38;5;229m[ADB]&amp#27;[0m Getting connected devices
&amp#27;[38;5;202m[d5f09b3a]&amp#27;[0m&amp#27;[38;5;229m[ADB]&amp#27;[0m No connected devices have been detected
&amp#27;[38;5;202m[d5f09b3a]&amp#27;[0m&amp#27;[38;5;229m[ADB]&amp#27;[0m Could not find online devices
&amp#27;[38;5;202m[d5f09b3a]&amp#27;[0m&amp#27;[38;5;229m[ADB]&amp#27;[0m Reconnecting adb (target offline)
&amp#27;[38;5;202m[d5f09b3a]&amp#27;[0m&amp#27;[38;5;229m[ADB]&amp#27;[0m Running 'C:\Users\Gagana.CM\AppData\Local\Android\Sdk\platform-tools\adb.exe -P 5037 reconnect offline'
&amp#27;[38;5;202m[d5f09b3a]&amp#27;[0m&amp#27;[38;5;229m[ADB]&amp#27;[0m Getting connected devices
&amp#27;[38;5;202m[d5f09b3a]&amp#27;[0m&amp#27;[38;5;229m[ADB]&amp#27;[0m No connected devices have been detected
&amp#27;[38;5;202m[d5f09b3a]&amp#27;[0m&amp#27;[38;5;229m[ADB]&amp#27;[0m Could not find online devices
&amp#27;[38;5;202m[d5f09b3a]&amp#27;[0m&amp#27;[38;5;229m[ADB]&amp#27;[0m Reconnecting adb (target offline)
&amp#27;[38;5;202m[d5f09b3a]&amp#27;[0m&amp#27;[38;5;229m[ADB]&amp#27;[0m Running 'C:\Users\Gagana.CM\AppData\Local\Android\Sdk\platform-tools\adb.exe -P 5037 reconnect offline'
&amp#27;[38;5;202m[d5f09b3a]&amp#27;[0m&amp#27;[38;5;229m[ADB]&amp#27;[0m Getting connected devices
&amp#27;[38;5;202m[d5f09b3a]&amp#27;[0m&amp#27;[38;5;229m[ADB]&amp#27;[0m No connected devices have been detected
&amp#27;[38;5;202m[d5f09b3a]&amp#27;[0m&amp#27;[38;5;229m[ADB]&amp#27;[0m Could not find online devices
&amp#27;[38;5;202m[d5f09b3a]&amp#27;[0m&amp#27;[38;5;229m[ADB]&amp#27;[0m Reconnecting adb (target offline)
&amp#27;[38;5;202m[d5f09b3a]&amp#27;[0m&amp#27;[38;5;229m[ADB]&amp#27;[0m Running 'C:\Users\Gagana.CM\AppData\Local\Android\Sdk\platform-tools\adb.exe -P 5037 reconnect offline'
&amp#27;[38;5;202m[d5f09b3a]&amp#27;[0m&amp#27;[38;5;229m[ADB]&amp#27;[0m Getting connected devices
&amp#27;[38;5;202m[d5f09b3a]&amp#27;[0m&amp#27;[38;5;229m[ADB]&amp#27;[0m No connected devices have been detected
&amp#27;[38;5;202m[d5f09b3a]&amp#27;[0m&amp#27;[38;5;229m[ADB]&amp#27;[0m Could not find online devices
&amp#27;[38;5;202m[d5f09b3a]&amp#27;[0m&amp#27;[38;5;229m[ADB]&amp#27;[0m Reconnecting adb (target offline)
&amp#27;[38;5;202m[d5f09b3a]&amp#27;[0m&amp#27;[38;5;229m[ADB]&amp#27;[0m Running 'C:\Users\Gagana.CM\AppData\Local\Android\Sdk\platform-tools\adb.exe -P 5037 reconnect offline'
&amp#27;[38;5;202m[d5f09b3a]&amp#27;[0m&amp#27;[38;5;229m[ADB]&amp#27;[0m Getting connected devices
&amp#27;[38;5;202m[d5f09b3a]&amp#27;[0m&amp#27;[38;5;229m[ADB]&amp#27;[0m No connected devices have been detected
&amp#27;[38;5;202m[d5f09b3a]&amp#27;[0m&amp#27;[38;5;229m[ADB]&amp#27;[0m Could not find online devices
&amp#27;[38;5;202m[d5f09b3a]&amp#27;[0m&amp#27;[38;5;229m[ADB]&amp#27;[0m Reconnecting adb (target offline)
&amp#27;[38;5;202m[d5f09b3a]&amp#27;[0m&amp#27;[38;5;229m[ADB]&amp#27;[0m Running 'C:\Users\Gagana.CM\AppData\Local\Android\Sdk\platform-tools\adb.exe -P 5037 reconnect offline'
&amp#27;[38;5;202m[d5f09b3a]&amp#27;[0m&amp#27;[38;5;229m[ADB]&amp#27;[0m Getting connected devices
&amp#27;[38;5;202m[d5f09b3a]&amp#27;[0m&amp#27;[38;5;229m[ADB]&amp#27;[0m No connected devices have been detected
&amp#27;[38;5;202m[d5f09b3a]&amp#27;[0m&amp#27;[38;5;229m[ADB]&amp#27;[0m Could not find online devices
&amp#27;[38;5;202m[d5f09b3a]&amp#27;[0m&amp#27;[38;5;229m[ADB]&amp#27;[0m Reconnecting adb (target offline)
&amp#27;[38;5;202m[d5f09b3a]&amp#27;[0m&amp#27;[38;5;229m[ADB]&amp#27;[0m Running 'C:\Users\Gagana.CM\AppData\Local\Android\Sdk\platform-tools\adb.exe -P 5037 reconnect offline'
&amp#27;[38;5;202m[d5f09b3a]&amp#27;[0m&amp#27;[38;5;229m[ADB]&amp#27;[0m Getting connected devices
&amp#27;[38;5;202m[d5f09b3a]&amp#27;[0m&amp#27;[38;5;229m[ADB]&amp#27;[0m No connected devices have been detected
&amp#27;[38;5;202m[d5f09b3a]&amp#27;[0m&amp#27;[38;5;229m[ADB]&amp#27;[0m Could not find online devices
&amp#27;[38;5;202m[d5f09b3a]&amp#27;[0m&amp#27;[38;5;229m[ADB]&amp#27;[0m Reconnecting adb (target offline)
&amp#27;[38;5;202m[d5f09b3a]&amp#27;[0m&amp#27;[38;5;229m[ADB]&amp#27;[0m Running 'C:\Users\Gagana.CM\AppData\Local\Android\Sdk\platform-tools\adb.exe -P 5037 reconnect offline'
&amp#27;[38;5;202m[d5f09b3a]&amp#27;[0m&amp#27;[38;5;229m[ADB]&amp#27;[0m Getting connected devices
&amp#27;[38;5;202m[d5f09b3a]&amp#27;[0m&amp#27;[38;5;229m[ADB]&amp#27;[0m No connected devices have been detected
&amp#27;[38;5;202m[d5f09b3a]&amp#27;[0m&amp#27;[38;5;229m[ADB]&amp#27;[0m Could not find online devices
&amp#27;[38;5;202m[d5f09b3a]&amp#27;[0m&amp#27;[38;5;229m[ADB]&amp#27;[0m Reconnecting adb (target offline)
&amp#27;[38;5;202m[d5f09b3a]&amp#27;[0m&amp#27;[38;5;229m[ADB]&amp#27;[0m Running 'C:\Users\Gagana.CM\AppData\Local\Android\Sdk\platform-tools\adb.exe -P 5037 reconnect offline'
&amp#27;[38;5;202m[d5f09b3a]&amp#27;[0m&amp#27;[38;5;229m[ADB]&amp#27;[0m Getting connected devices
&amp#27;[38;5;202m[d5f09b3a]&amp#27;[0m&amp#27;[38;5;229m[ADB]&amp#27;[0m No connected devices have been detected
&amp#27;[38;5;202m[d5f09b3a]&amp#27;[0m&amp#27;[38;5;229m[ADB]&amp#27;[0m Could not find online devices
&amp#27;[38;5;202m[d5f09b3a]&amp#27;[0m&amp#27;[38;5;229m[ADB]&amp#27;[0m Reconnecting adb (target offline)
&amp#27;[38;5;202m[d5f09b3a]&amp#27;[0m&amp#27;[38;5;229m[ADB]&amp#27;[0m Running 'C:\Users\Gagana.CM\AppData\Local\Android\Sdk\platform-tools\adb.exe -P 5037 reconnect offline'
&amp#27;[38;5;202m[d5f09b3a]&amp#27;[0m&amp#27;[38;5;229m[ADB]&amp#27;[0m Getting connected devices
&amp#27;[38;5;202m[d5f09b3a]&amp#27;[0m&amp#27;[38;5;229m[ADB]&amp#27;[0m No connected devices have been detected
&amp#27;[38;5;202m[d5f09b3a]&amp#27;[0m&amp#27;[38;5;229m[ADB]&amp#27;[0m Could not find online devices
&amp#27;[38;5;202m[d5f09b3a]&amp#27;[0m&amp#27;[38;5;229m[ADB]&amp#27;[0m Reconnecting adb (target offline)
&amp#27;[38;5;202m[d5f09b3a]&amp#27;[0m&amp#27;[38;5;229m[ADB]&amp#27;[0m Running 'C:\Users\Gagana.CM\AppData\Local\Android\Sdk\platform-tools\adb.exe -P 5037 reconnect offline'
&amp#27;[38;5;202m[d5f09b3a]&amp#27;[0m&amp#27;[38;5;229m[ADB]&amp#27;[0m Getting connected devices
&amp#27;[38;5;202m[d5f09b3a]&amp#27;[0m&amp#27;[38;5;229m[ADB]&amp#27;[0m No connected devices have been detected
&amp#27;[38;5;202m[d5f09b3a]&amp#27;[0m&amp#27;[38;5;229m[ADB]&amp#27;[0m Could not find online devices
&amp#27;[38;5;202m[d5f09b3a]&amp#27;[0m&amp#27;[38;5;229m[ADB]&amp#27;[0m Reconnecting adb (target offline)
&amp#27;[38;5;202m[d5f09b3a]&amp#27;[0m&amp#27;[38;5;229m[ADB]&amp#27;[0m Running 'C:\Users\Gagana.CM\AppData\Local\Android\Sdk\platform-tools\adb.exe -P 5037 reconnect offline'
&amp#27;[38;5;202m[d5f09b3a]&amp#27;[0m&amp#27;[38;5;229m[ADB]&amp#27;[0m Getting connected devices
&amp#27;[38;5;202m[d5f09b3a]&amp#27;[0m&amp#27;[38;5;229m[ADB]&amp#27;[0m No connected devices have been detected
&amp#27;[38;5;202m[d5f09b3a]&amp#27;[0m&amp#27;[38;5;229m[ADB]&amp#27;[0m Could not find online devices
&amp#27;[38;5;202m[d5f09b3a]&amp#27;[0m&amp#27;[38;5;229m[ADB]&amp#27;[0m Reconnecting adb (target offline)
&amp#27;[38;5;202m[d5f09b3a]&amp#27;[0m&amp#27;[38;5;229m[ADB]&amp#27;[0m Running 'C:\Users\Gagana.CM\AppData\Local\Android\Sdk\platform-tools\adb.exe -P 5037 reconnect offline'
&amp#27;[38;5;202m[d5f09b3a]&amp#27;[0m&amp#27;[38;5;229m[ADB]&amp#27;[0m Getting connected devices
&amp#27;[38;5;202m[d5f09b3a]&amp#27;[0m&amp#27;[38;5;229m[ADB]&amp#27;[0m No connected devices have been detected
&amp#27;[38;5;202m[d5f09b3a]&amp#27;[0m&amp#27;[38;5;229m[ADB]&amp#27;[0m Could not find online devices
&amp#27;[38;5;202m[d5f09b3a]&amp#27;[0m&amp#27;[38;5;229m[ADB]&amp#27;[0m Reconnecting adb (target offline)
&amp#27;[38;5;202m[d5f09b3a]&amp#27;[0m&amp#27;[38;5;229m[ADB]&amp#27;[0m Running 'C:\Users\Gagana.CM\AppData\Local\Android\Sdk\platform-tools\adb.exe -P 5037 reconnect offline'
&amp#27;[38;5;202m[d5f09b3a]&amp#27;[0m&amp#27;[38;5;229m[ADB]&amp#27;[0m Getting connected devices
&amp#27;[38;5;202m[d5f09b3a]&amp#27;[0m&amp#27;[38;5;229m[ADB]&amp#27;[0m No connected devices have been detected
&amp#27;[38;5;202m[d5f09b3a]&amp#27;[0m&amp#27;[38;5;229m[ADB]&amp#27;[0m Could not find online devices
&amp#27;[38;5;202m[d5f09b3a]&amp#27;[0m&amp#27;[38;5;229m[ADB]&amp#27;[0m Reconnecting adb (target offline)
&amp#27;[38;5;202m[d5f09b3a]&amp#27;[0m&amp#27;[38;5;229m[ADB]&amp#27;[0m Running 'C:\Users\Gagana.CM\AppData\Local\Android\Sdk\platform-tools\adb.exe -P 5037 reconnect offline'
&amp#27;[38;5;202m[d5f09b3a]&amp#27;[0m&amp#27;[38;5;229m[ADB]&amp#27;[0m Getting connected devices
&amp#27;[38;5;202m[d5f09b3a]&amp#27;[0m&amp#27;[38;5;229m[ADB]&amp#27;[0m No connected devices have been detected
&amp#27;[38;5;202m[d5f09b3a]&amp#27;[0m&amp#27;[38;5;229m[ADB]&amp#27;[0m Could not find online devices
&amp#27;[38;5;202m[d5f09b3a]&amp#27;[0m&amp#27;[38;5;229m[ADB]&amp#27;[0m Reconnecting adb (target offline)
&amp#27;[38;5;202m[d5f09b3a]&amp#27;[0m&amp#27;[38;5;229m[ADB]&amp#27;[0m Running 'C:\Users\Gagana.CM\AppData\Local\Android\Sdk\platform-tools\adb.exe -P 5037 reconnect offline'
&amp#27;[38;5;202m[d5f09b3a]&amp#27;[0m&amp#27;[38;5;229m[ADB]&amp#27;[0m Getting connected devices
&amp#27;[38;5;202m[d5f09b3a]&amp#27;[0m&amp#27;[38;5;229m[ADB]&amp#27;[0m No connected devices have been detected
&amp#27;[38;5;202m[d5f09b3a]&amp#27;[0m&amp#27;[38;5;229m[ADB]&amp#27;[0m Could not find online devices
&amp#27;[38;5;202m[d5f09b3a]&amp#27;[0m&amp#27;[38;5;229m[ADB]&amp#27;[0m Reconnecting adb (target offline)
&amp#27;[38;5;202m[d5f09b3a]&amp#27;[0m&amp#27;[38;5;229m[ADB]&amp#27;[0m Running 'C:\Users\Gagana.CM\AppData\Local\Android\Sdk\platform-tools\adb.exe -P 5037 reconnect offline'
&amp#27;[38;5;202m[d5f09b3a]&amp#27;[0m&amp#27;[38;5;229m[ADB]&amp#27;[0m Getting connected devices
&amp#27;[38;5;202m[d5f09b3a]&amp#27;[0m&amp#27;[38;5;229m[ADB]&amp#27;[0m No connected devices have been detected
&amp#27;[38;5;202m[d5f09b3a]&amp#27;[0m&amp#27;[38;5;229m[ADB]&amp#27;[0m Could not find online devices
&amp#27;[38;5;202m[d5f09b3a]&amp#27;[0m&amp#27;[38;5;229m[ADB]&amp#27;[0m Reconnecting adb (target offline)
&amp#27;[38;5;202m[d5f09b3a]&amp#27;[0m&amp#27;[38;5;229m[ADB]&amp#27;[0m Running 'C:\Users\Gagana.CM\AppData\Local\Android\Sdk\platform-tools\adb.exe -P 5037 reconnect offline'
&amp#27;[38;5;202m[d5f09b3a]&amp#27;[0m&amp#27;[38;5;229m[ADB]&amp#27;[0m Getting connected devices
&amp#27;[38;5;202m[d5f09b3a]&amp#27;[0m&amp#27;[38;5;229m[ADB]&amp#27;[0m No connected devices have been detected
&amp#27;[38;5;202m[d5f09b3a]&amp#27;[0m&amp#27;[38;5;229m[ADB]&amp#27;[0m Could not find online devices
&amp#27;[38;5;202m[d5f09b3a]&amp#27;[0m&amp#27;[38;5;229m[ADB]&amp#27;[0m Reconnecting adb (target offline)
&amp#27;[38;5;202m[d5f09b3a]&amp#27;[0m&amp#27;[38;5;229m[ADB]&amp#27;[0m Running 'C:\Users\Gagana.CM\AppData\Local\Android\Sdk\platform-tools\adb.exe -P 5037 reconnect offline'
&amp#27;[38;5;202m[d5f09b3a]&amp#27;[0m&amp#27;[38;5;229m[ADB]&amp#27;[0m Getting connected devices
&amp#27;[38;5;202m[d5f09b3a]&amp#27;[0m&amp#27;[38;5;229m[ADB]&amp#27;[0m No connected devices have been detected
&amp#27;[38;5;202m[d5f09b3a]&amp#27;[0m&amp#27;[38;5;229m[ADB]&amp#27;[0m Could not find online devices
&amp#27;[38;5;202m[d5f09b3a]&amp#27;[0m&amp#27;[38;5;229m[ADB]&amp#27;[0m Reconnecting adb (target offline)
&amp#27;[38;5;202m[d5f09b3a]&amp#27;[0m&amp#27;[38;5;229m[ADB]&amp#27;[0m Running 'C:\Users\Gagana.CM\AppData\Local\Android\Sdk\platform-tools\adb.exe -P 5037 reconnect offline'
&amp#27;[38;5;202m[d5f09b3a]&amp#27;[0m&amp#27;[38;5;229m[ADB]&amp#27;[0m Getting connected devices
&amp#27;[38;5;202m[d5f09b3a]&amp#27;[0m&amp#27;[38;5;229m[ADB]&amp#27;[0m No connected devices have been detected
&amp#27;[38;5;202m[d5f09b3a]&amp#27;[0m&amp#27;[38;5;229m[ADB]&amp#27;[0m Could not find online devices
&amp#27;[38;5;202m[d5f09b3a]&amp#27;[0m&amp#27;[38;5;229m[ADB]&amp#27;[0m Reconnecting adb (target offline)
&amp#27;[38;5;202m[d5f09b3a]&amp#27;[0m&amp#27;[38;5;229m[ADB]&amp#27;[0m Running 'C:\Users\Gagana.CM\AppData\Local\Android\Sdk\platform-tools\adb.exe -P 5037 reconnect offline'
&amp#27;[38;5;202m[d5f09b3a]&amp#27;[0m&amp#27;[38;5;229m[ADB]&amp#27;[0m Getting connected devices
&amp#27;[38;5;202m[d5f09b3a]&amp#27;[0m&amp#27;[38;5;229m[ADB]&amp#27;[0m No connected devices have been detected
&amp#27;[38;5;202m[d5f09b3a]&amp#27;[0m&amp#27;[38;5;229m[ADB]&amp#27;[0m Could not find online devices
&amp#27;[38;5;202m[d5f09b3a]&amp#27;[0m&amp#27;[38;5;229m[ADB]&amp#27;[0m Reconnecting adb (target offline)
&amp#27;[38;5;202m[d5f09b3a]&amp#27;[0m&amp#27;[38;5;229m[ADB]&amp#27;[0m Running 'C:\Users\Gagana.CM\AppData\Local\Android\Sdk\platform-tools\adb.exe -P 5037 reconnect offline'
&amp#27;[38;5;202m[d5f09b3a]&amp#27;[0m&amp#27;[38;5;229m[ADB]&amp#27;[0m Getting connected devices
&amp#27;[38;5;202m[d5f09b3a]&amp#27;[0m&amp#27;[38;5;229m[ADB]&amp#27;[0m No connected devices have been detected
&amp#27;[38;5;202m[d5f09b3a]&amp#27;[0m&amp#27;[38;5;229m[ADB]&amp#27;[0m Could not find online devices
&amp#27;[38;5;202m[d5f09b3a]&amp#27;[0m&amp#27;[38;5;229m[ADB]&amp#27;[0m Reconnecting adb (target offline)
&amp#27;[38;5;202m[d5f09b3a]&amp#27;[0m&amp#27;[38;5;229m[ADB]&amp#27;[0m Running 'C:\Users\Gagana.CM\AppData\Local\Android\Sdk\platform-tools\adb.exe -P 5037 reconnect offline'
&amp#27;[38;5;202m[d5f09b3a]&amp#27;[0m&amp#27;[38;5;-94m[AndroidUiautomator2Driver@c95b]&amp#27;[0m Deleting UiAutomator2 session
&amp#27;[38;5;202m[d5f09b3a]&amp#27;[0m&amp#27;[38;5;210m[AppiumDriver@ea1e]&amp#27;[0m Event 'newSessionStarted' logged at 1723538193105 (14:06:33 GMT+0530 (India Standard Time))
&amp#27;[38;5;202m[d5f09b3a]&amp#27;[0m&amp#27;[38;5;210m[AppiumDriver@ea1e]&amp#27;[0m Encountered internal error running command: Error: Could not find a connected Android device in 20000ms
    at ADB.getDevicesWithRetry (C:\Users\Gagana.CM\.appium\node_modules\appium-uiautomator2-driver\node_modules\appium-adb\lib\tools\system-calls.js:331:13)
    at AndroidUiautomator2Driver.getDeviceInfoFromCaps (C:\Users\Gagana.CM\.appium\node_modules\appium-uiautomator2-driver\node_modules\appium-android-driver\lib\commands\device\common.js:37:21)
    at AndroidUiautomator2Driver.createSession (C:\Users\Gagana.CM\.appium\node_modules\appium-uiautomator2-driver\lib\driver.ts:365:30)
    at AppiumDriver.createSession (C:\Users\Gagana.CM\AppData\Roaming\npm\node_modules\appium\lib\appium.js:731:35)
&amp#27;[38;5;202m[d5f09b3a]&amp#27;[0m&amp#27;[38;5;86m[HTTP]&amp#27;[0m &amp#27;[37m<-- POST /session &amp#27;[39m&amp#27;[31m500&amp#27;[39m &amp#27;[90m22853 ms - 678&amp#27;[39m &amp#27;[90m&amp#27;[39m
]]></system-out>
    <system-err><![CDATA[SLF4J(W): No SLF4J providers were found.
SLF4J(W): Defaulting to no-operation (NOP) logger implementation
SLF4J(W): See https://www.slf4j.org/codes.html#noProviders for further details.
]]></system-err>
  </testcase>
  <testcase name="setUp" classname="appium.com.testcases.FormPageTest" time="0.0">
    <skipped/>
  </testcase>
  <testcase name="setUp" classname="appium.com.testcases.FormPageTest" time="0.0">
    <skipped/>
  </testcase>
  <testcase name="setUp" classname="appium.com.testcases.FormPageTest" time="0.0">
    <skipped/>
  </testcase>
  <testcase name="selectCountry" classname="appium.com.testcases.FormPageTest" time="0.0">
    <skipped message="Could not start a new session. Response code 500. Message: An unknown server-side error occurred while processing the command. Original error: Could not find a connected Android device in 20000ms &#10;Host info: host: &apos;IN-PF42S2SA&apos;, ip: &apos;192.168.31.114&apos;&#10;Build info: version: &apos;4.23.1&apos;, revision: &apos;656257d8e9&apos;&#10;System info: os.name: &apos;Windows 11&apos;, os.arch: &apos;amd64&apos;, os.version: &apos;10.0&apos;, java.version: &apos;21.0.3&apos;&#10;Driver info: io.appium.java_client.android.AndroidDriver&#10;Command: [null, newSession {capabilities=[Capabilities {appium:app: D:\APPIUM-AUTOMATION\Appium..., appium:automationName: UIAutomator2, appium:chromedriverExecutable: D:\APPIUM-AUTOMATION\Appium..., appium:deviceName: DeviceEmulator, platformName: ANDROID}]}]&#10;Capabilities {appium:app: D:\APPIUM-AUTOMATION\Appium..., appium:automationName: UIAutomator2, appium:chromedriverExecutable: D:\APPIUM-AUTOMATION\Appium..., appium:deviceName: DeviceEmulator, platformName: ANDROID}"/>
  </testcase>
  <testcase name="setName" classname="appium.com.testcases.FormPageTest" time="0.0">
    <skipped message="Could not start a new session. Response code 500. Message: An unknown server-side error occurred while processing the command. Original error: Could not find a connected Android device in 20000ms &#10;Host info: host: &apos;IN-PF42S2SA&apos;, ip: &apos;192.168.31.114&apos;&#10;Build info: version: &apos;4.23.1&apos;, revision: &apos;656257d8e9&apos;&#10;System info: os.name: &apos;Windows 11&apos;, os.arch: &apos;amd64&apos;, os.version: &apos;10.0&apos;, java.version: &apos;21.0.3&apos;&#10;Driver info: io.appium.java_client.android.AndroidDriver&#10;Command: [null, newSession {capabilities=[Capabilities {appium:app: D:\APPIUM-AUTOMATION\Appium..., appium:automationName: UIAutomator2, appium:chromedriverExecutable: D:\APPIUM-AUTOMATION\Appium..., appium:deviceName: DeviceEmulator, platformName: ANDROID}]}]&#10;Capabilities {appium:app: D:\APPIUM-AUTOMATION\Appium..., appium:automationName: UIAutomator2, appium:chromedriverExecutable: D:\APPIUM-AUTOMATION\Appium..., appium:deviceName: DeviceEmulator, platformName: ANDROID}"/>
  </testcase>
  <testcase name="selectGender" classname="appium.com.testcases.FormPageTest" time="0.0">
    <skipped message="Could not start a new session. Response code 500. Message: An unknown server-side error occurred while processing the command. Original error: Could not find a connected Android device in 20000ms &#10;Host info: host: &apos;IN-PF42S2SA&apos;, ip: &apos;192.168.31.114&apos;&#10;Build info: version: &apos;4.23.1&apos;, revision: &apos;656257d8e9&apos;&#10;System info: os.name: &apos;Windows 11&apos;, os.arch: &apos;amd64&apos;, os.version: &apos;10.0&apos;, java.version: &apos;21.0.3&apos;&#10;Driver info: io.appium.java_client.android.AndroidDriver&#10;Command: [null, newSession {capabilities=[Capabilities {appium:app: D:\APPIUM-AUTOMATION\Appium..., appium:automationName: UIAutomator2, appium:chromedriverExecutable: D:\APPIUM-AUTOMATION\Appium..., appium:deviceName: DeviceEmulator, platformName: ANDROID}]}]&#10;Capabilities {appium:app: D:\APPIUM-AUTOMATION\Appium..., appium:automationName: UIAutomator2, appium:chromedriverExecutable: D:\APPIUM-AUTOMATION\Appium..., appium:deviceName: DeviceEmulator, platformName: ANDROID}"/>
  </testcase>
  <testcase name="submitForm" classname="appium.com.testcases.FormPageTest" time="0.0">
    <skipped message="Method appium.com.testcases.FormPageTest.submitForm() on instance appium.com.testcases.FormPageTest@4879dfad depends on not successfully finished methods &#10;[appium.com.testcases.FormPageTest.setName() on instance appium.com.testcases.FormPageTest@4879dfad]"/>
  </testcase>
  <testcase name="tearDown" classname="appium.com.testcases.FormPageTest" time="0.0">
    <skipped/>
  </testcase>
  <testcase name="setUp" classname="appium.com.testcases.CatalogPageTest" time="0.0">
    <skipped/>
  </testcase>
  <testcase name="addItemToCart" classname="appium.com.testcases.CatalogPageTest" time="0.0">
    <skipped message="Could not start a new session. Response code 500. Message: An unknown server-side error occurred while processing the command. Original error: Could not find a connected Android device in 20000ms &#10;Host info: host: &apos;IN-PF42S2SA&apos;, ip: &apos;192.168.31.114&apos;&#10;Build info: version: &apos;4.23.1&apos;, revision: &apos;656257d8e9&apos;&#10;System info: os.name: &apos;Windows 11&apos;, os.arch: &apos;amd64&apos;, os.version: &apos;10.0&apos;, java.version: &apos;21.0.3&apos;&#10;Driver info: io.appium.java_client.android.AndroidDriver&#10;Command: [null, newSession {capabilities=[Capabilities {appium:app: D:\APPIUM-AUTOMATION\Appium..., appium:automationName: UIAutomator2, appium:chromedriverExecutable: D:\APPIUM-AUTOMATION\Appium..., appium:deviceName: DeviceEmulator, platformName: ANDROID}]}]&#10;Capabilities {appium:app: D:\APPIUM-AUTOMATION\Appium..., appium:automationName: UIAutomator2, appium:chromedriverExecutable: D:\APPIUM-AUTOMATION\Appium..., appium:deviceName: DeviceEmulator, platformName: ANDROID}"/>
  </testcase>
  <testcase name="goToCartPage" classname="appium.com.testcases.CatalogPageTest" time="0.0">
    <skipped message="Method appium.com.testcases.CatalogPageTest.goToCartPage() on instance appium.com.testcases.CatalogPageTest@5629510 depends on not successfully finished methods &#10;[appium.com.testcases.CatalogPageTest.addItemToCart() on instance appium.com.testcases.CatalogPageTest@5629510]"/>
  </testcase>
  <testcase name="setUp" classname="appium.com.testcases.CartPageTest" time="0.0">
    <skipped/>
  </testcase>
  <testcase name="setUp" classname="appium.com.testcases.CartPageTest" time="0.0">
    <skipped/>
  </testcase>
  <testcase name="setUp" classname="appium.com.testcases.CartPageTest" time="0.0">
    <skipped/>
  </testcase>
  <testcase name="setUp" classname="appium.com.testcases.CartPageTest" time="0.0">
    <skipped/>
  </testcase>
  <testcase name="verifyTheCartForProduct" classname="appium.com.testcases.CartPageTest" time="0.0">
    <skipped message="Could not start a new session. Response code 500. Message: An unknown server-side error occurred while processing the command. Original error: Could not find a connected Android device in 20000ms &#10;Host info: host: &apos;IN-PF42S2SA&apos;, ip: &apos;192.168.31.114&apos;&#10;Build info: version: &apos;4.23.1&apos;, revision: &apos;656257d8e9&apos;&#10;System info: os.name: &apos;Windows 11&apos;, os.arch: &apos;amd64&apos;, os.version: &apos;10.0&apos;, java.version: &apos;21.0.3&apos;&#10;Driver info: io.appium.java_client.android.AndroidDriver&#10;Command: [null, newSession {capabilities=[Capabilities {appium:app: D:\APPIUM-AUTOMATION\Appium..., appium:automationName: UIAutomator2, appium:chromedriverExecutable: D:\APPIUM-AUTOMATION\Appium..., appium:deviceName: DeviceEmulator, platformName: ANDROID}]}]&#10;Capabilities {appium:app: D:\APPIUM-AUTOMATION\Appium..., appium:automationName: UIAutomator2, appium:chromedriverExecutable: D:\APPIUM-AUTOMATION\Appium..., appium:deviceName: DeviceEmulator, platformName: ANDROID}"/>
  </testcase>
  <testcase name="verifySumOfProductPrice" classname="appium.com.testcases.CartPageTest" time="0.0">
    <skipped message="Method appium.com.testcases.CartPageTest.verifySumOfProductPrice() on instance appium.com.testcases.CartPageTest@4df5bcb4 depends on not successfully finished methods &#10;[appium.com.testcases.CartPageTest.verifyTheCartForProduct() on instance appium.com.testcases.CartPageTest@4df5bcb4]"/>
  </testcase>
  <testcase name="verifyTheTotalAmountDisplayed" classname="appium.com.testcases.CartPageTest" time="0.0">
    <skipped message="Method appium.com.testcases.CartPageTest.verifyTheTotalAmountDisplayed() on instance appium.com.testcases.CartPageTest@4df5bcb4 depends on not successfully finished methods &#10;[appium.com.testcases.CartPageTest.verifySumOfProductPrice() on instance appium.com.testcases.CartPageTest@4df5bcb4]"/>
  </testcase>
  <testcase name="verifyTermsAndConditions" classname="appium.com.testcases.CartPageTest" time="0.0">
    <skipped message="Could not start a new session. Response code 500. Message: An unknown server-side error occurred while processing the command. Original error: Could not find a connected Android device in 20000ms &#10;Host info: host: &apos;IN-PF42S2SA&apos;, ip: &apos;192.168.31.114&apos;&#10;Build info: version: &apos;4.23.1&apos;, revision: &apos;656257d8e9&apos;&#10;System info: os.name: &apos;Windows 11&apos;, os.arch: &apos;amd64&apos;, os.version: &apos;10.0&apos;, java.version: &apos;21.0.3&apos;&#10;Driver info: io.appium.java_client.android.AndroidDriver&#10;Command: [null, newSession {capabilities=[Capabilities {appium:app: D:\APPIUM-AUTOMATION\Appium..., appium:automationName: UIAutomator2, appium:chromedriverExecutable: D:\APPIUM-AUTOMATION\Appium..., appium:deviceName: DeviceEmulator, platformName: ANDROID}]}]&#10;Capabilities {appium:app: D:\APPIUM-AUTOMATION\Appium..., appium:automationName: UIAutomator2, appium:chromedriverExecutable: D:\APPIUM-AUTOMATION\Appium..., appium:deviceName: DeviceEmulator, platformName: ANDROID}"/>
  </testcase>
  <testcase name="applyDiscount" classname="appium.com.testcases.CartPageTest" time="0.0">
    <skipped message="Could not start a new session. Response code 500. Message: An unknown server-side error occurred while processing the command. Original error: Could not find a connected Android device in 20000ms &#10;Host info: host: &apos;IN-PF42S2SA&apos;, ip: &apos;192.168.31.114&apos;&#10;Build info: version: &apos;4.23.1&apos;, revision: &apos;656257d8e9&apos;&#10;System info: os.name: &apos;Windows 11&apos;, os.arch: &apos;amd64&apos;, os.version: &apos;10.0&apos;, java.version: &apos;21.0.3&apos;&#10;Driver info: io.appium.java_client.android.AndroidDriver&#10;Command: [null, newSession {capabilities=[Capabilities {appium:app: D:\APPIUM-AUTOMATION\Appium..., appium:automationName: UIAutomator2, appium:chromedriverExecutable: D:\APPIUM-AUTOMATION\Appium..., appium:deviceName: DeviceEmulator, platformName: ANDROID}]}]&#10;Capabilities {appium:app: D:\APPIUM-AUTOMATION\Appium..., appium:automationName: UIAutomator2, appium:chromedriverExecutable: D:\APPIUM-AUTOMATION\Appium..., appium:deviceName: DeviceEmulator, platformName: ANDROID}"/>
  </testcase>
  <testcase name="placeOrder" classname="appium.com.testcases.CartPageTest" time="0.0">
    <skipped message="Could not start a new session. Response code 500. Message: An unknown server-side error occurred while processing the command. Original error: Could not find a connected Android device in 20000ms &#10;Host info: host: &apos;IN-PF42S2SA&apos;, ip: &apos;192.168.31.114&apos;&#10;Build info: version: &apos;4.23.1&apos;, revision: &apos;656257d8e9&apos;&#10;System info: os.name: &apos;Windows 11&apos;, os.arch: &apos;amd64&apos;, os.version: &apos;10.0&apos;, java.version: &apos;21.0.3&apos;&#10;Driver info: io.appium.java_client.android.AndroidDriver&#10;Command: [null, newSession {capabilities=[Capabilities {appium:app: D:\APPIUM-AUTOMATION\Appium..., appium:automationName: UIAutomator2, appium:chromedriverExecutable: D:\APPIUM-AUTOMATION\Appium..., appium:deviceName: DeviceEmulator, platformName: ANDROID}]}]&#10;Capabilities {appium:app: D:\APPIUM-AUTOMATION\Appium..., appium:automationName: UIAutomator2, appium:chromedriverExecutable: D:\APPIUM-AUTOMATION\Appium..., appium:deviceName: DeviceEmulator, platformName: ANDROID}"/>
  </testcase>
  <testcase name="setUp" classname="appium.com.testcases.HybridAppTest" time="0.0">
    <skipped/>
  </testcase>
  <testcase name="switchContext" classname="appium.com.testcases.HybridAppTest" time="0.0">
    <skipped message="Could not start a new session. Response code 500. Message: An unknown server-side error occurred while processing the command. Original error: Could not find a connected Android device in 20000ms &#10;Host info: host: &apos;IN-PF42S2SA&apos;, ip: &apos;192.168.31.114&apos;&#10;Build info: version: &apos;4.23.1&apos;, revision: &apos;656257d8e9&apos;&#10;System info: os.name: &apos;Windows 11&apos;, os.arch: &apos;amd64&apos;, os.version: &apos;10.0&apos;, java.version: &apos;21.0.3&apos;&#10;Driver info: io.appium.java_client.android.AndroidDriver&#10;Command: [null, newSession {capabilities=[Capabilities {appium:app: D:\APPIUM-AUTOMATION\Appium..., appium:automationName: UIAutomator2, appium:chromedriverExecutable: D:\APPIUM-AUTOMATION\Appium..., appium:deviceName: DeviceEmulator, platformName: ANDROID}]}]&#10;Capabilities {appium:app: D:\APPIUM-AUTOMATION\Appium..., appium:automationName: UIAutomator2, appium:chromedriverExecutable: D:\APPIUM-AUTOMATION\Appium..., appium:deviceName: DeviceEmulator, platformName: ANDROID}"/>
  </testcase>
  <testcase name="performActionOnWeb" classname="appium.com.testcases.HybridAppTest" time="0.0">
    <skipped message="Method appium.com.testcases.HybridAppTest.performActionOnWeb() on instance appium.com.testcases.HybridAppTest@12c7a01b depends on not successfully finished methods &#10;[appium.com.testcases.HybridAppTest.switchContext() on instance appium.com.testcases.HybridAppTest@12c7a01b]"/>
  </testcase>
  <testcase name="switchBackToNative" classname="appium.com.testcases.HybridAppTest" time="0.0">
    <skipped message="Method appium.com.testcases.HybridAppTest.switchBackToNative() on instance appium.com.testcases.HybridAppTest@12c7a01b depends on not successfully finished methods &#10;[appium.com.testcases.HybridAppTest.performActionOnWeb() on instance appium.com.testcases.HybridAppTest@12c7a01b]"/>
  </testcase>
</testsuite>