<?xml version="1.0" encoding="UTF-8"?>
<testng-results ignored="0" total="1" passed="1" failed="0" skipped="0">
  <reporter-output>
  </reporter-output>
  <suite started-at="2024-09-30T13:34:26 IST" name="Suite" finished-at="2024-09-30T13:35:22 IST" duration-ms="55690">
    <groups>
    </groups>
    <test started-at="2024-09-30T13:34:26 IST" name="Test" finished-at="2024-09-30T13:35:22 IST" duration-ms="55690">
      <class name="appium.com.standAloneTest.MobileBrowserStandaloneTest">
        <test-method is-config="true" signature="launchApplication()[pri:0, instance:appium.com.standAloneTest.MobileBrowserStandaloneTest@512535ff]" started-at="2024-09-30T13:34:27 IST" name="launchApplication" finished-at="2024-09-30T13:34:54 IST" duration-ms="27698" status="PASS">
          <reporter-output>
          </reporter-output>
        </test-method> <!-- launchApplication -->
        <test-method signature="mobileBrowserPlaceOder(java.util.HashMap)[pri:0, instance:appium.com.standAloneTest.MobileBrowserStandaloneTest@512535ff]" started-at="2024-09-30T13:34:54 IST" name="mobileBrowserPlaceOder" data-provider="getData" finished-at="2024-09-30T13:35:21 IST" duration-ms="26339" status="PASS">
          <params>
            <param index="0">
              <value>
                <![CDATA[{UserName=standard_user, ProductName=Sauce Labs Backpack, ConfMsg=Thank you for your order!, FirstName=Gagana, ZipCode=560090, LastName=CM, Password=secret_sauce}]]>
              </value>
            </param>
          </params>
          <reporter-output>
          </reporter-output>
        </test-method> <!-- mobileBrowserPlaceOder -->
        <test-method is-config="true" signature="tearDown()[pri:0, instance:appium.com.standAloneTest.MobileBrowserStandaloneTest@512535ff]" started-at="2024-09-30T13:35:21 IST" name="tearDown" finished-at="2024-09-30T13:35:22 IST" duration-ms="1186" status="PASS">
          <reporter-output>
          </reporter-output>
        </test-method> <!-- tearDown -->
      </class> <!-- appium.com.standAloneTest.MobileBrowserStandaloneTest -->
    </test> <!-- Test -->
  </suite> <!-- Suite -->
</testng-results>
