<?xml version="1.0" encoding="UTF-8"?>
<testsuite xmlns:xsi="http://www.w3.org/2001/XMLSchema-instance" xsi:noNamespaceSchemaLocation="https://maven.apache.org/surefire/maven-surefire-plugin/xsd/surefire-test-report.xsd" version="3.0.1" name="TestSuite" time="58.318" tests="1" errors="0" skipped="0" failures="0">
  <properties>
[...]
</properties>
  <testcase name="mobileBrowserPlaceOder[{UserName=standard_user, ProductName=Sauce Labs Backpack, ConfMsg=Thank you for your order!, FirstName=Gagana, ZipCode=560090, LastName=CM, Password=secret_sauce}](1)" classname="appium.com.standAloneTest.MobileBrowserStandaloneTest" time="26.395">
    <system-out><![CDATA[[INFO ] 2024-09-30 13:34:27.643 [main] CommonBaseTest - Starting Appium Server
&amp#27;[38;5;112m[Appium]&amp#27;[0m Welcome to Appium v2.11.2
&amp#27;[38;5;112m[Appium]&amp#27;[0m Non-default server args:
&amp#27;[38;5;112m[Appium]&amp#27;[0m { address: &amp#27;[32m'127.0.0.1'&amp#27;[39m }
&amp#27;[38;5;112m[Appium]&amp#27;[0m The autodetected Appium home path: C:\Users\Gagana.CM\.appium
&amp#27;[38;5;112m[Appium]&amp#27;[0m Attempting to load driver uiautomator2...
&amp#27;[38;5;112m[Appium]&amp#27;[0m Requiring driver at C:\Users\Gagana.CM\.appium\node_modules\appium-uiautomator2-driver\build\index.js
&amp#27;[38;5;112m[Appium]&amp#27;[0m AndroidUiautomator2Driver has been successfully loaded in 2.052s
&amp#27;[38;5;112m[Appium]&amp#27;[0m Appium REST http interface listener started on http://127.0.0.1:4723
&amp#27;[38;5;112m[Appium]&amp#27;[0m Available drivers:
&amp#27;[38;5;112m[Appium]&amp#27;[0m   - uiautomator2@3.7.4 (automationName 'UiAutomator2')
&amp#27;[38;5;112m[Appium]&amp#27;[0m No plugins have been installed. Use the "appium plugin" command to install the one(s) you want to use.
&amp#27;[38;5;86m[HTTP]&amp#27;[0m &amp#27;[37m-->&amp#27;[39m &amp#27;[37mGET&amp#27;[39m &amp#27;[37m/status&amp#27;[39m &amp#27;[90m{}&amp#27;[39m
&amp#27;[38;5;165m[AppiumDriver@5970]&amp#27;[0m Calling AppiumDriver.getStatus() with args: []
&amp#27;[38;5;165m[AppiumDriver@5970]&amp#27;[0m Responding to client with driver.getStatus() result: {"ready":true,"message":"The server is ready to accept new connections","build":{"version":"2.11.2"}}
&amp#27;[38;5;86m[HTTP]&amp#27;[0m &amp#27;[37m<-- GET /status &amp#27;[39m&amp#27;[32m200&amp#27;[39m &amp#27;[90m7 ms - 111&amp#27;[39m &amp#27;[90m&amp#27;[39m
[INFO ] 2024-09-30 13:34:33.277 [main] CommonBaseTest - Staring UiAutomator2Options
[INFO ] 2024-09-30 13:34:33.277 [main] CommonBaseTest - Android driver Creation for Mobile Browser application
&amp#27;[38;5;86m[HTTP]&amp#27;[0m Request idempotency key: d6fa98f7-282c-4a1c-a1d3-1c6afe86cf40
&amp#27;[38;5;86m[HTTP]&amp#27;[0m &amp#27;[37m-->&amp#27;[39m &amp#27;[37mPOST&amp#27;[39m &amp#27;[37m/session&amp#27;[39m &amp#27;[90m{"capabilities":{"firstMatch":[{"browserName":"Chrome","appium:chromedriverExecutable":"D:\\APPIUM-AUTOMATION\\Appium Workspace\\AppiumFramework-Android\\driver\\chromedriver.exe","appium:deviceName":"DeviceEmulator","platformName":"ANDROID","appium:automationName":"UIAutomator2"}]}}&amp#27;[39m
&amp#27;[38;5;165m[AppiumDriver@5970]&amp#27;[0m Calling AppiumDriver.createSession() with args: [null,null,{"firstMatch":[{"browserName":"Chrome","appium:chromedriverExecutable":"D:\\APPIUM-AUTOMATION\\Appium Workspace\\AppiumFramework-Android\\driver\\chromedriver.exe","appium:deviceName":"DeviceEmulator","platformName":"ANDROID","appium:automationName":"UIAutomator2"}]}]
&amp#27;[38;5;165m[AppiumDriver@5970]&amp#27;[0m Event 'newSessionRequested' logged at 1727683473826 (13:34:33 GMT+0530 (India Standard Time))
&amp#27;[38;5;112m[Appium]&amp#27;[0m Attempting to find matching driver for automationName 'UIAutomator2' and platformName 'ANDROID'
&amp#27;[38;5;112m[Appium]&amp#27;[0m The 'uiautomator2' driver was installed and matched caps.
&amp#27;[38;5;112m[Appium]&amp#27;[0m Will require it at C:\Users\Gagana.CM\.appium\node_modules\appium-uiautomator2-driver
&amp#27;[38;5;112m[Appium]&amp#27;[0m Requiring driver at C:\Users\Gagana.CM\.appium\node_modules\appium-uiautomator2-driver\build\index.js
&amp#27;[38;5;165m[AppiumDriver@5970]&amp#27;[0m Appium v2.11.2 creating new AndroidUiautomator2Driver (v3.7.4) session
&amp#27;[38;5;165m[AppiumDriver@5970]&amp#27;[0m Checking BaseDriver versions for Appium and AndroidUiautomator2Driver
&amp#27;[38;5;165m[AppiumDriver@5970]&amp#27;[0m Appium's BaseDriver version is 9.11.2
&amp#27;[38;5;165m[AppiumDriver@5970]&amp#27;[0m AndroidUiautomator2Driver's BaseDriver version is 9.11.2
&amp#27;[38;5;-25m[AndroidUiautomator2Driver@21b9]&amp#27;[0m undefined
&amp#27;[38;5;-25m[AndroidUiautomator2Driver@21b9]&amp#27;[0m Creating session with W3C capabilities: {
  "alwaysMatch": {
    "browserName": "Chrome",
    "platformName": "ANDROID",
    "appium:chromedriverExecutable": "D:\\APPIUM-AUTOMATION\\Appium Workspace\\AppiumFramework-Android\\driver\\chromedriver.exe",
    "appium:deviceName": "DeviceEmulator",
    "appium:automationName": "UIAutomator2"
  },
  "firstMatch": [
    {}
  ]
}
&amp#27;[38;5;32m[40b97d0b]&amp#27;[0m&amp#27;[38;5;-25m[AndroidUiautomator2Driver@21b9]&amp#27;[0m Session created with session id: 40b97d0b-ba06-4cea-87b2-a33c146f5d8c
&amp#27;[38;5;32m[40b97d0b]&amp#27;[0m&amp#27;[38;5;229m[ADB]&amp#27;[0m Found 2 'build-tools' folders under 'C:\Users\Gagana.CM\AppData\Local\Android\Sdk' (newest first):
&amp#27;[38;5;32m[40b97d0b]&amp#27;[0m&amp#27;[38;5;229m[ADB]&amp#27;[0m     C:\Users\Gagana.CM\AppData\Local\Android\Sdk\build-tools\35.0.0
&amp#27;[38;5;32m[40b97d0b]&amp#27;[0m&amp#27;[38;5;229m[ADB]&amp#27;[0m     C:\Users\Gagana.CM\AppData\Local\Android\Sdk\build-tools\34.0.0
&amp#27;[38;5;32m[40b97d0b]&amp#27;[0m&amp#27;[38;5;229m[ADB]&amp#27;[0m Using 'adb.exe' from 'C:\Users\Gagana.CM\AppData\Local\Android\Sdk\platform-tools\adb.exe'
&amp#27;[38;5;32m[40b97d0b]&amp#27;[0m&amp#27;[38;5;229m[ADB]&amp#27;[0m Running 'C:\Users\Gagana.CM\AppData\Local\Android\Sdk\platform-tools\adb.exe -P 5037 start-server'
&amp#27;[38;5;32m[40b97d0b]&amp#27;[0m&amp#27;[38;5;-25m[AndroidUiautomator2Driver@21b9]&amp#27;[0m Retrieving device list
&amp#27;[38;5;32m[40b97d0b]&amp#27;[0m&amp#27;[38;5;229m[ADB]&amp#27;[0m Trying to find connected Android devices
&amp#27;[38;5;32m[40b97d0b]&amp#27;[0m&amp#27;[38;5;229m[ADB]&amp#27;[0m Getting connected devices
&amp#27;[38;5;32m[40b97d0b]&amp#27;[0m&amp#27;[38;5;229m[ADB]&amp#27;[0m Connected devices: [{"udid":"emulator-5554","state":"device"}]
&amp#27;[38;5;32m[40b97d0b]&amp#27;[0m&amp#27;[38;5;-25m[AndroidUiautomator2Driver@21b9]&amp#27;[0m Using device: emulator-5554
&amp#27;[38;5;32m[40b97d0b]&amp#27;[0m&amp#27;[38;5;229m[ADB]&amp#27;[0m Using 'adb.exe' from 'C:\Users\Gagana.CM\AppData\Local\Android\Sdk\platform-tools\adb.exe'
&amp#27;[38;5;32m[40b97d0b]&amp#27;[0m&amp#27;[38;5;229m[ADB]&amp#27;[0m Running 'C:\Users\Gagana.CM\AppData\Local\Android\Sdk\platform-tools\adb.exe -P 5037 start-server'
&amp#27;[38;5;32m[40b97d0b]&amp#27;[0m&amp#27;[38;5;229m[ADB]&amp#27;[0m Setting device id to emulator-5554
&amp#27;[38;5;32m[40b97d0b]&amp#27;[0m&amp#27;[38;5;-25m[AndroidUiautomator2Driver@21b9]&amp#27;[0m We're going to run a Chrome-based session
&amp#27;[38;5;32m[40b97d0b]&amp#27;[0m&amp#27;[38;5;229m[ADB]&amp#27;[0m Running 'C:\Users\Gagana.CM\AppData\Local\Android\Sdk\platform-tools\adb.exe -P 5037 -s emulator-5554 shell getprop ro.build.version.sdk'
&amp#27;[38;5;32m[40b97d0b]&amp#27;[0m&amp#27;[38;5;229m[ADB]&amp#27;[0m Current device property 'ro.build.version.sdk': 35
&amp#27;[38;5;32m[40b97d0b]&amp#27;[0m&amp#27;[38;5;229m[ADB]&amp#27;[0m Getting device platform version
&amp#27;[38;5;32m[40b97d0b]&amp#27;[0m&amp#27;[38;5;229m[ADB]&amp#27;[0m Running 'C:\Users\Gagana.CM\AppData\Local\Android\Sdk\platform-tools\adb.exe -P 5037 -s emulator-5554 shell getprop ro.build.version.release'
&amp#27;[38;5;32m[40b97d0b]&amp#27;[0m&amp#27;[38;5;229m[ADB]&amp#27;[0m Current device property 'ro.build.version.release': 15
&amp#27;[38;5;32m[40b97d0b]&amp#27;[0m&amp#27;[38;5;229m[ADB]&amp#27;[0m Device API level: 35
&amp#27;[38;5;32m[40b97d0b]&amp#27;[0m&amp#27;[38;5;229m[ADB]&amp#27;[0m Running 'C:\Users\Gagana.CM\AppData\Local\Android\Sdk\platform-tools\adb.exe -P 5037 -s emulator-5554 shell cmd package resolve-activity --brief com.android.chrome'
&amp#27;[38;5;32m[40b97d0b]&amp#27;[0m&amp#27;[38;5;-25m[AndroidUiautomator2Driver@21b9]&amp#27;[0m Chrome-type package and activity are com.android.chrome and com.android.chrome/com.google.android.apps.chrome.Main
&amp#27;[38;5;32m[40b97d0b]&amp#27;[0m&amp#27;[38;5;-25m[AndroidUiautomator2Driver@21b9]&amp#27;[0m Starting 'com.android.chrome' directly on the device
&amp#27;[38;5;32m[40b97d0b]&amp#27;[0m&amp#27;[38;5;-25m[AndroidUiautomator2Driver@21b9]&amp#27;[0m Relaxing hidden api policy
&amp#27;[38;5;32m[40b97d0b]&amp#27;[0m&amp#27;[38;5;229m[ADB]&amp#27;[0m Running 'C:\Users\Gagana.CM\AppData\Local\Android\Sdk\platform-tools\adb.exe -P 5037 -s emulator-5554 shell 'settings put global hidden_api_policy_pre_p_apps 1;settings put global hidden_api_policy_p_apps 1;settings put global hidden_api_policy 1''
&amp#27;[38;5;32m[40b97d0b]&amp#27;[0m&amp#27;[38;5;-25m[AndroidUiautomator2Driver@21b9]&amp#27;[0m No app sent in, not parsing package/activity
&amp#27;[38;5;32m[40b97d0b]&amp#27;[0m&amp#27;[38;5;229m[ADB]&amp#27;[0m Running 'C:\Users\Gagana.CM\AppData\Local\Android\Sdk\platform-tools\adb.exe -P 5037 -s emulator-5554 wait-for-device'
&amp#27;[38;5;32m[40b97d0b]&amp#27;[0m&amp#27;[38;5;229m[ADB]&amp#27;[0m Running 'C:\Users\Gagana.CM\AppData\Local\Android\Sdk\platform-tools\adb.exe -P 5037 -s emulator-5554 shell echo ping'
&amp#27;[38;5;32m[40b97d0b]&amp#27;[0m&amp#27;[38;5;-25m[AndroidUiautomator2Driver@21b9]&amp#27;[0m Pushing settings apk to the device...
&amp#27;[38;5;32m[40b97d0b]&amp#27;[0m&amp#27;[38;5;229m[ADB]&amp#27;[0m Getting package info for 'io.appium.settings'
&amp#27;[38;5;32m[40b97d0b]&amp#27;[0m&amp#27;[38;5;229m[ADB]&amp#27;[0m Running 'C:\Users\Gagana.CM\AppData\Local\Android\Sdk\platform-tools\adb.exe -P 5037 -s emulator-5554 shell dumpsys package io.appium.settings'
&amp#27;[38;5;32m[40b97d0b]&amp#27;[0m&amp#27;[38;5;229m[ADB]&amp#27;[0m Using 'aapt2.exe' from 'C:\Users\Gagana.CM\AppData\Local\Android\Sdk\build-tools\35.0.0\aapt2.exe'
&amp#27;[38;5;32m[40b97d0b]&amp#27;[0m&amp#27;[38;5;229m[ADB]&amp#27;[0m Reading package manifest: 'C:\\Users\\Gagana.CM\\AppData\\Local\\Android\\Sdk\\build-tools\\35.0.0\\aapt2.exe dump badging C:\\Users\\Gagana.CM\\.appium\\node_modules\\appium-uiautomator2-driver\\node_modules\\io.appium.settings\\apks\\settings_apk-debug.apk'
&amp#27;[38;5;32m[40b97d0b]&amp#27;[0m&amp#27;[38;5;229m[ADB]&amp#27;[0m The version name of the installed 'io.appium.settings' is greater or equal to the application version name ('5.12.7' >= '5.12.7')
&amp#27;[38;5;32m[40b97d0b]&amp#27;[0m&amp#27;[38;5;229m[ADB]&amp#27;[0m There is no need to install/upgrade 'C:\Users\Gagana.CM\.appium\node_modules\appium-uiautomator2-driver\node_modules\io.appium.settings\apks\settings_apk-debug.apk'
&amp#27;[38;5;32m[40b97d0b]&amp#27;[0m&amp#27;[38;5;229m[ADB]&amp#27;[0m Running 'C:\Users\Gagana.CM\AppData\Local\Android\Sdk\platform-tools\adb.exe -P 5037 -s emulator-5554 shell dumpsys activity services io.appium.settings'
&amp#27;[38;5;32m[40b97d0b]&amp#27;[0m&amp#27;[38;5;-25m[AndroidUiautomator2Driver@21b9]&amp#27;[0m io.appium.settings is already running. There is no need to reset its permissions.
&amp#27;[38;5;32m[40b97d0b]&amp#27;[0m&amp#27;[38;5;160m[Logcat]&amp#27;[0m Starting logs capture with command: C:\\Users\\Gagana.CM\\AppData\\Local\\Android\\Sdk\\platform-tools\\adb.exe -P 5037 -s emulator-5554 logcat -v threadtime
&amp#27;[38;5;32m[40b97d0b]&amp#27;[0m&amp#27;[38;5;-25m[AndroidUiautomator2Driver@21b9]&amp#27;[0m Forwarding UiAutomator2 Server port 6790 to local port 8200
&amp#27;[38;5;32m[40b97d0b]&amp#27;[0m&amp#27;[38;5;229m[ADB]&amp#27;[0m Forwarding system: 8200 to device: 6790
&amp#27;[38;5;32m[40b97d0b]&amp#27;[0m&amp#27;[38;5;229m[ADB]&amp#27;[0m Running 'C:\Users\Gagana.CM\AppData\Local\Android\Sdk\platform-tools\adb.exe -P 5037 -s emulator-5554 forward tcp:8200 tcp:6790'
&amp#27;[38;5;32m[40b97d0b]&amp#27;[0m&amp#27;[38;5;229m[ADB]&amp#27;[0m Getting package info for 'io.appium.uiautomator2.server'
&amp#27;[38;5;32m[40b97d0b]&amp#27;[0m&amp#27;[38;5;229m[ADB]&amp#27;[0m Running 'C:\Users\Gagana.CM\AppData\Local\Android\Sdk\platform-tools\adb.exe -P 5037 -s emulator-5554 shell dumpsys package io.appium.uiautomator2.server'
&amp#27;[38;5;32m[40b97d0b]&amp#27;[0m&amp#27;[38;5;229m[ADB]&amp#27;[0m Getting install status for io.appium.uiautomator2.server.test
&amp#27;[38;5;32m[40b97d0b]&amp#27;[0m&amp#27;[38;5;-25m[AndroidUiautomator2Driver@21b9]&amp#27;[0m No app capability. Assuming it is already on the device
&amp#27;[38;5;32m[40b97d0b]&amp#27;[0m&amp#27;[38;5;229m[ADB]&amp#27;[0m Getting install status for com.android.chrome
&amp#27;[38;5;32m[40b97d0b]&amp#27;[0m&amp#27;[38;5;229m[ADB]&amp#27;[0m Running 'C:\Users\Gagana.CM\AppData\Local\Android\Sdk\platform-tools\adb.exe -P 5037 -s emulator-5554 shell cmd package list packages'
&amp#27;[38;5;32m[40b97d0b]&amp#27;[0m&amp#27;[38;5;229m[ADB]&amp#27;[0m Running 'C:\Users\Gagana.CM\AppData\Local\Android\Sdk\platform-tools\adb.exe -P 5037 -s emulator-5554 shell cmd package list packages'
&amp#27;[38;5;32m[40b97d0b]&amp#27;[0m&amp#27;[38;5;229m[ADB]&amp#27;[0m Reading package manifest: 'C:\\Users\\Gagana.CM\\AppData\\Local\\Android\\Sdk\\build-tools\\35.0.0\\aapt2.exe dump badging C:\\Users\\Gagana.CM\\.appium\\node_modules\\appium-uiautomator2-driver\\node_modules\\appium-uiautomator2-server\\apks\\appium-uiautomator2-server-v7.0.20.apk'
&amp#27;[38;5;32m[40b97d0b]&amp#27;[0m&amp#27;[38;5;229m[ADB]&amp#27;[0m 'io.appium.uiautomator2.server.test' is installed
&amp#27;[38;5;32m[40b97d0b]&amp#27;[0m&amp#27;[38;5;229m[ADB]&amp#27;[0m 'com.android.chrome' is installed
&amp#27;[38;5;32m[40b97d0b]&amp#27;[0m&amp#27;[38;5;229m[ADB]&amp#27;[0m Running 'C:\Users\Gagana.CM\AppData\Local\Android\Sdk\platform-tools\adb.exe -P 5037 -s emulator-5554 shell am force-stop com.android.chrome'
&amp#27;[38;5;32m[40b97d0b]&amp#27;[0m&amp#27;[38;5;229m[ADB]&amp#27;[0m The version name of the installed 'io.appium.uiautomator2.server' is greater or equal to the application version name ('7.0.20' >= '7.0.20')
&amp#27;[38;5;32m[40b97d0b]&amp#27;[0m&amp#27;[38;5;-25m[AndroidUiautomator2Driver@21b9]&amp#27;[0m Server packages status: [{"installState":"sameVersionInstalled","appPath":"C:\\Users\\Gagana.CM\\.appium\\node_modules\\appium-uiautomator2-driver\\node_modules\\appium-uiautomator2-server\\apks\\appium-uiautomator2-server-v7.0.20.apk","appId":"io.appium.uiautomator2.server"},{"installState":"sameVersionInstalled","appPath":"C:\\Users\\Gagana.CM\\.appium\\node_modules\\appium-uiautomator2-driver\\node_modules\\appium-uiautomator2-server\\apks\\appium-uiautomator2-server-debug-androidTest.apk","appId":"io.appium.uiautomator2.server.test"}]
&amp#27;[38;5;32m[40b97d0b]&amp#27;[0m&amp#27;[38;5;-25m[AndroidUiautomator2Driver@21b9]&amp#27;[0m Server packages are not going to be (re)installed
&amp#27;[38;5;32m[40b97d0b]&amp#27;[0m&amp#27;[38;5;-25m[AndroidUiautomator2Driver@21b9]&amp#27;[0m Waiting up to 30000ms for services to be available
&amp#27;[38;5;32m[40b97d0b]&amp#27;[0m&amp#27;[38;5;229m[ADB]&amp#27;[0m Running 'C:\Users\Gagana.CM\AppData\Local\Android\Sdk\platform-tools\adb.exe -P 5037 -s emulator-5554 shell pm list instrumentation'
&amp#27;[38;5;32m[40b97d0b]&amp#27;[0m&amp#27;[38;5;229m[ADB]&amp#27;[0m Running 'C:\Users\Gagana.CM\AppData\Local\Android\Sdk\platform-tools\adb.exe -P 5037 -s emulator-5554 shell pm clear com.android.chrome'
&amp#27;[38;5;32m[40b97d0b]&amp#27;[0m&amp#27;[38;5;-25m[AndroidUiautomator2Driver@21b9]&amp#27;[0m Instrumentation target 'io.appium.uiautomator2.server.test/androidx.test.runner.AndroidJUnitRunner' is available
&amp#27;[38;5;32m[40b97d0b]&amp#27;[0m&amp#27;[38;5;229m[ADB]&amp#27;[0m Adding packages ["io.appium.settings","io.appium.uiautomator2.server","io.appium.uiautomator2.server.test"] to Doze whitelist
&amp#27;[38;5;32m[40b97d0b]&amp#27;[0m&amp#27;[38;5;229m[ADB]&amp#27;[0m Got the following command chunks to execute: [["dumpsys","deviceidle","whitelist","+io.appium.settings",";","dumpsys","deviceidle","whitelist","+io.appium.uiautomator2.server",";","dumpsys","deviceidle","whitelist","+io.appium.uiautomator2.server.test",";"]]
&amp#27;[38;5;32m[40b97d0b]&amp#27;[0m&amp#27;[38;5;229m[ADB]&amp#27;[0m Running 'C:\Users\Gagana.CM\AppData\Local\Android\Sdk\platform-tools\adb.exe -P 5037 -s emulator-5554 shell dumpsys deviceidle whitelist +io.appium.settings ; dumpsys deviceidle whitelist +io.appium.uiautomator2.server ; dumpsys deviceidle whitelist +io.appium.uiautomator2.server.test ;'
&amp#27;[38;5;32m[40b97d0b]&amp#27;[0m&amp#27;[38;5;-25m[AndroidUiautomator2Driver@21b9]&amp#27;[0m Performed fast reset on the installed 'com.android.chrome' application (stop and clear)
&amp#27;[38;5;32m[40b97d0b]&amp#27;[0m&amp#27;[38;5;-25m[AndroidUiautomator2Driver@21b9]&amp#27;[0m Performing shallow cleanup of automation leftovers
&amp#27;[38;5;32m[40b97d0b]&amp#27;[0m&amp#27;[38;5;-25m[AndroidUiautomator2Driver@21b9]&amp#27;[0m No obsolete sessions have been detected (socket hang up)
&amp#27;[38;5;32m[40b97d0b]&amp#27;[0m&amp#27;[38;5;229m[ADB]&amp#27;[0m Running 'C:\Users\Gagana.CM\AppData\Local\Android\Sdk\platform-tools\adb.exe -P 5037 -s emulator-5554 shell am force-stop io.appium.uiautomator2.server'
&amp#27;[38;5;32m[40b97d0b]&amp#27;[0m&amp#27;[38;5;229m[ADB]&amp#27;[0m Running 'C:\Users\Gagana.CM\AppData\Local\Android\Sdk\platform-tools\adb.exe -P 5037 -s emulator-5554 shell am force-stop io.appium.uiautomator2.server.test'
&amp#27;[38;5;32m[40b97d0b]&amp#27;[0m&amp#27;[38;5;-25m[AndroidUiautomator2Driver@21b9]&amp#27;[0m Starting UIAutomator2 server 7.0.20
&amp#27;[38;5;32m[40b97d0b]&amp#27;[0m&amp#27;[38;5;-25m[AndroidUiautomator2Driver@21b9]&amp#27;[0m Using UIAutomator2 server from 'C:\Users\Gagana.CM\.appium\node_modules\appium-uiautomator2-driver\node_modules\appium-uiautomator2-server\apks\appium-uiautomator2-server-v7.0.20.apk' and test from 'C:\Users\Gagana.CM\.appium\node_modules\appium-uiautomator2-driver\node_modules\appium-uiautomator2-server\apks\appium-uiautomator2-server-debug-androidTest.apk'
&amp#27;[38;5;32m[40b97d0b]&amp#27;[0m&amp#27;[38;5;-25m[AndroidUiautomator2Driver@21b9]&amp#27;[0m Waiting up to 30000ms for UiAutomator2 to be online...
&amp#27;[38;5;32m[40b97d0b]&amp#27;[0m&amp#27;[38;5;229m[ADB]&amp#27;[0m Creating ADB subprocess with args: ["-P","5037","-s","emulator-5554","shell","am","instrument","-w","-e","disableAnalytics","true","io.appium.uiautomator2.server.test/androidx.test.runner.AndroidJUnitRunner"]
&amp#27;[38;5;32m[40b97d0b]&amp#27;[0m&amp#27;[38;5;-25m[AndroidUiautomator2Driver@21b9]&amp#27;[0m Matched '/status' to command name 'getStatus'
&amp#27;[38;5;32m[40b97d0b]&amp#27;[0m&amp#27;[38;5;-25m[AndroidUiautomator2Driver@21b9]&amp#27;[0m Proxying [GET /status] to [GET http://127.0.0.1:8200/status] with no body
&amp#27;[38;5;32m[40b97d0b]&amp#27;[0m&amp#27;[38;5;-25m[AndroidUiautomator2Driver@21b9]&amp#27;[0m socket hang up
&amp#27;[38;5;32m[40b97d0b]&amp#27;[0m&amp#27;[38;5;-25m[AndroidUiautomator2Driver@21b9]&amp#27;[0m Matched '/status' to command name 'getStatus'
&amp#27;[38;5;32m[40b97d0b]&amp#27;[0m&amp#27;[38;5;-25m[AndroidUiautomator2Driver@21b9]&amp#27;[0m Proxying [GET /status] to [GET http://127.0.0.1:8200/status] with no body
&amp#27;[38;5;32m[40b97d0b]&amp#27;[0m&amp#27;[38;5;-25m[AndroidUiautomator2Driver@21b9]&amp#27;[0m socket hang up
&amp#27;[38;5;32m[40b97d0b]&amp#27;[0m&amp#27;[38;5;-25m[AndroidUiautomator2Driver@21b9]&amp#27;[0m Matched '/status' to command name 'getStatus'
&amp#27;[38;5;32m[40b97d0b]&amp#27;[0m&amp#27;[38;5;-25m[AndroidUiautomator2Driver@21b9]&amp#27;[0m Proxying [GET /status] to [GET http://127.0.0.1:8200/status] with no body
&amp#27;[38;5;32m[40b97d0b]&amp#27;[0m&amp#27;[38;5;-25m[AndroidUiautomator2Driver@21b9]&amp#27;[0m socket hang up
&amp#27;[38;5;32m[40b97d0b]&amp#27;[0m&amp#27;[38;5;-25m[AndroidUiautomator2Driver@21b9]&amp#27;[0m [Instrumentation] 
&amp#27;[38;5;32m[40b97d0b]&amp#27;[0m&amp#27;[38;5;-25m[AndroidUiautomator2Driver@21b9]&amp#27;[0m Matched '/status' to command name 'getStatus'
&amp#27;[38;5;32m[40b97d0b]&amp#27;[0m&amp#27;[38;5;-25m[AndroidUiautomator2Driver@21b9]&amp#27;[0m Proxying [GET /status] to [GET http://127.0.0.1:8200/status] with no body
&amp#27;[38;5;32m[40b97d0b]&amp#27;[0m&amp#27;[38;5;-25m[AndroidUiautomator2Driver@21b9]&amp#27;[0m socket hang up
&amp#27;[38;5;32m[40b97d0b]&amp#27;[0m&amp#27;[38;5;-25m[AndroidUiautomator2Driver@21b9]&amp#27;[0m Matched '/status' to command name 'getStatus'
&amp#27;[38;5;32m[40b97d0b]&amp#27;[0m&amp#27;[38;5;-25m[AndroidUiautomator2Driver@21b9]&amp#27;[0m Proxying [GET /status] to [GET http://127.0.0.1:8200/status] with no body
&amp#27;[38;5;32m[40b97d0b]&amp#27;[0m&amp#27;[38;5;-25m[AndroidUiautomator2Driver@21b9]&amp#27;[0m Got response with status 200: {"sessionId":"None","value":{"message":"UiAutomator2 Server is ready to accept commands","ready":true}}
&amp#27;[38;5;32m[40b97d0b]&amp#27;[0m&amp#27;[38;5;-25m[AndroidUiautomator2Driver@21b9]&amp#27;[0m The initialization of the instrumentation process took 4320ms
&amp#27;[38;5;32m[40b97d0b]&amp#27;[0m&amp#27;[38;5;-25m[AndroidUiautomator2Driver@21b9]&amp#27;[0m Matched '/session' to command name 'createSession'
&amp#27;[38;5;32m[40b97d0b]&amp#27;[0m&amp#27;[38;5;-25m[AndroidUiautomator2Driver@21b9]&amp#27;[0m Proxying [POST /session] to [POST http://127.0.0.1:8200/session] with body: {"capabilities":{"firstMatch":[{"browserName":"Chrome","platformName":"ANDROID","chromedriverExecutable":"D:\\APPIUM-AUTOMATION\\Appium Workspace\\AppiumFramework-Android\\driver\\chromedriver.exe","deviceName":"emulator-5554","automationName":"UIAutomator2","platform":"LINUX","webStorageEnabled":false,"takesScreenshot":true,"javascriptEnabled":true,"databaseEnabled":false,"networkConnectionEnabled":true,"locationContextEnabled":false,"warnings":{},"desired":{"browserName":"Chrome","platformName":"ANDROID","chromedriverExecutable":"D:\\APPIUM-AUTOMATION\\Appium Workspace\\AppiumFramework-Android\\driver\\chromedriver.exe","deviceName":"DeviceEmulator","automationName":"UIAutomator2","appPackage":"com.android.chrome","appActivity":"com.android.chrome/com.google.android.apps.chrome.Main"},"deviceUDID":"emulator-5554"}],"alwaysMatch":{}}}
&amp#27;[38;5;32m[40b97d0b]&amp#27;[0m&amp#27;[38;5;-25m[AndroidUiautomator2Driver@21b9]&amp#27;[0m Got response with status 200: {"sessionId":"7e37c435-c08e-4078-92da-5bcb02872d3d","value":{"capabilities":{"firstMatch":[{"browserName":"Chrome","platformName":"ANDROID","chromedriverExecutable":"D:\\APPIUM-AUTOMATION\\Appium Workspace\\AppiumFramework-Android\\driver\\chromedriver.exe","deviceName":"emulator-5554","automationName":"UIAutomator2","platform":"LINUX","webStorageEnabled":false,"takesScreenshot":true,"javascriptEnabled":true,"databaseEnabled":false,"networkConnectionEnabled":true,"locationContextEnabled":false,"warnings":{},"desired":{"browserName":"Chrome","platformName":"ANDROID","chromedriverExecutable":"D:\\APPIUM-AUTOMATION\\Appium Workspace\\AppiumFramework-Android\\driver\\chromedriver.exe","deviceName":"DeviceEmulator","automationName":"UIAutomator2","appPackage":"com.android.chrome","appActivity":"com.android.chrome/com.google.android.apps.chrome.Main"},"deviceUDID":"emulator-5554"}],"alwaysMatch":{}},"sessionId":"7e37c435-c08e-4078-92da-5bcb02872d3d"}}
&amp#27;[38;5;32m[40b97d0b]&amp#27;[0m&amp#27;[38;5;-25m[AndroidUiautomator2Driver@21b9]&amp#27;[0m Determined the downstream protocol as 'W3C'
&amp#27;[38;5;32m[40b97d0b]&amp#27;[0m&amp#27;[38;5;-25m[AndroidUiautomator2Driver@21b9]&amp#27;[0m Proxying [GET /appium/device/pixel_ratio] to [GET http://127.0.0.1:8200/session/7e37c435-c08e-4078-92da-5bcb02872d3d/appium/device/pixel_ratio] with no body
&amp#27;[38;5;32m[40b97d0b]&amp#27;[0m&amp#27;[38;5;-25m[AndroidUiautomator2Driver@21b9]&amp#27;[0m Matched '/appium/device/system_bars' to command name 'getSystemBars'
&amp#27;[38;5;32m[40b97d0b]&amp#27;[0m&amp#27;[38;5;-25m[AndroidUiautomator2Driver@21b9]&amp#27;[0m Proxying [GET /appium/device/system_bars] to [GET http://127.0.0.1:8200/session/7e37c435-c08e-4078-92da-5bcb02872d3d/appium/device/system_bars] with no body
&amp#27;[38;5;32m[40b97d0b]&amp#27;[0m&amp#27;[38;5;-25m[AndroidUiautomator2Driver@21b9]&amp#27;[0m Matched '/window/current/size' to command name 'getWindowSize'
&amp#27;[38;5;32m[40b97d0b]&amp#27;[0m&amp#27;[38;5;-25m[AndroidUiautomator2Driver@21b9]&amp#27;[0m Proxying [GET /window/current/size] to [GET http://127.0.0.1:8200/session/7e37c435-c08e-4078-92da-5bcb02872d3d/window/current/size] with no body
&amp#27;[38;5;32m[40b97d0b]&amp#27;[0m&amp#27;[38;5;-25m[AndroidUiautomator2Driver@21b9]&amp#27;[0m Proxying [GET /appium/device/info] to [GET http://127.0.0.1:8200/session/7e37c435-c08e-4078-92da-5bcb02872d3d/appium/device/info] with no body
&amp#27;[38;5;32m[40b97d0b]&amp#27;[0m&amp#27;[38;5;229m[ADB]&amp#27;[0m Running 'C:\Users\Gagana.CM\AppData\Local\Android\Sdk\platform-tools\adb.exe -P 5037 -s emulator-5554 shell dumpsys window'
&amp#27;[38;5;32m[40b97d0b]&amp#27;[0m&amp#27;[38;5;229m[ADB]&amp#27;[0m Running 'C:\Users\Gagana.CM\AppData\Local\Android\Sdk\platform-tools\adb.exe -P 5037 -s emulator-5554 shell dumpsys power'
&amp#27;[38;5;32m[40b97d0b]&amp#27;[0m&amp#27;[38;5;-25m[AndroidUiautomator2Driver@21b9]&amp#27;[0m Got response with status 200: {"sessionId":"7e37c435-c08e-4078-92da-5bcb02872d3d","value":2.75}
&amp#27;[38;5;32m[40b97d0b]&amp#27;[0m&amp#27;[38;5;-25m[AndroidUiautomator2Driver@21b9]&amp#27;[0m Got response with status 200: {"sessionId":"7e37c435-c08e-4078-92da-5bcb02872d3d","value":{"height":2220,"width":1080}}
&amp#27;[38;5;32m[40b97d0b]&amp#27;[0m&amp#27;[38;5;-25m[AndroidUiautomator2Driver@21b9]&amp#27;[0m Got response with status 200: {"sessionId":"7e37c435-c08e-4078-92da-5bcb02872d3d","value":{"statusBar":66}}
&amp#27;[38;5;32m[40b97d0b]&amp#27;[0m&amp#27;[38;5;-25m[AndroidUiautomator2Driver@21b9]&amp#27;[0m Screen already unlocked, doing nothing
&amp#27;[38;5;32m[40b97d0b]&amp#27;[0m&amp#27;[38;5;-25m[AndroidUiautomator2Driver@21b9]&amp#27;[0m Starting a chrome-based browser session
&amp#27;[38;5;32m[40b97d0b]&amp#27;[0m&amp#27;[38;5;-25m[AndroidUiautomator2Driver@21b9]&amp#27;[0m A port was not given, using random free port: 63710
&amp#27;[38;5;32m[40b97d0b]&amp#27;[0m&amp#27;[38;5;-25m[AndroidUiautomator2Driver@21b9]&amp#27;[0m Automated Chromedriver download is disabled. Use 'chromedriver_autodownload' server feature to enable it
&amp#27;[38;5;32m[40b97d0b]&amp#27;[0m&amp#27;[38;5;-25m[AndroidUiautomator2Driver@21b9]&amp#27;[0m Precalculated Chromedriver capabilities: {
  "androidPackage": "com.android.chrome",
  "androidDeviceSerial": "emulator-5554"
}
&amp#27;[38;5;32m[40b97d0b]&amp#27;[0m&amp#27;[38;5;-25m[AndroidUiautomator2Driver@21b9]&amp#27;[0m Before starting chromedriver, androidPackage is 'com.android.chrome'
&amp#27;[38;5;32m[40b97d0b]&amp#27;[0m&amp#27;[38;5;89m[Chromedriver@bb90]&amp#27;[0m Changed state to 'starting'
&amp#27;[38;5;32m[40b97d0b]&amp#27;[0m&amp#27;[38;5;89m[Chromedriver@bb90]&amp#27;[0m Set chromedriver binary as: D:\APPIUM-AUTOMATION\Appium Workspace\AppiumFramework-Android\driver\chromedriver.exe
&amp#27;[38;5;32m[40b97d0b]&amp#27;[0m&amp#27;[38;5;89m[Chromedriver@bb90]&amp#27;[0m Killing any old chromedrivers, running: wmic process where "commandline like '%chromedriver.exe%--port=63710%'" delete
&amp#27;[38;5;32m[40b97d0b]&amp#27;[0m&amp#27;[38;5;-25m[AndroidUiautomator2Driver@21b9]&amp#27;[0m Got response with status 200: {"sessionId":"7e37c435-c08e-4078-92da-5bcb02872d3d","value":{"androidId":"9ce063cab0060064","apiVersion":"35","bluetooth":{"state":"ON"},"brand":"google","carrierName":"T-Mobile","displayDensity":440,"locale":"en_US","manufacturer":"Google","model":"sdk_gphone64_x86_64","networks":[{"capabilities":{"SSID":null,"linkDownBandwidthKbps":4300,"linkUpstreamBandwidthKbps":1800,"networkCapabilities":"NET_CAPABILITY_MMS,NET_CAPABILITY_SUPL,NET_CAPABILITY_IA,NET_CAPABILITY_XCAP,NET_CAPABILITY_INTERNET,NET_CAPABILITY_NOT_RESTRICTED,NET_CAPABILITY_TRUSTED,NET_CAPABILITY_NOT_VPN,NET_CAPABILITY_VALIDATED,NET_CAPABILITY_NOT_ROAMING,NET_CAPABILITY_FOREGROUND,NET_CAPABILITY_NOT_CONGESTED,NET_CAPABILITY_NOT_SUSPENDED","signalStrength":-2147483648,"transportTypes":"TRANSPORT_CELLULAR"},"detailedState":"CONNECTED","extraInfo":"fast.t-mobile.com","isAvailable":true,"isConnected":true,"isFailover":false,"isRoaming":false,"state":"CONNECTED","subtype":10,"subtypeName":"HSPA","type":0,"typeName":"MOBILE"}],"platformVersion":"15"...
&amp#27;[38;5;32m[40b97d0b]&amp#27;[0m&amp#27;[38;5;89m[Chromedriver@bb90]&amp#27;[0m Successfully cleaned up old chromedrivers
&amp#27;[38;5;32m[40b97d0b]&amp#27;[0m&amp#27;[38;5;89m[Chromedriver@bb90]&amp#27;[0m Cleaning this device's adb forwarded port socket connections: emulator-5554
&amp#27;[38;5;32m[40b97d0b]&amp#27;[0m&amp#27;[38;5;229m[ADB]&amp#27;[0m List forwarding ports
&amp#27;[38;5;32m[40b97d0b]&amp#27;[0m&amp#27;[38;5;229m[ADB]&amp#27;[0m Running 'C:\Users\Gagana.CM\AppData\Local\Android\Sdk\platform-tools\adb.exe -P 5037 -s emulator-5554 forward --list'
&amp#27;[38;5;32m[40b97d0b]&amp#27;[0m&amp#27;[38;5;89m[Chromedriver@bb90]&amp#27;[0m Spawning chromedriver with: D:\APPIUM-AUTOMATION\Appium Workspace\AppiumFramework-Android\driver\chromedriver.exe --port=63710 --adb-port=5037 --verbose
&amp#27;[38;5;32m[40b97d0b]&amp#27;[0m&amp#27;[38;5;89m[Chromedriver@bb90]&amp#27;[0m ChromeDriver version: '127.0.6533.88'
&amp#27;[38;5;32m[40b97d0b]&amp#27;[0m&amp#27;[38;5;89m[Chromedriver@bb90]&amp#27;[0m Set ChromeDriver communication protocol to W3C
&amp#27;[38;5;32m[40b97d0b]&amp#27;[0m&amp#27;[38;5;89m[Chromedriver@bb90]&amp#27;[0m Matched '/status' to command name 'getStatus'
&amp#27;[38;5;32m[40b97d0b]&amp#27;[0m&amp#27;[38;5;89m[Chromedriver@bb90]&amp#27;[0m Proxying [GET /status] to [GET http://127.0.0.1:63710/status] with no body
&amp#27;[38;5;32m[40b97d0b]&amp#27;[0m&amp#27;[38;5;89m[Chromedriver@bb90]&amp#27;[0m Got response with status 200: {"value":{"build":{"version":"127.0.6533.88 (a2d0cb026721e4644e489b8ebb07038ca4e4351c-refs/branch-heads/6533@{#1846})"},"message":"ChromeDriver ready for new sessions.","os":{"arch":"x86_64","name":"Windows NT","version":"10.0.22631"},"ready":true}}
&amp#27;[38;5;32m[40b97d0b]&amp#27;[0m&amp#27;[38;5;89m[Chromedriver@bb90]&amp#27;[0m Starting W3C Chromedriver session with capabilities: {
  "capabilities": {
    "alwaysMatch": {
      "goog:chromeOptions": {
        "androidPackage": "com.android.chrome",
        "androidDeviceSerial": "emulator-5554"
      },
      "goog:loggingPrefs": {
        "browser": "ALL"
      }
    }
  }
}
&amp#27;[38;5;32m[40b97d0b]&amp#27;[0m&amp#27;[38;5;89m[Chromedriver@bb90]&amp#27;[0m Matched '/session' to command name 'createSession'
&amp#27;[38;5;32m[40b97d0b]&amp#27;[0m&amp#27;[38;5;89m[Chromedriver@bb90]&amp#27;[0m Proxying [POST /session] to [POST http://127.0.0.1:63710/session] with body: {"capabilities":{"alwaysMatch":{"goog:chromeOptions":{"androidPackage":"com.android.chrome","androidDeviceSerial":"emulator-5554"},"goog:loggingPrefs":{"browser":"ALL"}}}}
&amp#27;[38;5;32m[40b97d0b]&amp#27;[0m&amp#27;[38;5;89m[Chromedriver@bb90]&amp#27;[0m Webview version: 'Chrome/127.0.6533.84'
&amp#27;[38;5;32m[40b97d0b]&amp#27;[0m&amp#27;[38;5;89m[Chromedriver@bb90]&amp#27;[0m Got response with status 200: {"value":{"capabilities":{"acceptInsecureCerts":false,"browserName":"chrome","browserVersion":"127.0.6533.84","chrome":{"chromedriverVersion":"127.0.6533.88 (a2d0cb026721e4644e489b8ebb07038ca4e4351c-refs/branch-heads/6533@{#1846})"},"fedcm:accounts":true,"goog:chromeOptions":{"debuggerAddress":"localhost:63737"},"pageLoadStrategy":"normal","platformName":"android","proxy":{},"setWindowRect":false,"strictFileInteractability":false,"timeouts":{"implicit":0,"pageLoad":300000,"script":30000},"unhandledPromptBehavior":"dismiss and notify","webauthn:extension:credBlob":false,"webauthn:extension:largeBlob":false,"webauthn:extension:minPinLength":false,"webauthn:extension:prf":false,"webauthn:virtualAuthenticators":false},"sessionId":"9f44275e2f8bb631e08d1af8f021e03a"}}
&amp#27;[38;5;32m[40b97d0b]&amp#27;[0m&amp#27;[38;5;89m[Chromedriver@bb90]&amp#27;[0m Determined the downstream protocol as 'W3C'
&amp#27;[38;5;32m[40b97d0b]&amp#27;[0m&amp#27;[38;5;89m[Chromedriver@bb90]&amp#27;[0m Changed state to 'online'
&amp#27;[38;5;32m[40b97d0b]&amp#27;[0m&amp#27;[38;5;165m[AppiumDriver@5970]&amp#27;[0m New AndroidUiautomator2Driver session created successfully, session 40b97d0b-ba06-4cea-87b2-a33c146f5d8c added to master session list
&amp#27;[38;5;32m[40b97d0b]&amp#27;[0m&amp#27;[38;5;165m[AppiumDriver@5970]&amp#27;[0m Event 'newSessionStarted' logged at 1727683490576 (13:34:50 GMT+0530 (India Standard Time))
&amp#27;[38;5;32m[40b97d0b]&amp#27;[0m&amp#27;[38;5;-25m[AndroidUiautomator2Driver@21b9]&amp#27;[0m Cached the protocol value 'W3C' for the new session 40b97d0b-ba06-4cea-87b2-a33c146f5d8c
&amp#27;[38;5;32m[40b97d0b]&amp#27;[0m&amp#27;[38;5;-25m[AndroidUiautomator2Driver@21b9]&amp#27;[0m Responding to client with driver.createSession() result: {"capabilities":{"browserName":"Chrome","platformName":"ANDROID","chromedriverExecutable":"D:\\APPIUM-AUTOMATION\\Appium Workspace\\AppiumFramework-Android\\driver\\chromedriver.exe","deviceName":"emulator-5554","automationName":"UIAutomator2","platform":"LINUX","webStorageEnabled":false,"takesScreenshot":true,"javascriptEnabled":true,"databaseEnabled":false,"networkConnectionEnabled":true,"locationContextEnabled":false,"warnings":{},"desired":{"browserName":"Chrome","platformName":"ANDROID","chromedriverExecutable":"D:\\APPIUM-AUTOMATION\\Appium Workspace\\AppiumFramework-Android\\driver\\chromedriver.exe","deviceName":"DeviceEmulator","automationName":"UIAutomator2","appPackage":"com.android.chrome","appActivity":"com.android.chrome/com.google.android.apps.chrome.Main"},"deviceUDID":"emulator-5554","pixelRatio":"2.75","statBarHeight":66,"viewportRect":{"left":0,"top":66,"width":1080,"height":2154},"deviceApiLevel":35,"platformVersion":"15","deviceManufacturer":"Google","deviceModel":"sdk_gphone64_x86_64"...
&amp#27;[38;5;32m[40b97d0b]&amp#27;[0m&amp#27;[38;5;86m[HTTP]&amp#27;[0m &amp#27;[37m<-- POST /session &amp#27;[39m&amp#27;[32m200&amp#27;[39m &amp#27;[90m16754 ms - 1141&amp#27;[39m &amp#27;[90m&amp#27;[39m
&amp#27;[38;5;32m[40b97d0b]&amp#27;[0m&amp#27;[38;5;86m[HTTP]&amp#27;[0m &amp#27;[37m-->&amp#27;[39m &amp#27;[37mPOST&amp#27;[39m &amp#27;[37m/session/40b97d0b-ba06-4cea-87b2-a33c146f5d8c/url&amp#27;[39m &amp#27;[90m{"url":"https://www.saucedemo.com/"}&amp#27;[39m
&amp#27;[38;5;32m[40b97d0b]&amp#27;[0m&amp#27;[38;5;-25m[AndroidUiautomator2Driver@21b9]&amp#27;[0m Driver proxy active, passing request on via HTTP proxy
&amp#27;[38;5;32m[40b97d0b]&amp#27;[0m&amp#27;[38;5;89m[Chromedriver@bb90]&amp#27;[0m Matched '/session/40b97d0b-ba06-4cea-87b2-a33c146f5d8c/url' to command name 'setUrl'
&amp#27;[38;5;32m[40b97d0b]&amp#27;[0m&amp#27;[38;5;89m[Chromedriver@bb90]&amp#27;[0m Proxying [POST /session/40b97d0b-ba06-4cea-87b2-a33c146f5d8c/url] to [POST http://127.0.0.1:63710/session/9f44275e2f8bb631e08d1af8f021e03a/url] with body: {"url":"https://www.saucedemo.com/"}
&amp#27;[38;5;32m[40b97d0b]&amp#27;[0m&amp#27;[38;5;89m[Chromedriver@bb90]&amp#27;[0m Got response with status 200: {"value":null}
&amp#27;[38;5;32m[40b97d0b]&amp#27;[0m&amp#27;[38;5;86m[HTTP]&amp#27;[0m &amp#27;[37m<-- POST /session/40b97d0b-ba06-4cea-87b2-a33c146f5d8c/url &amp#27;[39m&amp#27;[32m200&amp#27;[39m &amp#27;[90m2733 ms - 14&amp#27;[39m &amp#27;[90m&amp#27;[39m
&amp#27;[38;5;32m[40b97d0b]&amp#27;[0m&amp#27;[38;5;86m[HTTP]&amp#27;[0m &amp#27;[37m-->&amp#27;[39m &amp#27;[37mPOST&amp#27;[39m &amp#27;[37m/session/40b97d0b-ba06-4cea-87b2-a33c146f5d8c/timeouts&amp#27;[39m &amp#27;[90m{"implicit":10000}&amp#27;[39m
&amp#27;[38;5;32m[40b97d0b]&amp#27;[0m&amp#27;[38;5;-25m[AndroidUiautomator2Driver@21b9]&amp#27;[0m Driver proxy active, passing request on via HTTP proxy
&amp#27;[38;5;32m[40b97d0b]&amp#27;[0m&amp#27;[38;5;89m[Chromedriver@bb90]&amp#27;[0m Matched '/session/40b97d0b-ba06-4cea-87b2-a33c146f5d8c/timeouts' to command name 'timeouts'
&amp#27;[38;5;32m[40b97d0b]&amp#27;[0m&amp#27;[38;5;89m[Chromedriver@bb90]&amp#27;[0m Will send the following request bodies to /timeouts: [{"implicit":10000}]
&amp#27;[38;5;32m[40b97d0b]&amp#27;[0m&amp#27;[38;5;89m[Chromedriver@bb90]&amp#27;[0m Proxying [POST /session/40b97d0b-ba06-4cea-87b2-a33c146f5d8c/timeouts] to [POST http://127.0.0.1:63710/session/9f44275e2f8bb631e08d1af8f021e03a/timeouts] with body: {"implicit":10000}
&amp#27;[38;5;32m[40b97d0b]&amp#27;[0m&amp#27;[38;5;89m[Chromedriver@bb90]&amp#27;[0m Got response with status 200: {"value":null}
&amp#27;[38;5;32m[40b97d0b]&amp#27;[0m&amp#27;[38;5;86m[HTTP]&amp#27;[0m &amp#27;[37m<-- POST /session/40b97d0b-ba06-4cea-87b2-a33c146f5d8c/timeouts &amp#27;[39m&amp#27;[32m200&amp#27;[39m &amp#27;[90m11 ms - 14&amp#27;[39m &amp#27;[90m&amp#27;[39m
&amp#27;[38;5;32m[40b97d0b]&amp#27;[0m&amp#27;[38;5;86m[HTTP]&amp#27;[0m &amp#27;[37m-->&amp#27;[39m &amp#27;[37mPOST&amp#27;[39m &amp#27;[37m/session/40b97d0b-ba06-4cea-87b2-a33c146f5d8c/execute/sync&amp#27;[39m &amp#27;[90m{"args":[],"script":"return !!window.navigator;"}&amp#27;[39m
&amp#27;[38;5;32m[40b97d0b]&amp#27;[0m&amp#27;[38;5;-25m[AndroidUiautomator2Driver@21b9]&amp#27;[0m Calling AppiumDriver.execute() with args: ["return !!window.navigator;",[],"40b97d0b-ba06-4cea-87b2-a33c146f5d8c"]
&amp#27;[38;5;32m[40b97d0b]&amp#27;[0m&amp#27;[38;5;89m[Chromedriver@bb90]&amp#27;[0m Matched '/execute/sync' to command name 'execute'
&amp#27;[38;5;32m[40b97d0b]&amp#27;[0m&amp#27;[38;5;89m[Chromedriver@bb90]&amp#27;[0m Did not know how to rewrite the original URL '/execute/sync' for W3C protocol
&amp#27;[38;5;32m[40b97d0b]&amp#27;[0m&amp#27;[38;5;89m[Chromedriver@bb90]&amp#27;[0m Proxying [POST /execute/sync] to [POST http://127.0.0.1:63710/session/9f44275e2f8bb631e08d1af8f021e03a/execute/sync] with body: {"script":"return !!window.navigator;","args":[]}
&amp#27;[38;5;32m[40b97d0b]&amp#27;[0m&amp#27;[38;5;89m[Chromedriver@bb90]&amp#27;[0m Got response with status 200: {"value":true}
&amp#27;[38;5;32m[40b97d0b]&amp#27;[0m&amp#27;[38;5;-25m[AndroidUiautomator2Driver@21b9]&amp#27;[0m Responding to client with driver.execute() result: true
&amp#27;[38;5;32m[40b97d0b]&amp#27;[0m&amp#27;[38;5;86m[HTTP]&amp#27;[0m &amp#27;[37m<-- POST /session/40b97d0b-ba06-4cea-87b2-a33c146f5d8c/execute/sync &amp#27;[39m&amp#27;[32m200&amp#27;[39m &amp#27;[90m143 ms - 14&amp#27;[39m &amp#27;[90m&amp#27;[39m
&amp#27;[38;5;32m[40b97d0b]&amp#27;[0m&amp#27;[38;5;86m[HTTP]&amp#27;[0m &amp#27;[37m-->&amp#27;[39m &amp#27;[37mGET&amp#27;[39m &amp#27;[37m/session/40b97d0b-ba06-4cea-87b2-a33c146f5d8c/context&amp#27;[39m &amp#27;[90m{}&amp#27;[39m
&amp#27;[38;5;32m[40b97d0b]&amp#27;[0m&amp#27;[38;5;-25m[AndroidUiautomator2Driver@21b9]&amp#27;[0m Calling AppiumDriver.getCurrentContext() with args: ["40b97d0b-ba06-4cea-87b2-a33c146f5d8c"]
&amp#27;[38;5;32m[40b97d0b]&amp#27;[0m&amp#27;[38;5;-25m[AndroidUiautomator2Driver@21b9]&amp#27;[0m Responding to client with driver.getCurrentContext() result: "CHROMIUM"
&amp#27;[38;5;32m[40b97d0b]&amp#27;[0m&amp#27;[38;5;86m[HTTP]&amp#27;[0m &amp#27;[37m<-- GET /session/40b97d0b-ba06-4cea-87b2-a33c146f5d8c/context &amp#27;[39m&amp#27;[32m200&amp#27;[39m &amp#27;[90m23 ms - 20&amp#27;[39m &amp#27;[90m&amp#27;[39m
&amp#27;[38;5;32m[40b97d0b]&amp#27;[0m&amp#27;[38;5;86m[HTTP]&amp#27;[0m &amp#27;[37m-->&amp#27;[39m &amp#27;[37mPOST&amp#27;[39m &amp#27;[37m/session/40b97d0b-ba06-4cea-87b2-a33c146f5d8c/element&amp#27;[39m &amp#27;[90m{"value":"//input[@placeholder='Username']","using":"xpath"}&amp#27;[39m
&amp#27;[38;5;32m[40b97d0b]&amp#27;[0m&amp#27;[38;5;-25m[AndroidUiautomator2Driver@21b9]&amp#27;[0m Driver proxy active, passing request on via HTTP proxy
&amp#27;[38;5;32m[40b97d0b]&amp#27;[0m&amp#27;[38;5;89m[Chromedriver@bb90]&amp#27;[0m Matched '/session/40b97d0b-ba06-4cea-87b2-a33c146f5d8c/element' to command name 'findElement'
&amp#27;[38;5;32m[40b97d0b]&amp#27;[0m&amp#27;[38;5;89m[Chromedriver@bb90]&amp#27;[0m Proxying [POST /session/40b97d0b-ba06-4cea-87b2-a33c146f5d8c/element] to [POST http://127.0.0.1:63710/session/9f44275e2f8bb631e08d1af8f021e03a/element] with body: {"value":"//input[@placeholder='Username']","using":"xpath"}
&amp#27;[38;5;32m[40b97d0b]&amp#27;[0m&amp#27;[38;5;89m[Chromedriver@bb90]&amp#27;[0m Got response with status 200: {"value":{"element-6066-11e4-a52e-4f735466cecf":"f.BD21F5E19BBD10B2B1B5122E3BBBBCAB.d.9ECE0C967DE87A659C971C37B555A9D1.e.17"}}
&amp#27;[38;5;32m[40b97d0b]&amp#27;[0m&amp#27;[38;5;86m[HTTP]&amp#27;[0m &amp#27;[37m<-- POST /session/40b97d0b-ba06-4cea-87b2-a33c146f5d8c/element &amp#27;[39m&amp#27;[32m200&amp#27;[39m &amp#27;[90m332 ms - 213&amp#27;[39m &amp#27;[90m&amp#27;[39m
&amp#27;[38;5;32m[40b97d0b]&amp#27;[0m&amp#27;[38;5;86m[HTTP]&amp#27;[0m &amp#27;[37m-->&amp#27;[39m &amp#27;[37mPOST&amp#27;[39m &amp#27;[37m/session/40b97d0b-ba06-4cea-87b2-a33c146f5d8c/element/f.BD21F5E19BBD10B2B1B5122E3BBBBCAB.d.9ECE0C967DE87A659C971C37B555A9D1.e.17/value&amp#27;[39m &amp#27;[90m{"id":"f.BD21F5E19BBD10B2B1B5122E3BBBBCAB.d.9ECE0C967DE87A659C971C37B555A9D1.e.17","value":["s","t","a","n","d","a","r","d","_","u","s","e","r"],"text":"standard_user"}&amp#27;[39m
&amp#27;[38;5;32m[40b97d0b]&amp#27;[0m&amp#27;[38;5;-25m[AndroidUiautomator2Driver@21b9]&amp#27;[0m Driver proxy active, passing request on via HTTP proxy
&amp#27;[38;5;32m[40b97d0b]&amp#27;[0m&amp#27;[38;5;89m[Chromedriver@bb90]&amp#27;[0m Matched '/session/40b97d0b-ba06-4cea-87b2-a33c146f5d8c/element/f.BD21F5E19BBD10B2B1B5122E3BBBBCAB.d.9ECE0C967DE87A659C971C37B555A9D1.e.17/value' to command name 'setValue'
&amp#27;[38;5;32m[40b97d0b]&amp#27;[0m&amp#27;[38;5;89m[Chromedriver@bb90]&amp#27;[0m Proxying [POST /session/40b97d0b-ba06-4cea-87b2-a33c146f5d8c/element/f.BD21F5E19BBD10B2B1B5122E3BBBBCAB.d.9ECE0C967DE87A659C971C37B555A9D1.e.17/value] to [POST http://127.0.0.1:63710/session/9f44275e2f8bb631e08d1af8f021e03a/element/f.BD21F5E19BBD10B2B1B5122E3BBBBCAB.d.9ECE0C967DE87A659C971C37B555A9D1.e.17/value] with body: {"id":"f.BD21F5E19BBD10B2B1B5122E3BBBBCAB.d.9ECE0C967DE87A659C971C37B555A9D1.e.17","value":["s","t","a","n","d","a","r","d","_","u","s","e","r"],"text":"standard_user"}
&amp#27;[38;5;32m[40b97d0b]&amp#27;[0m&amp#27;[38;5;89m[Chromedriver@bb90]&amp#27;[0m Got response with status 200: {"value":null}
&amp#27;[38;5;32m[40b97d0b]&amp#27;[0m&amp#27;[38;5;86m[HTTP]&amp#27;[0m &amp#27;[37m<-- POST /session/40b97d0b-ba06-4cea-87b2-a33c146f5d8c/element/f.BD21F5E19BBD10B2B1B5122E3BBBBCAB.d.9ECE0C967DE87A659C971C37B555A9D1.e.17/value &amp#27;[39m&amp#27;[32m200&amp#27;[39m &amp#27;[90m1176 ms - 14&amp#27;[39m &amp#27;[90m&amp#27;[39m
&amp#27;[38;5;32m[40b97d0b]&amp#27;[0m&amp#27;[38;5;86m[HTTP]&amp#27;[0m &amp#27;[37m-->&amp#27;[39m &amp#27;[37mPOST&amp#27;[39m &amp#27;[37m/session/40b97d0b-ba06-4cea-87b2-a33c146f5d8c/execute/sync&amp#27;[39m &amp#27;[90m{"args":[],"script":"return !!window.navigator;"}&amp#27;[39m
&amp#27;[38;5;32m[40b97d0b]&amp#27;[0m&amp#27;[38;5;-25m[AndroidUiautomator2Driver@21b9]&amp#27;[0m Calling AppiumDriver.execute() with args: ["return !!window.navigator;",[],"40b97d0b-ba06-4cea-87b2-a33c146f5d8c"]
&amp#27;[38;5;32m[40b97d0b]&amp#27;[0m&amp#27;[38;5;89m[Chromedriver@bb90]&amp#27;[0m Matched '/execute/sync' to command name 'execute'
&amp#27;[38;5;32m[40b97d0b]&amp#27;[0m&amp#27;[38;5;89m[Chromedriver@bb90]&amp#27;[0m Did not know how to rewrite the original URL '/execute/sync' for W3C protocol
&amp#27;[38;5;32m[40b97d0b]&amp#27;[0m&amp#27;[38;5;89m[Chromedriver@bb90]&amp#27;[0m Proxying [POST /execute/sync] to [POST http://127.0.0.1:63710/session/9f44275e2f8bb631e08d1af8f021e03a/execute/sync] with body: {"script":"return !!window.navigator;","args":[]}
&amp#27;[38;5;32m[40b97d0b]&amp#27;[0m&amp#27;[38;5;89m[Chromedriver@bb90]&amp#27;[0m Got response with status 200: {"value":true}
&amp#27;[38;5;32m[40b97d0b]&amp#27;[0m&amp#27;[38;5;-25m[AndroidUiautomator2Driver@21b9]&amp#27;[0m Responding to client with driver.execute() result: true
&amp#27;[38;5;32m[40b97d0b]&amp#27;[0m&amp#27;[38;5;86m[HTTP]&amp#27;[0m &amp#27;[37m<-- POST /session/40b97d0b-ba06-4cea-87b2-a33c146f5d8c/execute/sync &amp#27;[39m&amp#27;[32m200&amp#27;[39m &amp#27;[90m176 ms - 14&amp#27;[39m &amp#27;[90m&amp#27;[39m
&amp#27;[38;5;32m[40b97d0b]&amp#27;[0m&amp#27;[38;5;86m[HTTP]&amp#27;[0m &amp#27;[37m-->&amp#27;[39m &amp#27;[37mGET&amp#27;[39m &amp#27;[37m/session/40b97d0b-ba06-4cea-87b2-a33c146f5d8c/context&amp#27;[39m &amp#27;[90m{}&amp#27;[39m
&amp#27;[38;5;32m[40b97d0b]&amp#27;[0m&amp#27;[38;5;-25m[AndroidUiautomator2Driver@21b9]&amp#27;[0m Calling AppiumDriver.getCurrentContext() with args: ["40b97d0b-ba06-4cea-87b2-a33c146f5d8c"]
&amp#27;[38;5;32m[40b97d0b]&amp#27;[0m&amp#27;[38;5;-25m[AndroidUiautomator2Driver@21b9]&amp#27;[0m Responding to client with driver.getCurrentContext() result: "CHROMIUM"
&amp#27;[38;5;32m[40b97d0b]&amp#27;[0m&amp#27;[38;5;86m[HTTP]&amp#27;[0m &amp#27;[37m<-- GET /session/40b97d0b-ba06-4cea-87b2-a33c146f5d8c/context &amp#27;[39m&amp#27;[32m200&amp#27;[39m &amp#27;[90m4 ms - 20&amp#27;[39m &amp#27;[90m&amp#27;[39m
&amp#27;[38;5;32m[40b97d0b]&amp#27;[0m&amp#27;[38;5;86m[HTTP]&amp#27;[0m &amp#27;[37m-->&amp#27;[39m &amp#27;[37mPOST&amp#27;[39m &amp#27;[37m/session/40b97d0b-ba06-4cea-87b2-a33c146f5d8c/element&amp#27;[39m &amp#27;[90m{"value":"//input[@placeholder='Password']","using":"xpath"}&amp#27;[39m
&amp#27;[38;5;32m[40b97d0b]&amp#27;[0m&amp#27;[38;5;-25m[AndroidUiautomator2Driver@21b9]&amp#27;[0m Driver proxy active, passing request on via HTTP proxy
&amp#27;[38;5;32m[40b97d0b]&amp#27;[0m&amp#27;[38;5;89m[Chromedriver@bb90]&amp#27;[0m Matched '/session/40b97d0b-ba06-4cea-87b2-a33c146f5d8c/element' to command name 'findElement'
&amp#27;[38;5;32m[40b97d0b]&amp#27;[0m&amp#27;[38;5;89m[Chromedriver@bb90]&amp#27;[0m Proxying [POST /session/40b97d0b-ba06-4cea-87b2-a33c146f5d8c/element] to [POST http://127.0.0.1:63710/session/9f44275e2f8bb631e08d1af8f021e03a/element] with body: {"value":"//input[@placeholder='Password']","using":"xpath"}
&amp#27;[38;5;32m[40b97d0b]&amp#27;[0m&amp#27;[38;5;89m[Chromedriver@bb90]&amp#27;[0m Got response with status 200: {"value":{"element-6066-11e4-a52e-4f735466cecf":"f.BD21F5E19BBD10B2B1B5122E3BBBBCAB.d.9ECE0C967DE87A659C971C37B555A9D1.e.19"}}
&amp#27;[38;5;32m[40b97d0b]&amp#27;[0m&amp#27;[38;5;86m[HTTP]&amp#27;[0m &amp#27;[37m<-- POST /session/40b97d0b-ba06-4cea-87b2-a33c146f5d8c/element &amp#27;[39m&amp#27;[32m200&amp#27;[39m &amp#27;[90m109 ms - 213&amp#27;[39m &amp#27;[90m&amp#27;[39m
&amp#27;[38;5;32m[40b97d0b]&amp#27;[0m&amp#27;[38;5;86m[HTTP]&amp#27;[0m &amp#27;[37m-->&amp#27;[39m &amp#27;[37mPOST&amp#27;[39m &amp#27;[37m/session/40b97d0b-ba06-4cea-87b2-a33c146f5d8c/element/f.BD21F5E19BBD10B2B1B5122E3BBBBCAB.d.9ECE0C967DE87A659C971C37B555A9D1.e.19/value&amp#27;[39m &amp#27;[90m{"id":"f.BD21F5E19BBD10B2B1B5122E3BBBBCAB.d.9ECE0C967DE87A659C971C37B555A9D1.e.19","value":["s","e","c","r","e","t","_","s","a","u","c","e"],"text":"secret_sauce"}&amp#27;[39m
&amp#27;[38;5;32m[40b97d0b]&amp#27;[0m&amp#27;[38;5;-25m[AndroidUiautomator2Driver@21b9]&amp#27;[0m Driver proxy active, passing request on via HTTP proxy
&amp#27;[38;5;32m[40b97d0b]&amp#27;[0m&amp#27;[38;5;89m[Chromedriver@bb90]&amp#27;[0m Matched '/session/40b97d0b-ba06-4cea-87b2-a33c146f5d8c/element/f.BD21F5E19BBD10B2B1B5122E3BBBBCAB.d.9ECE0C967DE87A659C971C37B555A9D1.e.19/value' to command name 'setValue'
&amp#27;[38;5;32m[40b97d0b]&amp#27;[0m&amp#27;[38;5;89m[Chromedriver@bb90]&amp#27;[0m Proxying [POST /session/40b97d0b-ba06-4cea-87b2-a33c146f5d8c/element/f.BD21F5E19BBD10B2B1B5122E3BBBBCAB.d.9ECE0C967DE87A659C971C37B555A9D1.e.19/value] to [POST http://127.0.0.1:63710/session/9f44275e2f8bb631e08d1af8f021e03a/element/f.BD21F5E19BBD10B2B1B5122E3BBBBCAB.d.9ECE0C967DE87A659C971C37B555A9D1.e.19/value] with body: {"id":"f.BD21F5E19BBD10B2B1B5122E3BBBBCAB.d.9ECE0C967DE87A659C971C37B555A9D1.e.19","value":["s","e","c","r","e","t","_","s","a","u","c","e"],"text":"secret_sauce"}
&amp#27;[38;5;32m[40b97d0b]&amp#27;[0m&amp#27;[38;5;89m[Chromedriver@bb90]&amp#27;[0m Got response with status 200: {"value":null}
&amp#27;[38;5;32m[40b97d0b]&amp#27;[0m&amp#27;[38;5;86m[HTTP]&amp#27;[0m &amp#27;[37m<-- POST /session/40b97d0b-ba06-4cea-87b2-a33c146f5d8c/element/f.BD21F5E19BBD10B2B1B5122E3BBBBCAB.d.9ECE0C967DE87A659C971C37B555A9D1.e.19/value &amp#27;[39m&amp#27;[32m200&amp#27;[39m &amp#27;[90m1409 ms - 14&amp#27;[39m &amp#27;[90m&amp#27;[39m
&amp#27;[38;5;32m[40b97d0b]&amp#27;[0m&amp#27;[38;5;86m[HTTP]&amp#27;[0m &amp#27;[37m-->&amp#27;[39m &amp#27;[37mPOST&amp#27;[39m &amp#27;[37m/session/40b97d0b-ba06-4cea-87b2-a33c146f5d8c/execute/sync&amp#27;[39m &amp#27;[90m{"args":[],"script":"return !!window.navigator;"}&amp#27;[39m
&amp#27;[38;5;32m[40b97d0b]&amp#27;[0m&amp#27;[38;5;-25m[AndroidUiautomator2Driver@21b9]&amp#27;[0m Calling AppiumDriver.execute() with args: ["return !!window.navigator;",[],"40b97d0b-ba06-4cea-87b2-a33c146f5d8c"]
&amp#27;[38;5;32m[40b97d0b]&amp#27;[0m&amp#27;[38;5;89m[Chromedriver@bb90]&amp#27;[0m Matched '/execute/sync' to command name 'execute'
&amp#27;[38;5;32m[40b97d0b]&amp#27;[0m&amp#27;[38;5;89m[Chromedriver@bb90]&amp#27;[0m Did not know how to rewrite the original URL '/execute/sync' for W3C protocol
&amp#27;[38;5;32m[40b97d0b]&amp#27;[0m&amp#27;[38;5;89m[Chromedriver@bb90]&amp#27;[0m Proxying [POST /execute/sync] to [POST http://127.0.0.1:63710/session/9f44275e2f8bb631e08d1af8f021e03a/execute/sync] with body: {"script":"return !!window.navigator;","args":[]}
&amp#27;[38;5;32m[40b97d0b]&amp#27;[0m&amp#27;[38;5;89m[Chromedriver@bb90]&amp#27;[0m Got response with status 200: {"value":true}
&amp#27;[38;5;32m[40b97d0b]&amp#27;[0m&amp#27;[38;5;-25m[AndroidUiautomator2Driver@21b9]&amp#27;[0m Responding to client with driver.execute() result: true
&amp#27;[38;5;32m[40b97d0b]&amp#27;[0m&amp#27;[38;5;86m[HTTP]&amp#27;[0m &amp#27;[37m<-- POST /session/40b97d0b-ba06-4cea-87b2-a33c146f5d8c/execute/sync &amp#27;[39m&amp#27;[32m200&amp#27;[39m &amp#27;[90m478 ms - 14&amp#27;[39m &amp#27;[90m&amp#27;[39m
&amp#27;[38;5;32m[40b97d0b]&amp#27;[0m&amp#27;[38;5;86m[HTTP]&amp#27;[0m &amp#27;[37m-->&amp#27;[39m &amp#27;[37mGET&amp#27;[39m &amp#27;[37m/session/40b97d0b-ba06-4cea-87b2-a33c146f5d8c/context&amp#27;[39m &amp#27;[90m{}&amp#27;[39m
&amp#27;[38;5;32m[40b97d0b]&amp#27;[0m&amp#27;[38;5;-25m[AndroidUiautomator2Driver@21b9]&amp#27;[0m Calling AppiumDriver.getCurrentContext() with args: ["40b97d0b-ba06-4cea-87b2-a33c146f5d8c"]
&amp#27;[38;5;32m[40b97d0b]&amp#27;[0m&amp#27;[38;5;-25m[AndroidUiautomator2Driver@21b9]&amp#27;[0m Responding to client with driver.getCurrentContext() result: "CHROMIUM"
&amp#27;[38;5;32m[40b97d0b]&amp#27;[0m&amp#27;[38;5;86m[HTTP]&amp#27;[0m &amp#27;[37m<-- GET /session/40b97d0b-ba06-4cea-87b2-a33c146f5d8c/context &amp#27;[39m&amp#27;[32m200&amp#27;[39m &amp#27;[90m4 ms - 20&amp#27;[39m &amp#27;[90m&amp#27;[39m
&amp#27;[38;5;32m[40b97d0b]&amp#27;[0m&amp#27;[38;5;86m[HTTP]&amp#27;[0m &amp#27;[37m-->&amp#27;[39m &amp#27;[37mPOST&amp#27;[39m &amp#27;[37m/session/40b97d0b-ba06-4cea-87b2-a33c146f5d8c/element&amp#27;[39m &amp#27;[90m{"value":"//input[@type='submit']","using":"xpath"}&amp#27;[39m
&amp#27;[38;5;32m[40b97d0b]&amp#27;[0m&amp#27;[38;5;-25m[AndroidUiautomator2Driver@21b9]&amp#27;[0m Driver proxy active, passing request on via HTTP proxy
&amp#27;[38;5;32m[40b97d0b]&amp#27;[0m&amp#27;[38;5;89m[Chromedriver@bb90]&amp#27;[0m Matched '/session/40b97d0b-ba06-4cea-87b2-a33c146f5d8c/element' to command name 'findElement'
&amp#27;[38;5;32m[40b97d0b]&amp#27;[0m&amp#27;[38;5;89m[Chromedriver@bb90]&amp#27;[0m Proxying [POST /session/40b97d0b-ba06-4cea-87b2-a33c146f5d8c/element] to [POST http://127.0.0.1:63710/session/9f44275e2f8bb631e08d1af8f021e03a/element] with body: {"value":"//input[@type='submit']","using":"xpath"}
&amp#27;[38;5;32m[40b97d0b]&amp#27;[0m&amp#27;[38;5;89m[Chromedriver@bb90]&amp#27;[0m Got response with status 200: {"value":{"element-6066-11e4-a52e-4f735466cecf":"f.BD21F5E19BBD10B2B1B5122E3BBBBCAB.d.9ECE0C967DE87A659C971C37B555A9D1.e.2"}}
&amp#27;[38;5;32m[40b97d0b]&amp#27;[0m&amp#27;[38;5;86m[HTTP]&amp#27;[0m &amp#27;[37m<-- POST /session/40b97d0b-ba06-4cea-87b2-a33c146f5d8c/element &amp#27;[39m&amp#27;[32m200&amp#27;[39m &amp#27;[90m145 ms - 211&amp#27;[39m &amp#27;[90m&amp#27;[39m
&amp#27;[38;5;32m[40b97d0b]&amp#27;[0m&amp#27;[38;5;86m[HTTP]&amp#27;[0m &amp#27;[37m-->&amp#27;[39m &amp#27;[37mPOST&amp#27;[39m &amp#27;[37m/session/40b97d0b-ba06-4cea-87b2-a33c146f5d8c/element/f.BD21F5E19BBD10B2B1B5122E3BBBBCAB.d.9ECE0C967DE87A659C971C37B555A9D1.e.2/click&amp#27;[39m &amp#27;[90m{"id":"f.BD21F5E19BBD10B2B1B5122E3BBBBCAB.d.9ECE0C967DE87A659C971C37B555A9D1.e.2"}&amp#27;[39m
&amp#27;[38;5;32m[40b97d0b]&amp#27;[0m&amp#27;[38;5;-25m[AndroidUiautomator2Driver@21b9]&amp#27;[0m Driver proxy active, passing request on via HTTP proxy
&amp#27;[38;5;32m[40b97d0b]&amp#27;[0m&amp#27;[38;5;89m[Chromedriver@bb90]&amp#27;[0m Matched '/session/40b97d0b-ba06-4cea-87b2-a33c146f5d8c/element/f.BD21F5E19BBD10B2B1B5122E3BBBBCAB.d.9ECE0C967DE87A659C971C37B555A9D1.e.2/click' to command name 'click'
&amp#27;[38;5;32m[40b97d0b]&amp#27;[0m&amp#27;[38;5;89m[Chromedriver@bb90]&amp#27;[0m Proxying [POST /session/40b97d0b-ba06-4cea-87b2-a33c146f5d8c/element/f.BD21F5E19BBD10B2B1B5122E3BBBBCAB.d.9ECE0C967DE87A659C971C37B555A9D1.e.2/click] to [POST http://127.0.0.1:63710/session/9f44275e2f8bb631e08d1af8f021e03a/element/f.BD21F5E19BBD10B2B1B5122E3BBBBCAB.d.9ECE0C967DE87A659C971C37B555A9D1.e.2/click] with body: {"id":"f.BD21F5E19BBD10B2B1B5122E3BBBBCAB.d.9ECE0C967DE87A659C971C37B555A9D1.e.2"}
&amp#27;[38;5;32m[40b97d0b]&amp#27;[0m&amp#27;[38;5;89m[Chromedriver@bb90]&amp#27;[0m Got response with status 200: {"value":null}
&amp#27;[38;5;32m[40b97d0b]&amp#27;[0m&amp#27;[38;5;86m[HTTP]&amp#27;[0m &amp#27;[37m<-- POST /session/40b97d0b-ba06-4cea-87b2-a33c146f5d8c/element/f.BD21F5E19BBD10B2B1B5122E3BBBBCAB.d.9ECE0C967DE87A659C971C37B555A9D1.e.2/click &amp#27;[39m&amp#27;[32m200&amp#27;[39m &amp#27;[90m2902 ms - 14&amp#27;[39m &amp#27;[90m&amp#27;[39m
&amp#27;[38;5;32m[40b97d0b]&amp#27;[0m&amp#27;[38;5;86m[HTTP]&amp#27;[0m &amp#27;[37m-->&amp#27;[39m &amp#27;[37mPOST&amp#27;[39m &amp#27;[37m/session/40b97d0b-ba06-4cea-87b2-a33c146f5d8c/execute/sync&amp#27;[39m &amp#27;[90m{"args":[],"script":"return !!window.navigator;"}&amp#27;[39m
&amp#27;[38;5;32m[40b97d0b]&amp#27;[0m&amp#27;[38;5;-25m[AndroidUiautomator2Driver@21b9]&amp#27;[0m Calling AppiumDriver.execute() with args: ["return !!window.navigator;",[],"40b97d0b-ba06-4cea-87b2-a33c146f5d8c"]
&amp#27;[38;5;32m[40b97d0b]&amp#27;[0m&amp#27;[38;5;89m[Chromedriver@bb90]&amp#27;[0m Matched '/execute/sync' to command name 'execute'
&amp#27;[38;5;32m[40b97d0b]&amp#27;[0m&amp#27;[38;5;89m[Chromedriver@bb90]&amp#27;[0m Did not know how to rewrite the original URL '/execute/sync' for W3C protocol
&amp#27;[38;5;32m[40b97d0b]&amp#27;[0m&amp#27;[38;5;89m[Chromedriver@bb90]&amp#27;[0m Proxying [POST /execute/sync] to [POST http://127.0.0.1:63710/session/9f44275e2f8bb631e08d1af8f021e03a/execute/sync] with body: {"script":"return !!window.navigator;","args":[]}
&amp#27;[38;5;32m[40b97d0b]&amp#27;[0m&amp#27;[38;5;89m[Chromedriver@bb90]&amp#27;[0m Got response with status 200: {"value":true}
&amp#27;[38;5;32m[40b97d0b]&amp#27;[0m&amp#27;[38;5;-25m[AndroidUiautomator2Driver@21b9]&amp#27;[0m Responding to client with driver.execute() result: true
&amp#27;[38;5;32m[40b97d0b]&amp#27;[0m&amp#27;[38;5;86m[HTTP]&amp#27;[0m &amp#27;[37m<-- POST /session/40b97d0b-ba06-4cea-87b2-a33c146f5d8c/execute/sync &amp#27;[39m&amp#27;[32m200&amp#27;[39m &amp#27;[90m183 ms - 14&amp#27;[39m &amp#27;[90m&amp#27;[39m
&amp#27;[38;5;32m[40b97d0b]&amp#27;[0m&amp#27;[38;5;86m[HTTP]&amp#27;[0m &amp#27;[37m-->&amp#27;[39m &amp#27;[37mGET&amp#27;[39m &amp#27;[37m/session/40b97d0b-ba06-4cea-87b2-a33c146f5d8c/context&amp#27;[39m &amp#27;[90m{}&amp#27;[39m
&amp#27;[38;5;32m[40b97d0b]&amp#27;[0m&amp#27;[38;5;-25m[AndroidUiautomator2Driver@21b9]&amp#27;[0m Calling AppiumDriver.getCurrentContext() with args: ["40b97d0b-ba06-4cea-87b2-a33c146f5d8c"]
&amp#27;[38;5;32m[40b97d0b]&amp#27;[0m&amp#27;[38;5;-25m[AndroidUiautomator2Driver@21b9]&amp#27;[0m Responding to client with driver.getCurrentContext() result: "CHROMIUM"
&amp#27;[38;5;32m[40b97d0b]&amp#27;[0m&amp#27;[38;5;86m[HTTP]&amp#27;[0m &amp#27;[37m<-- GET /session/40b97d0b-ba06-4cea-87b2-a33c146f5d8c/context &amp#27;[39m&amp#27;[32m200&amp#27;[39m &amp#27;[90m3 ms - 20&amp#27;[39m &amp#27;[90m&amp#27;[39m
&amp#27;[38;5;32m[40b97d0b]&amp#27;[0m&amp#27;[38;5;86m[HTTP]&amp#27;[0m &amp#27;[37m-->&amp#27;[39m &amp#27;[37mPOST&amp#27;[39m &amp#27;[37m/session/40b97d0b-ba06-4cea-87b2-a33c146f5d8c/element&amp#27;[39m &amp#27;[90m{"value":"//a[@id='item_4_title_link']/div","using":"xpath"}&amp#27;[39m
&amp#27;[38;5;32m[40b97d0b]&amp#27;[0m&amp#27;[38;5;-25m[AndroidUiautomator2Driver@21b9]&amp#27;[0m Driver proxy active, passing request on via HTTP proxy
&amp#27;[38;5;32m[40b97d0b]&amp#27;[0m&amp#27;[38;5;89m[Chromedriver@bb90]&amp#27;[0m Matched '/session/40b97d0b-ba06-4cea-87b2-a33c146f5d8c/element' to command name 'findElement'
&amp#27;[38;5;32m[40b97d0b]&amp#27;[0m&amp#27;[38;5;89m[Chromedriver@bb90]&amp#27;[0m Proxying [POST /session/40b97d0b-ba06-4cea-87b2-a33c146f5d8c/element] to [POST http://127.0.0.1:63710/session/9f44275e2f8bb631e08d1af8f021e03a/element] with body: {"value":"//a[@id='item_4_title_link']/div","using":"xpath"}
&amp#27;[38;5;32m[40b97d0b]&amp#27;[0m&amp#27;[38;5;89m[Chromedriver@bb90]&amp#27;[0m Got response with status 200: {"value":{"element-6066-11e4-a52e-4f735466cecf":"f.BD21F5E19BBD10B2B1B5122E3BBBBCAB.d.9ECE0C967DE87A659C971C37B555A9D1.e.72"}}
&amp#27;[38;5;32m[40b97d0b]&amp#27;[0m&amp#27;[38;5;86m[HTTP]&amp#27;[0m &amp#27;[37m<-- POST /session/40b97d0b-ba06-4cea-87b2-a33c146f5d8c/element &amp#27;[39m&amp#27;[32m200&amp#27;[39m &amp#27;[90m1030 ms - 213&amp#27;[39m &amp#27;[90m&amp#27;[39m
&amp#27;[38;5;32m[40b97d0b]&amp#27;[0m&amp#27;[38;5;86m[HTTP]&amp#27;[0m &amp#27;[37m-->&amp#27;[39m &amp#27;[37mGET&amp#27;[39m &amp#27;[37m/session/40b97d0b-ba06-4cea-87b2-a33c146f5d8c/element/f.BD21F5E19BBD10B2B1B5122E3BBBBCAB.d.9ECE0C967DE87A659C971C37B555A9D1.e.72/displayed&amp#27;[39m &amp#27;[90m{}&amp#27;[39m
&amp#27;[38;5;32m[40b97d0b]&amp#27;[0m&amp#27;[38;5;-25m[AndroidUiautomator2Driver@21b9]&amp#27;[0m Driver proxy active, passing request on via HTTP proxy
&amp#27;[38;5;32m[40b97d0b]&amp#27;[0m&amp#27;[38;5;89m[Chromedriver@bb90]&amp#27;[0m Matched '/session/40b97d0b-ba06-4cea-87b2-a33c146f5d8c/element/f.BD21F5E19BBD10B2B1B5122E3BBBBCAB.d.9ECE0C967DE87A659C971C37B555A9D1.e.72/displayed' to command name 'elementDisplayed'
&amp#27;[38;5;32m[40b97d0b]&amp#27;[0m&amp#27;[38;5;89m[Chromedriver@bb90]&amp#27;[0m Proxying [GET /session/40b97d0b-ba06-4cea-87b2-a33c146f5d8c/element/f.BD21F5E19BBD10B2B1B5122E3BBBBCAB.d.9ECE0C967DE87A659C971C37B555A9D1.e.72/displayed] to [GET http://127.0.0.1:63710/session/9f44275e2f8bb631e08d1af8f021e03a/element/f.BD21F5E19BBD10B2B1B5122E3BBBBCAB.d.9ECE0C967DE87A659C971C37B555A9D1.e.72/displayed] with no body
&amp#27;[38;5;32m[40b97d0b]&amp#27;[0m&amp#27;[38;5;89m[Chromedriver@bb90]&amp#27;[0m Got response with status 200: {"value":true}
&amp#27;[38;5;32m[40b97d0b]&amp#27;[0m&amp#27;[38;5;86m[HTTP]&amp#27;[0m &amp#27;[37m<-- GET /session/40b97d0b-ba06-4cea-87b2-a33c146f5d8c/element/f.BD21F5E19BBD10B2B1B5122E3BBBBCAB.d.9ECE0C967DE87A659C971C37B555A9D1.e.72/displayed &amp#27;[39m&amp#27;[32m200&amp#27;[39m &amp#27;[90m978 ms - 14&amp#27;[39m &amp#27;[90m&amp#27;[39m
&amp#27;[38;5;32m[40b97d0b]&amp#27;[0m&amp#27;[38;5;86m[HTTP]&amp#27;[0m &amp#27;[37m-->&amp#27;[39m &amp#27;[37mPOST&amp#27;[39m &amp#27;[37m/session/40b97d0b-ba06-4cea-87b2-a33c146f5d8c/execute/sync&amp#27;[39m &amp#27;[90m{"args":[],"script":"return !!window.navigator;"}&amp#27;[39m
&amp#27;[38;5;32m[40b97d0b]&amp#27;[0m&amp#27;[38;5;-25m[AndroidUiautomator2Driver@21b9]&amp#27;[0m Calling AppiumDriver.execute() with args: ["return !!window.navigator;",[],"40b97d0b-ba06-4cea-87b2-a33c146f5d8c"]
&amp#27;[38;5;32m[40b97d0b]&amp#27;[0m&amp#27;[38;5;89m[Chromedriver@bb90]&amp#27;[0m Matched '/execute/sync' to command name 'execute'
&amp#27;[38;5;32m[40b97d0b]&amp#27;[0m&amp#27;[38;5;89m[Chromedriver@bb90]&amp#27;[0m Did not know how to rewrite the original URL '/execute/sync' for W3C protocol
&amp#27;[38;5;32m[40b97d0b]&amp#27;[0m&amp#27;[38;5;89m[Chromedriver@bb90]&amp#27;[0m Proxying [POST /execute/sync] to [POST http://127.0.0.1:63710/session/9f44275e2f8bb631e08d1af8f021e03a/execute/sync] with body: {"script":"return !!window.navigator;","args":[]}
&amp#27;[38;5;32m[40b97d0b]&amp#27;[0m&amp#27;[38;5;89m[Chromedriver@bb90]&amp#27;[0m Got response with status 200: {"value":true}
&amp#27;[38;5;32m[40b97d0b]&amp#27;[0m&amp#27;[38;5;-25m[AndroidUiautomator2Driver@21b9]&amp#27;[0m Responding to client with driver.execute() result: true
&amp#27;[38;5;32m[40b97d0b]&amp#27;[0m&amp#27;[38;5;86m[HTTP]&amp#27;[0m &amp#27;[37m<-- POST /session/40b97d0b-ba06-4cea-87b2-a33c146f5d8c/execute/sync &amp#27;[39m&amp#27;[32m200&amp#27;[39m &amp#27;[90m341 ms - 14&amp#27;[39m &amp#27;[90m&amp#27;[39m
&amp#27;[38;5;32m[40b97d0b]&amp#27;[0m&amp#27;[38;5;86m[HTTP]&amp#27;[0m &amp#27;[37m-->&amp#27;[39m &amp#27;[37mGET&amp#27;[39m &amp#27;[37m/session/40b97d0b-ba06-4cea-87b2-a33c146f5d8c/context&amp#27;[39m &amp#27;[90m{}&amp#27;[39m
&amp#27;[38;5;32m[40b97d0b]&amp#27;[0m&amp#27;[38;5;-25m[AndroidUiautomator2Driver@21b9]&amp#27;[0m Calling AppiumDriver.getCurrentContext() with args: ["40b97d0b-ba06-4cea-87b2-a33c146f5d8c"]
&amp#27;[38;5;32m[40b97d0b]&amp#27;[0m&amp#27;[38;5;-25m[AndroidUiautomator2Driver@21b9]&amp#27;[0m Responding to client with driver.getCurrentContext() result: "CHROMIUM"
&amp#27;[38;5;32m[40b97d0b]&amp#27;[0m&amp#27;[38;5;86m[HTTP]&amp#27;[0m &amp#27;[37m<-- GET /session/40b97d0b-ba06-4cea-87b2-a33c146f5d8c/context &amp#27;[39m&amp#27;[32m200&amp#27;[39m &amp#27;[90m4 ms - 20&amp#27;[39m &amp#27;[90m&amp#27;[39m
&amp#27;[38;5;32m[40b97d0b]&amp#27;[0m&amp#27;[38;5;86m[HTTP]&amp#27;[0m &amp#27;[37m-->&amp#27;[39m &amp#27;[37mPOST&amp#27;[39m &amp#27;[37m/session/40b97d0b-ba06-4cea-87b2-a33c146f5d8c/element&amp#27;[39m &amp#27;[90m{"value":"//a[@id='item_4_title_link']/div","using":"xpath"}&amp#27;[39m
&amp#27;[38;5;32m[40b97d0b]&amp#27;[0m&amp#27;[38;5;-25m[AndroidUiautomator2Driver@21b9]&amp#27;[0m Driver proxy active, passing request on via HTTP proxy
&amp#27;[38;5;32m[40b97d0b]&amp#27;[0m&amp#27;[38;5;89m[Chromedriver@bb90]&amp#27;[0m Matched '/session/40b97d0b-ba06-4cea-87b2-a33c146f5d8c/element' to command name 'findElement'
&amp#27;[38;5;32m[40b97d0b]&amp#27;[0m&amp#27;[38;5;89m[Chromedriver@bb90]&amp#27;[0m Proxying [POST /session/40b97d0b-ba06-4cea-87b2-a33c146f5d8c/element] to [POST http://127.0.0.1:63710/session/9f44275e2f8bb631e08d1af8f021e03a/element] with body: {"value":"//a[@id='item_4_title_link']/div","using":"xpath"}
&amp#27;[38;5;32m[40b97d0b]&amp#27;[0m&amp#27;[38;5;89m[Chromedriver@bb90]&amp#27;[0m Got response with status 200: {"value":{"element-6066-11e4-a52e-4f735466cecf":"f.BD21F5E19BBD10B2B1B5122E3BBBBCAB.d.9ECE0C967DE87A659C971C37B555A9D1.e.72"}}
&amp#27;[38;5;32m[40b97d0b]&amp#27;[0m&amp#27;[38;5;86m[HTTP]&amp#27;[0m &amp#27;[37m<-- POST /session/40b97d0b-ba06-4cea-87b2-a33c146f5d8c/element &amp#27;[39m&amp#27;[32m200&amp#27;[39m &amp#27;[90m71 ms - 213&amp#27;[39m &amp#27;[90m&amp#27;[39m
&amp#27;[38;5;32m[40b97d0b]&amp#27;[0m&amp#27;[38;5;86m[HTTP]&amp#27;[0m &amp#27;[37m-->&amp#27;[39m &amp#27;[37mGET&amp#27;[39m &amp#27;[37m/session/40b97d0b-ba06-4cea-87b2-a33c146f5d8c/element/f.BD21F5E19BBD10B2B1B5122E3BBBBCAB.d.9ECE0C967DE87A659C971C37B555A9D1.e.72/text&amp#27;[39m &amp#27;[90m{}&amp#27;[39m
&amp#27;[38;5;32m[40b97d0b]&amp#27;[0m&amp#27;[38;5;-25m[AndroidUiautomator2Driver@21b9]&amp#27;[0m Driver proxy active, passing request on via HTTP proxy
&amp#27;[38;5;32m[40b97d0b]&amp#27;[0m&amp#27;[38;5;89m[Chromedriver@bb90]&amp#27;[0m Matched '/session/40b97d0b-ba06-4cea-87b2-a33c146f5d8c/element/f.BD21F5E19BBD10B2B1B5122E3BBBBCAB.d.9ECE0C967DE87A659C971C37B555A9D1.e.72/text' to command name 'getText'
&amp#27;[38;5;32m[40b97d0b]&amp#27;[0m&amp#27;[38;5;89m[Chromedriver@bb90]&amp#27;[0m Proxying [GET /session/40b97d0b-ba06-4cea-87b2-a33c146f5d8c/element/f.BD21F5E19BBD10B2B1B5122E3BBBBCAB.d.9ECE0C967DE87A659C971C37B555A9D1.e.72/text] to [GET http://127.0.0.1:63710/session/9f44275e2f8bb631e08d1af8f021e03a/element/f.BD21F5E19BBD10B2B1B5122E3BBBBCAB.d.9ECE0C967DE87A659C971C37B555A9D1.e.72/text] with no body
&amp#27;[38;5;32m[40b97d0b]&amp#27;[0m&amp#27;[38;5;89m[Chromedriver@bb90]&amp#27;[0m Got response with status 200: {"value":"Sauce Labs Backpack"}
&amp#27;[38;5;32m[40b97d0b]&amp#27;[0m&amp#27;[38;5;86m[HTTP]&amp#27;[0m &amp#27;[37m<-- GET /session/40b97d0b-ba06-4cea-87b2-a33c146f5d8c/element/f.BD21F5E19BBD10B2B1B5122E3BBBBCAB.d.9ECE0C967DE87A659C971C37B555A9D1.e.72/text &amp#27;[39m&amp#27;[32m200&amp#27;[39m &amp#27;[90m94 ms - 31&amp#27;[39m &amp#27;[90m&amp#27;[39m
&amp#27;[38;5;32m[40b97d0b]&amp#27;[0m&amp#27;[38;5;86m[HTTP]&amp#27;[0m &amp#27;[37m-->&amp#27;[39m &amp#27;[37mPOST&amp#27;[39m &amp#27;[37m/session/40b97d0b-ba06-4cea-87b2-a33c146f5d8c/execute/sync&amp#27;[39m &amp#27;[90m{"args":[],"script":"return !!window.navigator;"}&amp#27;[39m
&amp#27;[38;5;32m[40b97d0b]&amp#27;[0m&amp#27;[38;5;-25m[AndroidUiautomator2Driver@21b9]&amp#27;[0m Calling AppiumDriver.execute() with args: ["return !!window.navigator;",[],"40b97d0b-ba06-4cea-87b2-a33c146f5d8c"]
&amp#27;[38;5;32m[40b97d0b]&amp#27;[0m&amp#27;[38;5;89m[Chromedriver@bb90]&amp#27;[0m Matched '/execute/sync' to command name 'execute'
&amp#27;[38;5;32m[40b97d0b]&amp#27;[0m&amp#27;[38;5;89m[Chromedriver@bb90]&amp#27;[0m Did not know how to rewrite the original URL '/execute/sync' for W3C protocol
&amp#27;[38;5;32m[40b97d0b]&amp#27;[0m&amp#27;[38;5;89m[Chromedriver@bb90]&amp#27;[0m Proxying [POST /execute/sync] to [POST http://127.0.0.1:63710/session/9f44275e2f8bb631e08d1af8f021e03a/execute/sync] with body: {"script":"return !!window.navigator;","args":[]}
&amp#27;[38;5;32m[40b97d0b]&amp#27;[0m&amp#27;[38;5;89m[Chromedriver@bb90]&amp#27;[0m Got response with status 200: {"value":true}
&amp#27;[38;5;32m[40b97d0b]&amp#27;[0m&amp#27;[38;5;-25m[AndroidUiautomator2Driver@21b9]&amp#27;[0m Responding to client with driver.execute() result: true
&amp#27;[38;5;32m[40b97d0b]&amp#27;[0m&amp#27;[38;5;86m[HTTP]&amp#27;[0m &amp#27;[37m<-- POST /session/40b97d0b-ba06-4cea-87b2-a33c146f5d8c/execute/sync &amp#27;[39m&amp#27;[32m200&amp#27;[39m &amp#27;[90m72 ms - 14&amp#27;[39m &amp#27;[90m&amp#27;[39m
&amp#27;[38;5;32m[40b97d0b]&amp#27;[0m&amp#27;[38;5;86m[HTTP]&amp#27;[0m &amp#27;[37m-->&amp#27;[39m &amp#27;[37mGET&amp#27;[39m &amp#27;[37m/session/40b97d0b-ba06-4cea-87b2-a33c146f5d8c/context&amp#27;[39m &amp#27;[90m{}&amp#27;[39m
&amp#27;[38;5;32m[40b97d0b]&amp#27;[0m&amp#27;[38;5;-25m[AndroidUiautomator2Driver@21b9]&amp#27;[0m Calling AppiumDriver.getCurrentContext() with args: ["40b97d0b-ba06-4cea-87b2-a33c146f5d8c"]
&amp#27;[38;5;32m[40b97d0b]&amp#27;[0m&amp#27;[38;5;-25m[AndroidUiautomator2Driver@21b9]&amp#27;[0m Responding to client with driver.getCurrentContext() result: "CHROMIUM"
&amp#27;[38;5;32m[40b97d0b]&amp#27;[0m&amp#27;[38;5;86m[HTTP]&amp#27;[0m &amp#27;[37m<-- GET /session/40b97d0b-ba06-4cea-87b2-a33c146f5d8c/context &amp#27;[39m&amp#27;[32m200&amp#27;[39m &amp#27;[90m2 ms - 20&amp#27;[39m &amp#27;[90m&amp#27;[39m
&amp#27;[38;5;32m[40b97d0b]&amp#27;[0m&amp#27;[38;5;86m[HTTP]&amp#27;[0m &amp#27;[37m-->&amp#27;[39m &amp#27;[37mPOST&amp#27;[39m &amp#27;[37m/session/40b97d0b-ba06-4cea-87b2-a33c146f5d8c/element&amp#27;[39m &amp#27;[90m{"value":"//a[@id='item_4_title_link']/div","using":"xpath"}&amp#27;[39m
&amp#27;[38;5;32m[40b97d0b]&amp#27;[0m&amp#27;[38;5;-25m[AndroidUiautomator2Driver@21b9]&amp#27;[0m Driver proxy active, passing request on via HTTP proxy
&amp#27;[38;5;32m[40b97d0b]&amp#27;[0m&amp#27;[38;5;89m[Chromedriver@bb90]&amp#27;[0m Matched '/session/40b97d0b-ba06-4cea-87b2-a33c146f5d8c/element' to command name 'findElement'
&amp#27;[38;5;32m[40b97d0b]&amp#27;[0m&amp#27;[38;5;89m[Chromedriver@bb90]&amp#27;[0m Proxying [POST /session/40b97d0b-ba06-4cea-87b2-a33c146f5d8c/element] to [POST http://127.0.0.1:63710/session/9f44275e2f8bb631e08d1af8f021e03a/element] with body: {"value":"//a[@id='item_4_title_link']/div","using":"xpath"}
&amp#27;[38;5;32m[40b97d0b]&amp#27;[0m&amp#27;[38;5;89m[Chromedriver@bb90]&amp#27;[0m Got response with status 200: {"value":{"element-6066-11e4-a52e-4f735466cecf":"f.BD21F5E19BBD10B2B1B5122E3BBBBCAB.d.9ECE0C967DE87A659C971C37B555A9D1.e.72"}}
&amp#27;[38;5;32m[40b97d0b]&amp#27;[0m&amp#27;[38;5;86m[HTTP]&amp#27;[0m &amp#27;[37m<-- POST /session/40b97d0b-ba06-4cea-87b2-a33c146f5d8c/element &amp#27;[39m&amp#27;[32m200&amp#27;[39m &amp#27;[90m72 ms - 213&amp#27;[39m &amp#27;[90m&amp#27;[39m
&amp#27;[38;5;32m[40b97d0b]&amp#27;[0m&amp#27;[38;5;86m[HTTP]&amp#27;[0m &amp#27;[37m-->&amp#27;[39m &amp#27;[37mPOST&amp#27;[39m &amp#27;[37m/session/40b97d0b-ba06-4cea-87b2-a33c146f5d8c/element/f.BD21F5E19BBD10B2B1B5122E3BBBBCAB.d.9ECE0C967DE87A659C971C37B555A9D1.e.72/click&amp#27;[39m &amp#27;[90m{"id":"f.BD21F5E19BBD10B2B1B5122E3BBBBCAB.d.9ECE0C967DE87A659C971C37B555A9D1.e.72"}&amp#27;[39m
&amp#27;[38;5;32m[40b97d0b]&amp#27;[0m&amp#27;[38;5;-25m[AndroidUiautomator2Driver@21b9]&amp#27;[0m Driver proxy active, passing request on via HTTP proxy
&amp#27;[38;5;32m[40b97d0b]&amp#27;[0m&amp#27;[38;5;89m[Chromedriver@bb90]&amp#27;[0m Matched '/session/40b97d0b-ba06-4cea-87b2-a33c146f5d8c/element/f.BD21F5E19BBD10B2B1B5122E3BBBBCAB.d.9ECE0C967DE87A659C971C37B555A9D1.e.72/click' to command name 'click'
&amp#27;[38;5;32m[40b97d0b]&amp#27;[0m&amp#27;[38;5;89m[Chromedriver@bb90]&amp#27;[0m Proxying [POST /session/40b97d0b-ba06-4cea-87b2-a33c146f5d8c/element/f.BD21F5E19BBD10B2B1B5122E3BBBBCAB.d.9ECE0C967DE87A659C971C37B555A9D1.e.72/click] to [POST http://127.0.0.1:63710/session/9f44275e2f8bb631e08d1af8f021e03a/element/f.BD21F5E19BBD10B2B1B5122E3BBBBCAB.d.9ECE0C967DE87A659C971C37B555A9D1.e.72/click] with body: {"id":"f.BD21F5E19BBD10B2B1B5122E3BBBBCAB.d.9ECE0C967DE87A659C971C37B555A9D1.e.72"}
&amp#27;[38;5;32m[40b97d0b]&amp#27;[0m&amp#27;[38;5;89m[Chromedriver@bb90]&amp#27;[0m Got response with status 200: {"value":null}
&amp#27;[38;5;32m[40b97d0b]&amp#27;[0m&amp#27;[38;5;86m[HTTP]&amp#27;[0m &amp#27;[37m<-- POST /session/40b97d0b-ba06-4cea-87b2-a33c146f5d8c/element/f.BD21F5E19BBD10B2B1B5122E3BBBBCAB.d.9ECE0C967DE87A659C971C37B555A9D1.e.72/click &amp#27;[39m&amp#27;[32m200&amp#27;[39m &amp#27;[90m352 ms - 14&amp#27;[39m &amp#27;[90m&amp#27;[39m
&amp#27;[38;5;32m[40b97d0b]&amp#27;[0m&amp#27;[38;5;86m[HTTP]&amp#27;[0m &amp#27;[37m-->&amp#27;[39m &amp#27;[37mPOST&amp#27;[39m &amp#27;[37m/session/40b97d0b-ba06-4cea-87b2-a33c146f5d8c/execute/sync&amp#27;[39m &amp#27;[90m{"args":[],"script":"return !!window.navigator;"}&amp#27;[39m
&amp#27;[38;5;32m[40b97d0b]&amp#27;[0m&amp#27;[38;5;-25m[AndroidUiautomator2Driver@21b9]&amp#27;[0m Calling AppiumDriver.execute() with args: ["return !!window.navigator;",[],"40b97d0b-ba06-4cea-87b2-a33c146f5d8c"]
&amp#27;[38;5;32m[40b97d0b]&amp#27;[0m&amp#27;[38;5;89m[Chromedriver@bb90]&amp#27;[0m Matched '/execute/sync' to command name 'execute'
&amp#27;[38;5;32m[40b97d0b]&amp#27;[0m&amp#27;[38;5;89m[Chromedriver@bb90]&amp#27;[0m Did not know how to rewrite the original URL '/execute/sync' for W3C protocol
&amp#27;[38;5;32m[40b97d0b]&amp#27;[0m&amp#27;[38;5;89m[Chromedriver@bb90]&amp#27;[0m Proxying [POST /execute/sync] to [POST http://127.0.0.1:63710/session/9f44275e2f8bb631e08d1af8f021e03a/execute/sync] with body: {"script":"return !!window.navigator;","args":[]}
&amp#27;[38;5;32m[40b97d0b]&amp#27;[0m&amp#27;[38;5;89m[Chromedriver@bb90]&amp#27;[0m Got response with status 200: {"value":true}
&amp#27;[38;5;32m[40b97d0b]&amp#27;[0m&amp#27;[38;5;-25m[AndroidUiautomator2Driver@21b9]&amp#27;[0m Responding to client with driver.execute() result: true
&amp#27;[38;5;32m[40b97d0b]&amp#27;[0m&amp#27;[38;5;86m[HTTP]&amp#27;[0m &amp#27;[37m<-- POST /session/40b97d0b-ba06-4cea-87b2-a33c146f5d8c/execute/sync &amp#27;[39m&amp#27;[32m200&amp#27;[39m &amp#27;[90m130 ms - 14&amp#27;[39m &amp#27;[90m&amp#27;[39m
&amp#27;[38;5;32m[40b97d0b]&amp#27;[0m&amp#27;[38;5;86m[HTTP]&amp#27;[0m &amp#27;[37m-->&amp#27;[39m &amp#27;[37mGET&amp#27;[39m &amp#27;[37m/session/40b97d0b-ba06-4cea-87b2-a33c146f5d8c/context&amp#27;[39m &amp#27;[90m{}&amp#27;[39m
&amp#27;[38;5;32m[40b97d0b]&amp#27;[0m&amp#27;[38;5;-25m[AndroidUiautomator2Driver@21b9]&amp#27;[0m Calling AppiumDriver.getCurrentContext() with args: ["40b97d0b-ba06-4cea-87b2-a33c146f5d8c"]
&amp#27;[38;5;32m[40b97d0b]&amp#27;[0m&amp#27;[38;5;-25m[AndroidUiautomator2Driver@21b9]&amp#27;[0m Responding to client with driver.getCurrentContext() result: "CHROMIUM"
&amp#27;[38;5;32m[40b97d0b]&amp#27;[0m&amp#27;[38;5;86m[HTTP]&amp#27;[0m &amp#27;[37m<-- GET /session/40b97d0b-ba06-4cea-87b2-a33c146f5d8c/context &amp#27;[39m&amp#27;[32m200&amp#27;[39m &amp#27;[90m3 ms - 20&amp#27;[39m &amp#27;[90m&amp#27;[39m
&amp#27;[38;5;32m[40b97d0b]&amp#27;[0m&amp#27;[38;5;86m[HTTP]&amp#27;[0m &amp#27;[37m-->&amp#27;[39m &amp#27;[37mPOST&amp#27;[39m &amp#27;[37m/session/40b97d0b-ba06-4cea-87b2-a33c146f5d8c/element&amp#27;[39m &amp#27;[90m{"value":".inventory_details_name.large_size","using":"css selector"}&amp#27;[39m
&amp#27;[38;5;32m[40b97d0b]&amp#27;[0m&amp#27;[38;5;-25m[AndroidUiautomator2Driver@21b9]&amp#27;[0m Driver proxy active, passing request on via HTTP proxy
&amp#27;[38;5;32m[40b97d0b]&amp#27;[0m&amp#27;[38;5;89m[Chromedriver@bb90]&amp#27;[0m Matched '/session/40b97d0b-ba06-4cea-87b2-a33c146f5d8c/element' to command name 'findElement'
&amp#27;[38;5;32m[40b97d0b]&amp#27;[0m&amp#27;[38;5;89m[Chromedriver@bb90]&amp#27;[0m Proxying [POST /session/40b97d0b-ba06-4cea-87b2-a33c146f5d8c/element] to [POST http://127.0.0.1:63710/session/9f44275e2f8bb631e08d1af8f021e03a/element] with body: {"value":".inventory_details_name.large_size","using":"css selector"}
&amp#27;[38;5;32m[40b97d0b]&amp#27;[0m&amp#27;[38;5;89m[Chromedriver@bb90]&amp#27;[0m Got response with status 200: {"value":{"element-6066-11e4-a52e-4f735466cecf":"f.BD21F5E19BBD10B2B1B5122E3BBBBCAB.d.9ECE0C967DE87A659C971C37B555A9D1.e.103"}}
&amp#27;[38;5;32m[40b97d0b]&amp#27;[0m&amp#27;[38;5;86m[HTTP]&amp#27;[0m &amp#27;[37m<-- POST /session/40b97d0b-ba06-4cea-87b2-a33c146f5d8c/element &amp#27;[39m&amp#27;[32m200&amp#27;[39m &amp#27;[90m121 ms - 215&amp#27;[39m &amp#27;[90m&amp#27;[39m
&amp#27;[38;5;32m[40b97d0b]&amp#27;[0m&amp#27;[38;5;86m[HTTP]&amp#27;[0m &amp#27;[37m-->&amp#27;[39m &amp#27;[37mGET&amp#27;[39m &amp#27;[37m/session/40b97d0b-ba06-4cea-87b2-a33c146f5d8c/element/f.BD21F5E19BBD10B2B1B5122E3BBBBCAB.d.9ECE0C967DE87A659C971C37B555A9D1.e.103/displayed&amp#27;[39m &amp#27;[90m{}&amp#27;[39m
&amp#27;[38;5;32m[40b97d0b]&amp#27;[0m&amp#27;[38;5;-25m[AndroidUiautomator2Driver@21b9]&amp#27;[0m Driver proxy active, passing request on via HTTP proxy
&amp#27;[38;5;32m[40b97d0b]&amp#27;[0m&amp#27;[38;5;89m[Chromedriver@bb90]&amp#27;[0m Matched '/session/40b97d0b-ba06-4cea-87b2-a33c146f5d8c/element/f.BD21F5E19BBD10B2B1B5122E3BBBBCAB.d.9ECE0C967DE87A659C971C37B555A9D1.e.103/displayed' to command name 'elementDisplayed'
&amp#27;[38;5;32m[40b97d0b]&amp#27;[0m&amp#27;[38;5;89m[Chromedriver@bb90]&amp#27;[0m Proxying [GET /session/40b97d0b-ba06-4cea-87b2-a33c146f5d8c/element/f.BD21F5E19BBD10B2B1B5122E3BBBBCAB.d.9ECE0C967DE87A659C971C37B555A9D1.e.103/displayed] to [GET http://127.0.0.1:63710/session/9f44275e2f8bb631e08d1af8f021e03a/element/f.BD21F5E19BBD10B2B1B5122E3BBBBCAB.d.9ECE0C967DE87A659C971C37B555A9D1.e.103/displayed] with no body
&amp#27;[38;5;32m[40b97d0b]&amp#27;[0m&amp#27;[38;5;89m[Chromedriver@bb90]&amp#27;[0m Got response with status 200: {"value":true}
&amp#27;[38;5;32m[40b97d0b]&amp#27;[0m&amp#27;[38;5;86m[HTTP]&amp#27;[0m &amp#27;[37m<-- GET /session/40b97d0b-ba06-4cea-87b2-a33c146f5d8c/element/f.BD21F5E19BBD10B2B1B5122E3BBBBCAB.d.9ECE0C967DE87A659C971C37B555A9D1.e.103/displayed &amp#27;[39m&amp#27;[32m200&amp#27;[39m &amp#27;[90m158 ms - 14&amp#27;[39m &amp#27;[90m&amp#27;[39m
&amp#27;[38;5;32m[40b97d0b]&amp#27;[0m&amp#27;[38;5;86m[HTTP]&amp#27;[0m &amp#27;[37m-->&amp#27;[39m &amp#27;[37mPOST&amp#27;[39m &amp#27;[37m/session/40b97d0b-ba06-4cea-87b2-a33c146f5d8c/execute/sync&amp#27;[39m &amp#27;[90m{"args":[],"script":"window.scrollBy(0,1000)"}&amp#27;[39m
&amp#27;[38;5;32m[40b97d0b]&amp#27;[0m&amp#27;[38;5;-25m[AndroidUiautomator2Driver@21b9]&amp#27;[0m Calling AppiumDriver.execute() with args: ["window.scrollBy(0,1000)",[],"40b97d0b-ba06-4cea-87b2-a33c146f5d8c"]
&amp#27;[38;5;32m[40b97d0b]&amp#27;[0m&amp#27;[38;5;89m[Chromedriver@bb90]&amp#27;[0m Matched '/execute/sync' to command name 'execute'
&amp#27;[38;5;32m[40b97d0b]&amp#27;[0m&amp#27;[38;5;89m[Chromedriver@bb90]&amp#27;[0m Did not know how to rewrite the original URL '/execute/sync' for W3C protocol
&amp#27;[38;5;32m[40b97d0b]&amp#27;[0m&amp#27;[38;5;89m[Chromedriver@bb90]&amp#27;[0m Proxying [POST /execute/sync] to [POST http://127.0.0.1:63710/session/9f44275e2f8bb631e08d1af8f021e03a/execute/sync] with body: {"script":"window.scrollBy(0,1000)","args":[]}
&amp#27;[38;5;32m[40b97d0b]&amp#27;[0m&amp#27;[38;5;89m[Chromedriver@bb90]&amp#27;[0m Got response with status 200: {"value":null}
&amp#27;[38;5;32m[40b97d0b]&amp#27;[0m&amp#27;[38;5;-25m[AndroidUiautomator2Driver@21b9]&amp#27;[0m Responding to client with driver.execute() result: null
&amp#27;[38;5;32m[40b97d0b]&amp#27;[0m&amp#27;[38;5;86m[HTTP]&amp#27;[0m &amp#27;[37m<-- POST /session/40b97d0b-ba06-4cea-87b2-a33c146f5d8c/execute/sync &amp#27;[39m&amp#27;[32m200&amp#27;[39m &amp#27;[90m654 ms - 14&amp#27;[39m &amp#27;[90m&amp#27;[39m
&amp#27;[38;5;32m[40b97d0b]&amp#27;[0m&amp#27;[38;5;86m[HTTP]&amp#27;[0m &amp#27;[37m-->&amp#27;[39m &amp#27;[37mPOST&amp#27;[39m &amp#27;[37m/session/40b97d0b-ba06-4cea-87b2-a33c146f5d8c/execute/sync&amp#27;[39m &amp#27;[90m{"args":[],"script":"return !!window.navigator;"}&amp#27;[39m
&amp#27;[38;5;32m[40b97d0b]&amp#27;[0m&amp#27;[38;5;-25m[AndroidUiautomator2Driver@21b9]&amp#27;[0m Calling AppiumDriver.execute() with args: ["return !!window.navigator;",[],"40b97d0b-ba06-4cea-87b2-a33c146f5d8c"]
&amp#27;[38;5;32m[40b97d0b]&amp#27;[0m&amp#27;[38;5;89m[Chromedriver@bb90]&amp#27;[0m Matched '/execute/sync' to command name 'execute'
&amp#27;[38;5;32m[40b97d0b]&amp#27;[0m&amp#27;[38;5;89m[Chromedriver@bb90]&amp#27;[0m Did not know how to rewrite the original URL '/execute/sync' for W3C protocol
&amp#27;[38;5;32m[40b97d0b]&amp#27;[0m&amp#27;[38;5;89m[Chromedriver@bb90]&amp#27;[0m Proxying [POST /execute/sync] to [POST http://127.0.0.1:63710/session/9f44275e2f8bb631e08d1af8f021e03a/execute/sync] with body: {"script":"return !!window.navigator;","args":[]}
&amp#27;[38;5;32m[40b97d0b]&amp#27;[0m&amp#27;[38;5;89m[Chromedriver@bb90]&amp#27;[0m Got response with status 200: {"value":true}
&amp#27;[38;5;32m[40b97d0b]&amp#27;[0m&amp#27;[38;5;-25m[AndroidUiautomator2Driver@21b9]&amp#27;[0m Responding to client with driver.execute() result: true
[...]
&amp#27;[38;5;32m[40b97d0b]&amp#27;[0m&amp#27;[38;5;86m[HTTP]&amp#27;[0m &amp#27;[37m-->&amp#27;[39m &amp#27;[37mPOST&amp#27;[39m &amp#27;[37m/session/40b97d0b-ba06-4cea-87b2-a33c146f5d8c/element&amp#27;[39m &amp#27;[90m{"value":".inventory_item_name","using":"css selector"}&amp#27;[39m
&amp#27;[38;5;32m[40b97d0b]&amp#27;[0m&amp#27;[38;5;-25m[AndroidUiautomator2Driver@21b9]&amp#27;[0m Driver proxy active, passing request on via HTTP proxy
&amp#27;[38;5;32m[40b97d0b]&amp#27;[0m&amp#27;[38;5;89m[Chromedriver@bb90]&amp#27;[0m Matched '/session/40b97d0b-ba06-4cea-87b2-a33c146f5d8c/element' to command name 'findElement'
&amp#27;[38;5;32m[40b97d0b]&amp#27;[0m&amp#27;[38;5;89m[Chromedriver@bb90]&amp#27;[0m Proxying [POST /session/40b97d0b-ba06-4cea-87b2-a33c146f5d8c/element] to [POST http://127.0.0.1:63710/session/9f44275e2f8bb631e08d1af8f021e03a/element] with body: {"value":".inventory_item_name","using":"css selector"}
&amp#27;[38;5;32m[40b97d0b]&amp#27;[0m&amp#27;[38;5;89m[Chromedriver@bb90]&amp#27;[0m Got response with status 200: {"value":{"element-6066-11e4-a52e-4f735466cecf":"f.BD21F5E19BBD10B2B1B5122E3BBBBCAB.d.9ECE0C967DE87A659C971C37B555A9D1.e.439"}}
&amp#27;[38;5;32m[40b97d0b]&amp#27;[0m&amp#27;[38;5;86m[HTTP]&amp#27;[0m &amp#27;[37m<-- POST /session/40b97d0b-ba06-4cea-87b2-a33c146f5d8c/element &amp#27;[39m&amp#27;[32m200&amp#27;[39m &amp#27;[90m62 ms - 215&amp#27;[39m &amp#27;[90m&amp#27;[39m
&amp#27;[38;5;32m[40b97d0b]&amp#27;[0m&amp#27;[38;5;86m[HTTP]&amp#27;[0m &amp#27;[37m-->&amp#27;[39m &amp#27;[37mGET&amp#27;[39m &amp#27;[37m/session/40b97d0b-ba06-4cea-87b2-a33c146f5d8c/element/f.BD21F5E19BBD10B2B1B5122E3BBBBCAB.d.9ECE0C967DE87A659C971C37B555A9D1.e.439/text&amp#27;[39m &amp#27;[90m{}&amp#27;[39m
&amp#27;[38;5;32m[40b97d0b]&amp#27;[0m&amp#27;[38;5;-25m[AndroidUiautomator2Driver@21b9]&amp#27;[0m Driver proxy active, passing request on via HTTP proxy
&amp#27;[38;5;32m[40b97d0b]&amp#27;[0m&amp#27;[38;5;89m[Chromedriver@bb90]&amp#27;[0m Matched '/session/40b97d0b-ba06-4cea-87b2-a33c146f5d8c/element/f.BD21F5E19BBD10B2B1B5122E3BBBBCAB.d.9ECE0C967DE87A659C971C37B555A9D1.e.439/text' to command name 'getText'
&amp#27;[38;5;32m[40b97d0b]&amp#27;[0m&amp#27;[38;5;89m[Chromedriver@bb90]&amp#27;[0m Proxying [GET /session/40b97d0b-ba06-4cea-87b2-a33c146f5d8c/element/f.BD21F5E19BBD10B2B1B5122E3BBBBCAB.d.9ECE0C967DE87A659C971C37B555A9D1.e.439/text] to [GET http://127.0.0.1:63710/session/9f44275e2f8bb631e08d1af8f021e03a/element/f.BD21F5E19BBD10B2B1B5122E3BBBBCAB.d.9ECE0C967DE87A659C971C37B555A9D1.e.439/text] with no body
&amp#27;[38;5;32m[40b97d0b]&amp#27;[0m&amp#27;[38;5;89m[Chromedriver@bb90]&amp#27;[0m Got response with status 200: {"value":"Sauce Labs Backpack"}
&amp#27;[38;5;32m[40b97d0b]&amp#27;[0m&amp#27;[38;5;86m[HTTP]&amp#27;[0m &amp#27;[37m<-- GET /session/40b97d0b-ba06-4cea-87b2-a33c146f5d8c/element/f.BD21F5E19BBD10B2B1B5122E3BBBBCAB.d.9ECE0C967DE87A659C971C37B555A9D1.e.439/text &amp#27;[39m&amp#27;[32m200&amp#27;[39m &amp#27;[90m60 ms - 31&amp#27;[39m &amp#27;[90m&amp#27;[39m
&amp#27;[38;5;32m[40b97d0b]&amp#27;[0m&amp#27;[38;5;86m[HTTP]&amp#27;[0m &amp#27;[37m-->&amp#27;[39m &amp#27;[37mPOST&amp#27;[39m &amp#27;[37m/session/40b97d0b-ba06-4cea-87b2-a33c146f5d8c/execute/sync&amp#27;[39m &amp#27;[90m{"args":[],"script":"return !!window.navigator;"}&amp#27;[39m
&amp#27;[38;5;32m[40b97d0b]&amp#27;[0m&amp#27;[38;5;-25m[AndroidUiautomator2Driver@21b9]&amp#27;[0m Calling AppiumDriver.execute() with args: ["return !!window.navigator;",[],"40b97d0b-ba06-4cea-87b2-a33c146f5d8c"]
&amp#27;[38;5;32m[40b97d0b]&amp#27;[0m&amp#27;[38;5;89m[Chromedriver@bb90]&amp#27;[0m Matched '/execute/sync' to command name 'execute'
&amp#27;[38;5;32m[40b97d0b]&amp#27;[0m&amp#27;[38;5;89m[Chromedriver@bb90]&amp#27;[0m Did not know how to rewrite the original URL '/execute/sync' for W3C protocol
&amp#27;[38;5;32m[40b97d0b]&amp#27;[0m&amp#27;[38;5;89m[Chromedriver@bb90]&amp#27;[0m Proxying [POST /execute/sync] to [POST http://127.0.0.1:63710/session/9f44275e2f8bb631e08d1af8f021e03a/execute/sync] with body: {"script":"return !!window.navigator;","args":[]}
&amp#27;[38;5;32m[40b97d0b]&amp#27;[0m&amp#27;[38;5;89m[Chromedriver@bb90]&amp#27;[0m Got response with status 200: {"value":true}
&amp#27;[38;5;32m[40b97d0b]&amp#27;[0m&amp#27;[38;5;-25m[AndroidUiautomator2Driver@21b9]&amp#27;[0m Responding to client with driver.execute() result: true
&amp#27;[38;5;32m[40b97d0b]&amp#27;[0m&amp#27;[38;5;86m[HTTP]&amp#27;[0m &amp#27;[37m<-- POST /session/40b97d0b-ba06-4cea-87b2-a33c146f5d8c/execute/sync &amp#27;[39m&amp#27;[32m200&amp#27;[39m &amp#27;[90m46 ms - 14&amp#27;[39m &amp#27;[90m&amp#27;[39m
&amp#27;[38;5;32m[40b97d0b]&amp#27;[0m&amp#27;[38;5;86m[HTTP]&amp#27;[0m &amp#27;[37m-->&amp#27;[39m &amp#27;[37mGET&amp#27;[39m &amp#27;[37m/session/40b97d0b-ba06-4cea-87b2-a33c146f5d8c/context&amp#27;[39m &amp#27;[90m{}&amp#27;[39m
&amp#27;[38;5;32m[40b97d0b]&amp#27;[0m&amp#27;[38;5;-25m[AndroidUiautomator2Driver@21b9]&amp#27;[0m Calling AppiumDriver.getCurrentContext() with args: ["40b97d0b-ba06-4cea-87b2-a33c146f5d8c"]
&amp#27;[38;5;32m[40b97d0b]&amp#27;[0m&amp#27;[38;5;-25m[AndroidUiautomator2Driver@21b9]&amp#27;[0m Responding to client with driver.getCurrentContext() result: "CHROMIUM"
&amp#27;[38;5;32m[40b97d0b]&amp#27;[0m&amp#27;[38;5;86m[HTTP]&amp#27;[0m &amp#27;[37m<-- GET /session/40b97d0b-ba06-4cea-87b2-a33c146f5d8c/context &amp#27;[39m&amp#27;[32m200&amp#27;[39m &amp#27;[90m3 ms - 20&amp#27;[39m &amp#27;[90m&amp#27;[39m
&amp#27;[38;5;32m[40b97d0b]&amp#27;[0m&amp#27;[38;5;86m[HTTP]&amp#27;[0m &amp#27;[37m-->&amp#27;[39m &amp#27;[37mPOST&amp#27;[39m &amp#27;[37m/session/40b97d0b-ba06-4cea-87b2-a33c146f5d8c/element&amp#27;[39m &amp#27;[90m{"value":"#finish","using":"css selector"}&amp#27;[39m
&amp#27;[38;5;32m[40b97d0b]&amp#27;[0m&amp#27;[38;5;-25m[AndroidUiautomator2Driver@21b9]&amp#27;[0m Driver proxy active, passing request on via HTTP proxy
&amp#27;[38;5;32m[40b97d0b]&amp#27;[0m&amp#27;[38;5;89m[Chromedriver@bb90]&amp#27;[0m Matched '/session/40b97d0b-ba06-4cea-87b2-a33c146f5d8c/element' to command name 'findElement'
&amp#27;[38;5;32m[40b97d0b]&amp#27;[0m&amp#27;[38;5;89m[Chromedriver@bb90]&amp#27;[0m Proxying [POST /session/40b97d0b-ba06-4cea-87b2-a33c146f5d8c/element] to [POST http://127.0.0.1:63710/session/9f44275e2f8bb631e08d1af8f021e03a/element] with body: {"value":"#finish","using":"css selector"}
&amp#27;[38;5;32m[40b97d0b]&amp#27;[0m&amp#27;[38;5;89m[Chromedriver@bb90]&amp#27;[0m Got response with status 200: {"value":{"element-6066-11e4-a52e-4f735466cecf":"f.BD21F5E19BBD10B2B1B5122E3BBBBCAB.d.9ECE0C967DE87A659C971C37B555A9D1.e.455"}}
&amp#27;[38;5;32m[40b97d0b]&amp#27;[0m&amp#27;[38;5;86m[HTTP]&amp#27;[0m &amp#27;[37m<-- POST /session/40b97d0b-ba06-4cea-87b2-a33c146f5d8c/element &amp#27;[39m&amp#27;[32m200&amp#27;[39m &amp#27;[90m80 ms - 215&amp#27;[39m &amp#27;[90m&amp#27;[39m
&amp#27;[38;5;32m[40b97d0b]&amp#27;[0m&amp#27;[38;5;86m[HTTP]&amp#27;[0m &amp#27;[37m-->&amp#27;[39m &amp#27;[37mPOST&amp#27;[39m &amp#27;[37m/session/40b97d0b-ba06-4cea-87b2-a33c146f5d8c/element/f.BD21F5E19BBD10B2B1B5122E3BBBBCAB.d.9ECE0C967DE87A659C971C37B555A9D1.e.455/click&amp#27;[39m &amp#27;[90m{"id":"f.BD21F5E19BBD10B2B1B5122E3BBBBCAB.d.9ECE0C967DE87A659C971C37B555A9D1.e.455"}&amp#27;[39m
&amp#27;[38;5;32m[40b97d0b]&amp#27;[0m&amp#27;[38;5;-25m[AndroidUiautomator2Driver@21b9]&amp#27;[0m Driver proxy active, passing request on via HTTP proxy
&amp#27;[38;5;32m[40b97d0b]&amp#27;[0m&amp#27;[38;5;89m[Chromedriver@bb90]&amp#27;[0m Matched '/session/40b97d0b-ba06-4cea-87b2-a33c146f5d8c/element/f.BD21F5E19BBD10B2B1B5122E3BBBBCAB.d.9ECE0C967DE87A659C971C37B555A9D1.e.455/click' to command name 'click'
&amp#27;[38;5;32m[40b97d0b]&amp#27;[0m&amp#27;[38;5;89m[Chromedriver@bb90]&amp#27;[0m Proxying [POST /session/40b97d0b-ba06-4cea-87b2-a33c146f5d8c/element/f.BD21F5E19BBD10B2B1B5122E3BBBBCAB.d.9ECE0C967DE87A659C971C37B555A9D1.e.455/click] to [POST http://127.0.0.1:63710/session/9f44275e2f8bb631e08d1af8f021e03a/element/f.BD21F5E19BBD10B2B1B5122E3BBBBCAB.d.9ECE0C967DE87A659C971C37B555A9D1.e.455/click] with body: {"id":"f.BD21F5E19BBD10B2B1B5122E3BBBBCAB.d.9ECE0C967DE87A659C971C37B555A9D1.e.455"}
&amp#27;[38;5;32m[40b97d0b]&amp#27;[0m&amp#27;[38;5;89m[Chromedriver@bb90]&amp#27;[0m Got response with status 200: {"value":null}
&amp#27;[38;5;32m[40b97d0b]&amp#27;[0m&amp#27;[38;5;86m[HTTP]&amp#27;[0m &amp#27;[37m<-- POST /session/40b97d0b-ba06-4cea-87b2-a33c146f5d8c/element/f.BD21F5E19BBD10B2B1B5122E3BBBBCAB.d.9ECE0C967DE87A659C971C37B555A9D1.e.455/click &amp#27;[39m&amp#27;[32m200&amp#27;[39m &amp#27;[90m414 ms - 14&amp#27;[39m &amp#27;[90m&amp#27;[39m
&amp#27;[38;5;32m[40b97d0b]&amp#27;[0m&amp#27;[38;5;86m[HTTP]&amp#27;[0m &amp#27;[37m-->&amp#27;[39m &amp#27;[37mPOST&amp#27;[39m &amp#27;[37m/session/40b97d0b-ba06-4cea-87b2-a33c146f5d8c/execute/sync&amp#27;[39m &amp#27;[90m{"args":[],"script":"return !!window.navigator;"}&amp#27;[39m
&amp#27;[38;5;32m[40b97d0b]&amp#27;[0m&amp#27;[38;5;-25m[AndroidUiautomator2Driver@21b9]&amp#27;[0m Calling AppiumDriver.execute() with args: ["return !!window.navigator;",[],"40b97d0b-ba06-4cea-87b2-a33c146f5d8c"]
&amp#27;[38;5;32m[40b97d0b]&amp#27;[0m&amp#27;[38;5;89m[Chromedriver@bb90]&amp#27;[0m Matched '/execute/sync' to command name 'execute'
&amp#27;[38;5;32m[40b97d0b]&amp#27;[0m&amp#27;[38;5;89m[Chromedriver@bb90]&amp#27;[0m Did not know how to rewrite the original URL '/execute/sync' for W3C protocol
&amp#27;[38;5;32m[40b97d0b]&amp#27;[0m&amp#27;[38;5;89m[Chromedriver@bb90]&amp#27;[0m Proxying [POST /execute/sync] to [POST http://127.0.0.1:63710/session/9f44275e2f8bb631e08d1af8f021e03a/execute/sync] with body: {"script":"return !!window.navigator;","args":[]}
&amp#27;[38;5;32m[40b97d0b]&amp#27;[0m&amp#27;[38;5;89m[Chromedriver@bb90]&amp#27;[0m Got response with status 200: {"value":true}
&amp#27;[38;5;32m[40b97d0b]&amp#27;[0m&amp#27;[38;5;-25m[AndroidUiautomator2Driver@21b9]&amp#27;[0m Responding to client with driver.execute() result: true
&amp#27;[38;5;32m[40b97d0b]&amp#27;[0m&amp#27;[38;5;86m[HTTP]&amp#27;[0m &amp#27;[37m<-- POST /session/40b97d0b-ba06-4cea-87b2-a33c146f5d8c/execute/sync &amp#27;[39m&amp#27;[32m200&amp#27;[39m &amp#27;[90m92 ms - 14&amp#27;[39m &amp#27;[90m&amp#27;[39m
&amp#27;[38;5;32m[40b97d0b]&amp#27;[0m&amp#27;[38;5;86m[HTTP]&amp#27;[0m &amp#27;[37m-->&amp#27;[39m &amp#27;[37mGET&amp#27;[39m &amp#27;[37m/session/40b97d0b-ba06-4cea-87b2-a33c146f5d8c/context&amp#27;[39m &amp#27;[90m{}&amp#27;[39m
&amp#27;[38;5;32m[40b97d0b]&amp#27;[0m&amp#27;[38;5;-25m[AndroidUiautomator2Driver@21b9]&amp#27;[0m Calling AppiumDriver.getCurrentContext() with args: ["40b97d0b-ba06-4cea-87b2-a33c146f5d8c"]
&amp#27;[38;5;32m[40b97d0b]&amp#27;[0m&amp#27;[38;5;-25m[AndroidUiautomator2Driver@21b9]&amp#27;[0m Responding to client with driver.getCurrentContext() result: "CHROMIUM"
&amp#27;[38;5;32m[40b97d0b]&amp#27;[0m&amp#27;[38;5;86m[HTTP]&amp#27;[0m &amp#27;[37m<-- GET /session/40b97d0b-ba06-4cea-87b2-a33c146f5d8c/context &amp#27;[39m&amp#27;[32m200&amp#27;[39m &amp#27;[90m3 ms - 20&amp#27;[39m &amp#27;[90m&amp#27;[39m
&amp#27;[38;5;32m[40b97d0b]&amp#27;[0m&amp#27;[38;5;86m[HTTP]&amp#27;[0m &amp#27;[37m-->&amp#27;[39m &amp#27;[37mPOST&amp#27;[39m &amp#27;[37m/session/40b97d0b-ba06-4cea-87b2-a33c146f5d8c/element&amp#27;[39m &amp#27;[90m{"value":"//div[@id='checkout_complete_container']/h2","using":"xpath"}&amp#27;[39m
&amp#27;[38;5;32m[40b97d0b]&amp#27;[0m&amp#27;[38;5;-25m[AndroidUiautomator2Driver@21b9]&amp#27;[0m Driver proxy active, passing request on via HTTP proxy
&amp#27;[38;5;32m[40b97d0b]&amp#27;[0m&amp#27;[38;5;89m[Chromedriver@bb90]&amp#27;[0m Matched '/session/40b97d0b-ba06-4cea-87b2-a33c146f5d8c/element' to command name 'findElement'
&amp#27;[38;5;32m[40b97d0b]&amp#27;[0m&amp#27;[38;5;89m[Chromedriver@bb90]&amp#27;[0m Proxying [POST /session/40b97d0b-ba06-4cea-87b2-a33c146f5d8c/element] to [POST http://127.0.0.1:63710/session/9f44275e2f8bb631e08d1af8f021e03a/element] with body: {"value":"//div[@id='checkout_complete_container']/h2","using":"xpath"}
&amp#27;[38;5;32m[40b97d0b]&amp#27;[0m&amp#27;[38;5;89m[Chromedriver@bb90]&amp#27;[0m Got response with status 200: {"value":{"element-6066-11e4-a52e-4f735466cecf":"f.BD21F5E19BBD10B2B1B5122E3BBBBCAB.d.9ECE0C967DE87A659C971C37B555A9D1.e.514"}}
&amp#27;[38;5;32m[40b97d0b]&amp#27;[0m&amp#27;[38;5;86m[HTTP]&amp#27;[0m &amp#27;[37m<-- POST /session/40b97d0b-ba06-4cea-87b2-a33c146f5d8c/element &amp#27;[39m&amp#27;[32m200&amp#27;[39m &amp#27;[90m70 ms - 215&amp#27;[39m &amp#27;[90m&amp#27;[39m
&amp#27;[38;5;32m[40b97d0b]&amp#27;[0m&amp#27;[38;5;86m[HTTP]&amp#27;[0m &amp#27;[37m-->&amp#27;[39m &amp#27;[37mGET&amp#27;[39m &amp#27;[37m/session/40b97d0b-ba06-4cea-87b2-a33c146f5d8c/element/f.BD21F5E19BBD10B2B1B5122E3BBBBCAB.d.9ECE0C967DE87A659C971C37B555A9D1.e.514/displayed&amp#27;[39m &amp#27;[90m{}&amp#27;[39m
&amp#27;[38;5;32m[40b97d0b]&amp#27;[0m&amp#27;[38;5;-25m[AndroidUiautomator2Driver@21b9]&amp#27;[0m Driver proxy active, passing request on via HTTP proxy
&amp#27;[38;5;32m[40b97d0b]&amp#27;[0m&amp#27;[38;5;89m[Chromedriver@bb90]&amp#27;[0m Matched '/session/40b97d0b-ba06-4cea-87b2-a33c146f5d8c/element/f.BD21F5E19BBD10B2B1B5122E3BBBBCAB.d.9ECE0C967DE87A659C971C37B555A9D1.e.514/displayed' to command name 'elementDisplayed'
&amp#27;[38;5;32m[40b97d0b]&amp#27;[0m&amp#27;[38;5;89m[Chromedriver@bb90]&amp#27;[0m Proxying [GET /session/40b97d0b-ba06-4cea-87b2-a33c146f5d8c/element/f.BD21F5E19BBD10B2B1B5122E3BBBBCAB.d.9ECE0C967DE87A659C971C37B555A9D1.e.514/displayed] to [GET http://127.0.0.1:63710/session/9f44275e2f8bb631e08d1af8f021e03a/element/f.BD21F5E19BBD10B2B1B5122E3BBBBCAB.d.9ECE0C967DE87A659C971C37B555A9D1.e.514/displayed] with no body
&amp#27;[38;5;32m[40b97d0b]&amp#27;[0m&amp#27;[38;5;89m[Chromedriver@bb90]&amp#27;[0m Got response with status 200: {"value":true}
&amp#27;[38;5;32m[40b97d0b]&amp#27;[0m&amp#27;[38;5;86m[HTTP]&amp#27;[0m &amp#27;[37m<-- GET /session/40b97d0b-ba06-4cea-87b2-a33c146f5d8c/element/f.BD21F5E19BBD10B2B1B5122E3BBBBCAB.d.9ECE0C967DE87A659C971C37B555A9D1.e.514/displayed &amp#27;[39m&amp#27;[32m200&amp#27;[39m &amp#27;[90m66 ms - 14&amp#27;[39m &amp#27;[90m&amp#27;[39m
&amp#27;[38;5;32m[40b97d0b]&amp#27;[0m&amp#27;[38;5;86m[HTTP]&amp#27;[0m &amp#27;[37m-->&amp#27;[39m &amp#27;[37mPOST&amp#27;[39m &amp#27;[37m/session/40b97d0b-ba06-4cea-87b2-a33c146f5d8c/execute/sync&amp#27;[39m &amp#27;[90m{"args":[],"script":"return !!window.navigator;"}&amp#27;[39m
&amp#27;[38;5;32m[40b97d0b]&amp#27;[0m&amp#27;[38;5;-25m[AndroidUiautomator2Driver@21b9]&amp#27;[0m Calling AppiumDriver.execute() with args: ["return !!window.navigator;",[],"40b97d0b-ba06-4cea-87b2-a33c146f5d8c"]
&amp#27;[38;5;32m[40b97d0b]&amp#27;[0m&amp#27;[38;5;89m[Chromedriver@bb90]&amp#27;[0m Matched '/execute/sync' to command name 'execute'
&amp#27;[38;5;32m[40b97d0b]&amp#27;[0m&amp#27;[38;5;89m[Chromedriver@bb90]&amp#27;[0m Did not know how to rewrite the original URL '/execute/sync' for W3C protocol
&amp#27;[38;5;32m[40b97d0b]&amp#27;[0m&amp#27;[38;5;89m[Chromedriver@bb90]&amp#27;[0m Proxying [POST /execute/sync] to [POST http://127.0.0.1:63710/session/9f44275e2f8bb631e08d1af8f021e03a/execute/sync] with body: {"script":"return !!window.navigator;","args":[]}
&amp#27;[38;5;32m[40b97d0b]&amp#27;[0m&amp#27;[38;5;89m[Chromedriver@bb90]&amp#27;[0m Got response with status 200: {"value":true}
&amp#27;[38;5;32m[40b97d0b]&amp#27;[0m&amp#27;[38;5;-25m[AndroidUiautomator2Driver@21b9]&amp#27;[0m Responding to client with driver.execute() result: true
&amp#27;[38;5;32m[40b97d0b]&amp#27;[0m&amp#27;[38;5;86m[HTTP]&amp#27;[0m &amp#27;[37m<-- POST /session/40b97d0b-ba06-4cea-87b2-a33c146f5d8c/execute/sync &amp#27;[39m&amp#27;[32m200&amp#27;[39m &amp#27;[90m64 ms - 14&amp#27;[39m &amp#27;[90m&amp#27;[39m
&amp#27;[38;5;32m[40b97d0b]&amp#27;[0m&amp#27;[38;5;86m[HTTP]&amp#27;[0m &amp#27;[37m-->&amp#27;[39m &amp#27;[37mGET&amp#27;[39m &amp#27;[37m/session/40b97d0b-ba06-4cea-87b2-a33c146f5d8c/context&amp#27;[39m &amp#27;[90m{}&amp#27;[39m
&amp#27;[38;5;32m[40b97d0b]&amp#27;[0m&amp#27;[38;5;-25m[AndroidUiautomator2Driver@21b9]&amp#27;[0m Calling AppiumDriver.getCurrentContext() with args: ["40b97d0b-ba06-4cea-87b2-a33c146f5d8c"]
&amp#27;[38;5;32m[40b97d0b]&amp#27;[0m&amp#27;[38;5;-25m[AndroidUiautomator2Driver@21b9]&amp#27;[0m Responding to client with driver.getCurrentContext() result: "CHROMIUM"
&amp#27;[38;5;32m[40b97d0b]&amp#27;[0m&amp#27;[38;5;86m[HTTP]&amp#27;[0m &amp#27;[37m<-- GET /session/40b97d0b-ba06-4cea-87b2-a33c146f5d8c/context &amp#27;[39m&amp#27;[32m200&amp#27;[39m &amp#27;[90m2 ms - 20&amp#27;[39m &amp#27;[90m&amp#27;[39m
&amp#27;[38;5;32m[40b97d0b]&amp#27;[0m&amp#27;[38;5;86m[HTTP]&amp#27;[0m &amp#27;[37m-->&amp#27;[39m &amp#27;[37mPOST&amp#27;[39m &amp#27;[37m/session/40b97d0b-ba06-4cea-87b2-a33c146f5d8c/element&amp#27;[39m &amp#27;[90m{"value":"//div[@id='checkout_complete_container']/h2","using":"xpath"}&amp#27;[39m
&amp#27;[38;5;32m[40b97d0b]&amp#27;[0m&amp#27;[38;5;-25m[AndroidUiautomator2Driver@21b9]&amp#27;[0m Driver proxy active, passing request on via HTTP proxy
&amp#27;[38;5;32m[40b97d0b]&amp#27;[0m&amp#27;[38;5;89m[Chromedriver@bb90]&amp#27;[0m Matched '/session/40b97d0b-ba06-4cea-87b2-a33c146f5d8c/element' to command name 'findElement'
&amp#27;[38;5;32m[40b97d0b]&amp#27;[0m&amp#27;[38;5;89m[Chromedriver@bb90]&amp#27;[0m Proxying [POST /session/40b97d0b-ba06-4cea-87b2-a33c146f5d8c/element] to [POST http://127.0.0.1:63710/session/9f44275e2f8bb631e08d1af8f021e03a/element] with body: {"value":"//div[@id='checkout_complete_container']/h2","using":"xpath"}
&amp#27;[38;5;32m[40b97d0b]&amp#27;[0m&amp#27;[38;5;89m[Chromedriver@bb90]&amp#27;[0m Got response with status 200: {"value":{"element-6066-11e4-a52e-4f735466cecf":"f.BD21F5E19BBD10B2B1B5122E3BBBBCAB.d.9ECE0C967DE87A659C971C37B555A9D1.e.514"}}
&amp#27;[38;5;32m[40b97d0b]&amp#27;[0m&amp#27;[38;5;86m[HTTP]&amp#27;[0m &amp#27;[37m<-- POST /session/40b97d0b-ba06-4cea-87b2-a33c146f5d8c/element &amp#27;[39m&amp#27;[32m200&amp#27;[39m &amp#27;[90m76 ms - 215&amp#27;[39m &amp#27;[90m&amp#27;[39m
&amp#27;[38;5;32m[40b97d0b]&amp#27;[0m&amp#27;[38;5;86m[HTTP]&amp#27;[0m &amp#27;[37m-->&amp#27;[39m &amp#27;[37mGET&amp#27;[39m &amp#27;[37m/session/40b97d0b-ba06-4cea-87b2-a33c146f5d8c/element/f.BD21F5E19BBD10B2B1B5122E3BBBBCAB.d.9ECE0C967DE87A659C971C37B555A9D1.e.514/text&amp#27;[39m &amp#27;[90m{}&amp#27;[39m
&amp#27;[38;5;32m[40b97d0b]&amp#27;[0m&amp#27;[38;5;-25m[AndroidUiautomator2Driver@21b9]&amp#27;[0m Driver proxy active, passing request on via HTTP proxy
&amp#27;[38;5;32m[40b97d0b]&amp#27;[0m&amp#27;[38;5;89m[Chromedriver@bb90]&amp#27;[0m Matched '/session/40b97d0b-ba06-4cea-87b2-a33c146f5d8c/element/f.BD21F5E19BBD10B2B1B5122E3BBBBCAB.d.9ECE0C967DE87A659C971C37B555A9D1.e.514/text' to command name 'getText'
&amp#27;[38;5;32m[40b97d0b]&amp#27;[0m&amp#27;[38;5;89m[Chromedriver@bb90]&amp#27;[0m Proxying [GET /session/40b97d0b-ba06-4cea-87b2-a33c146f5d8c/element/f.BD21F5E19BBD10B2B1B5122E3BBBBCAB.d.9ECE0C967DE87A659C971C37B555A9D1.e.514/text] to [GET http://127.0.0.1:63710/session/9f44275e2f8bb631e08d1af8f021e03a/element/f.BD21F5E19BBD10B2B1B5122E3BBBBCAB.d.9ECE0C967DE87A659C971C37B555A9D1.e.514/text] with no body
&amp#27;[38;5;32m[40b97d0b]&amp#27;[0m&amp#27;[38;5;89m[Chromedriver@bb90]&amp#27;[0m Got response with status 200: {"value":"Thank you for your order!"}
&amp#27;[38;5;32m[40b97d0b]&amp#27;[0m&amp#27;[38;5;86m[HTTP]&amp#27;[0m &amp#27;[37m<-- GET /session/40b97d0b-ba06-4cea-87b2-a33c146f5d8c/element/f.BD21F5E19BBD10B2B1B5122E3BBBBCAB.d.9ECE0C967DE87A659C971C37B555A9D1.e.514/text &amp#27;[39m&amp#27;[32m200&amp#27;[39m &amp#27;[90m72 ms - 37&amp#27;[39m &amp#27;[90m&amp#27;[39m
]]></system-out>
    <system-err><![CDATA[SLF4J(W): No SLF4J providers were found.
SLF4J(W): Defaulting to no-operation (NOP) logger implementation
SLF4J(W): See https://www.slf4j.org/codes.html#noProviders for further details.
]]></system-err>
  </testcase>
</testsuite>