<?xml version="1.0" encoding="UTF-8"?>
<testng-results ignored="0" total="15" passed="15" failed="0" skipped="0">
  <reporter-output>
  </reporter-output>
  <suite started-at="2024-08-12T17:14:46 IST" name="Suite" finished-at="2024-08-12T17:15:30 IST" duration-ms="44333">
    <groups>
    </groups>
    <test started-at="2024-08-12T17:14:46 IST" name="Test" finished-at="2024-08-12T17:15:30 IST" duration-ms="44333">
      <class name="appium.com.testcases.CatalogPageTest">
        <test-method is-config="true" signature="setUp()[pri:0, instance:appium.com.testcases.CatalogPageTest@132ddbab]" started-at="2024-08-12T17:15:02 IST" name="setUp" finished-at="2024-08-12T17:15:02 IST" duration-ms="4" status="PASS">
          <reporter-output>
          </reporter-output>
        </test-method> <!-- setUp -->
        <test-method signature="addItemToCart()[pri:1, instance:appium.com.testcases.CatalogPageTest@132ddbab]" started-at="2024-08-12T17:15:02 IST" name="addItemToCart" finished-at="2024-08-12T17:15:04 IST" duration-ms="2362" status="PASS">
          <reporter-output>
          </reporter-output>
        </test-method> <!-- addItemToCart -->
        <test-method is-config="true" signature="setUp()[pri:0, instance:appium.com.testcases.CatalogPageTest@132ddbab]" started-at="2024-08-12T17:15:04 IST" name="setUp" finished-at="2024-08-12T17:15:04 IST" duration-ms="2" status="PASS">
          <reporter-output>
          </reporter-output>
        </test-method> <!-- setUp -->
        <test-method signature="goToCartPage()[pri:2, instance:appium.com.testcases.CatalogPageTest@132ddbab]" started-at="2024-08-12T17:15:04 IST" name="goToCartPage" finished-at="2024-08-12T17:15:07 IST" depends-on-methods="appium.com.testcases.CatalogPageTest.addItemToCart" duration-ms="3164" status="PASS">
          <reporter-output>
          </reporter-output>
        </test-method> <!-- goToCartPage -->
      </class> <!-- appium.com.testcases.CatalogPageTest -->
      <class name="appium.com.testcases.CartPageTest">
        <test-method is-config="true" signature="setUp()[pri:0, instance:appium.com.testcases.CartPageTest@297ea53a]" started-at="2024-08-12T17:15:07 IST" name="setUp" finished-at="2024-08-12T17:15:08 IST" duration-ms="60" status="PASS">
          <reporter-output>
          </reporter-output>
        </test-method> <!-- setUp -->
        <test-method signature="verifyTheCartForProduct()[pri:1, instance:appium.com.testcases.CartPageTest@297ea53a]" started-at="2024-08-12T17:15:08 IST" name="verifyTheCartForProduct" finished-at="2024-08-12T17:15:08 IST" duration-ms="218" status="PASS">
          <reporter-output>
          </reporter-output>
        </test-method> <!-- verifyTheCartForProduct -->
        <test-method is-config="true" signature="setUp()[pri:0, instance:appium.com.testcases.CartPageTest@297ea53a]" started-at="2024-08-12T17:15:08 IST" name="setUp" finished-at="2024-08-12T17:15:08 IST" duration-ms="23" status="PASS">
          <reporter-output>
          </reporter-output>
        </test-method> <!-- setUp -->
        <test-method signature="verifySumOfProductPrice()[pri:2, instance:appium.com.testcases.CartPageTest@297ea53a]" started-at="2024-08-12T17:15:08 IST" name="verifySumOfProductPrice" finished-at="2024-08-12T17:15:08 IST" depends-on-methods="appium.com.testcases.CartPageTest.verifyTheCartForProduct" duration-ms="157" status="PASS">
          <reporter-output>
          </reporter-output>
        </test-method> <!-- verifySumOfProductPrice -->
        <test-method is-config="true" signature="setUp()[pri:0, instance:appium.com.testcases.CartPageTest@297ea53a]" started-at="2024-08-12T17:15:08 IST" name="setUp" finished-at="2024-08-12T17:15:08 IST" duration-ms="20" status="PASS">
          <reporter-output>
          </reporter-output>
        </test-method> <!-- setUp -->
        <test-method signature="verifyTheTotalAmountDisplayed()[pri:3, instance:appium.com.testcases.CartPageTest@297ea53a]" started-at="2024-08-12T17:15:08 IST" name="verifyTheTotalAmountDisplayed" finished-at="2024-08-12T17:15:08 IST" depends-on-methods="appium.com.testcases.CartPageTest.verifySumOfProductPrice" duration-ms="53" status="PASS">
          <reporter-output>
          </reporter-output>
        </test-method> <!-- verifyTheTotalAmountDisplayed -->
        <test-method is-config="true" signature="setUp()[pri:0, instance:appium.com.testcases.CartPageTest@297ea53a]" started-at="2024-08-12T17:15:08 IST" name="setUp" finished-at="2024-08-12T17:15:08 IST" duration-ms="27" status="PASS">
          <reporter-output>
          </reporter-output>
        </test-method> <!-- setUp -->
        <test-method signature="verifyTermsAndConditions()[pri:4, instance:appium.com.testcases.CartPageTest@297ea53a]" started-at="2024-08-12T17:15:08 IST" name="verifyTermsAndConditions" finished-at="2024-08-12T17:15:12 IST" duration-ms="3721" status="PASS">
          <reporter-output>
          </reporter-output>
        </test-method> <!-- verifyTermsAndConditions -->
        <test-method is-config="true" signature="setUp()[pri:0, instance:appium.com.testcases.CartPageTest@297ea53a]" started-at="2024-08-12T17:15:12 IST" name="setUp" finished-at="2024-08-12T17:15:12 IST" duration-ms="24" status="PASS">
          <reporter-output>
          </reporter-output>
        </test-method> <!-- setUp -->
        <test-method signature="applyDiscount()[pri:5, instance:appium.com.testcases.CartPageTest@297ea53a]" started-at="2024-08-12T17:15:12 IST" name="applyDiscount" finished-at="2024-08-12T17:15:13 IST" duration-ms="698" status="PASS">
          <reporter-output>
          </reporter-output>
        </test-method> <!-- applyDiscount -->
        <test-method is-config="true" signature="setUp()[pri:0, instance:appium.com.testcases.CartPageTest@297ea53a]" started-at="2024-08-12T17:15:13 IST" name="setUp" finished-at="2024-08-12T17:15:13 IST" duration-ms="43" status="PASS">
          <reporter-output>
          </reporter-output>
        </test-method> <!-- setUp -->
        <test-method signature="placeOrder()[pri:6, instance:appium.com.testcases.CartPageTest@297ea53a]" started-at="2024-08-12T17:15:13 IST" name="placeOrder" finished-at="2024-08-12T17:15:23 IST" duration-ms="10879" status="PASS">
          <reporter-output>
          </reporter-output>
        </test-method> <!-- placeOrder -->
      </class> <!-- appium.com.testcases.CartPageTest -->
      <class name="appium.com.testcases.FormPageTest">
        <test-method is-config="true" signature="launchApplication()[pri:0, instance:appium.com.testcases.FormPageTest@107ed6fc]" started-at="2024-08-12T17:14:29 IST" name="launchApplication" finished-at="2024-08-12T17:14:46 IST" duration-ms="16628" status="PASS">
          <reporter-output>
          </reporter-output>
        </test-method> <!-- launchApplication -->
        <test-method is-config="true" signature="setUp()[pri:0, instance:appium.com.testcases.FormPageTest@107ed6fc]" started-at="2024-08-12T17:14:46 IST" name="setUp" finished-at="2024-08-12T17:14:47 IST" duration-ms="860" status="PASS">
          <reporter-output>
          </reporter-output>
        </test-method> <!-- setUp -->
        <test-method signature="selectCountry()[pri:1, instance:appium.com.testcases.FormPageTest@107ed6fc]" started-at="2024-08-12T17:14:47 IST" name="selectCountry" finished-at="2024-08-12T17:14:58 IST" duration-ms="11718" status="PASS">
          <reporter-output>
          </reporter-output>
        </test-method> <!-- selectCountry -->
        <test-method is-config="true" signature="setUp()[pri:0, instance:appium.com.testcases.FormPageTest@107ed6fc]" started-at="2024-08-12T17:14:58 IST" name="setUp" finished-at="2024-08-12T17:14:59 IST" duration-ms="97" status="PASS">
          <reporter-output>
          </reporter-output>
        </test-method> <!-- setUp -->
        <test-method signature="setName()[pri:2, instance:appium.com.testcases.FormPageTest@107ed6fc]" started-at="2024-08-12T17:14:59 IST" name="setName" finished-at="2024-08-12T17:15:00 IST" duration-ms="983" status="PASS">
          <reporter-output>
          </reporter-output>
        </test-method> <!-- setName -->
        <test-method is-config="true" signature="setUp()[pri:0, instance:appium.com.testcases.FormPageTest@107ed6fc]" started-at="2024-08-12T17:15:00 IST" name="setUp" finished-at="2024-08-12T17:15:00 IST" duration-ms="49" status="PASS">
          <reporter-output>
          </reporter-output>
        </test-method> <!-- setUp -->
        <test-method signature="selectGender()[pri:3, instance:appium.com.testcases.FormPageTest@107ed6fc]" started-at="2024-08-12T17:15:00 IST" name="selectGender" finished-at="2024-08-12T17:15:00 IST" duration-ms="272" status="PASS">
          <reporter-output>
          </reporter-output>
        </test-method> <!-- selectGender -->
        <test-method is-config="true" signature="setUp()[pri:0, instance:appium.com.testcases.FormPageTest@107ed6fc]" started-at="2024-08-12T17:15:00 IST" name="setUp" finished-at="2024-08-12T17:15:00 IST" duration-ms="100" status="PASS">
          <reporter-output>
          </reporter-output>
        </test-method> <!-- setUp -->
        <test-method signature="submitForm()[pri:4, instance:appium.com.testcases.FormPageTest@107ed6fc]" started-at="2024-08-12T17:15:00 IST" name="submitForm" finished-at="2024-08-12T17:15:02 IST" depends-on-methods="appium.com.testcases.FormPageTest.setName" duration-ms="1836" status="PASS">
          <reporter-output>
          </reporter-output>
        </test-method> <!-- submitForm -->
        <test-method is-config="true" signature="tearDown()[pri:0, instance:appium.com.testcases.FormPageTest@107ed6fc]" started-at="2024-08-12T17:15:31 IST" name="tearDown" finished-at="2024-08-12T17:15:32 IST" duration-ms="980" status="PASS">
          <reporter-output>
          </reporter-output>
        </test-method> <!-- tearDown -->
      </class> <!-- appium.com.testcases.FormPageTest -->
      <class name="appium.com.testcases.HybridAppTest">
        <test-method is-config="true" signature="setUp()[pri:0, instance:appium.com.testcases.HybridAppTest@acb0951]" started-at="2024-08-12T17:15:23 IST" name="setUp" finished-at="2024-08-12T17:15:24 IST" duration-ms="61" status="PASS">
          <reporter-output>
          </reporter-output>
        </test-method> <!-- setUp -->
        <test-method signature="switchContext()[pri:1, instance:appium.com.testcases.HybridAppTest@acb0951]" started-at="2024-08-12T17:15:24 IST" name="switchContext" finished-at="2024-08-12T17:15:26 IST" duration-ms="2304" status="PASS">
          <reporter-output>
          </reporter-output>
        </test-method> <!-- switchContext -->
        <test-method is-config="true" signature="setUp()[pri:0, instance:appium.com.testcases.HybridAppTest@acb0951]" started-at="2024-08-12T17:15:26 IST" name="setUp" finished-at="2024-08-12T17:15:26 IST" duration-ms="24" status="PASS">
          <reporter-output>
          </reporter-output>
        </test-method> <!-- setUp -->
        <test-method signature="performActionOnWeb()[pri:2, instance:appium.com.testcases.HybridAppTest@acb0951]" started-at="2024-08-12T17:15:26 IST" name="performActionOnWeb" finished-at="2024-08-12T17:15:27 IST" depends-on-methods="appium.com.testcases.HybridAppTest.switchContext" duration-ms="1571" status="PASS">
          <reporter-output>
          </reporter-output>
        </test-method> <!-- performActionOnWeb -->
        <test-method is-config="true" signature="setUp()[pri:0, instance:appium.com.testcases.HybridAppTest@acb0951]" started-at="2024-08-12T17:15:27 IST" name="setUp" finished-at="2024-08-12T17:15:27 IST" duration-ms="30" status="PASS">
          <reporter-output>
          </reporter-output>
        </test-method> <!-- setUp -->
        <test-method signature="switchBackToNative()[pri:3, instance:appium.com.testcases.HybridAppTest@acb0951]" started-at="2024-08-12T17:15:27 IST" name="switchBackToNative" finished-at="2024-08-12T17:15:30 IST" depends-on-methods="appium.com.testcases.HybridAppTest.performActionOnWeb" duration-ms="2604" status="PASS">
          <reporter-output>
          </reporter-output>
        </test-method> <!-- switchBackToNative -->
      </class> <!-- appium.com.testcases.HybridAppTest -->
    </test> <!-- Test -->
  </suite> <!-- Suite -->
</testng-results>
